<?xml version="1.0" encoding="UTF-8"?>
<TestRun id="1732296a-b2b1-4ed6-af3a-af756fcccda7" name="Jacob@MANTA 2014-02-14 11:28:26" runUser="MANTA\Jacob" xmlns="http://microsoft.com/schemas/VisualStudio/TeamTest/2010">
  <TestSettings name="Local" id="7c6903b5-04f0-4edb-852a-89e5b22e03f9">
    <Description>These are default test settings for a local test run.</Description>
    <Deployment enabled="false" runDeploymentRoot="Jacob_MANTA 2014-02-14 11_28_26">
      <DeploymentItem filename="C:\Users\Jacob\Documents\Visual Studio 2010\Projects\TTT_ClassLibrary\TTT_ClassLibrary\bin\Debug\TTT_ClassLibrary.dll" />
    </Deployment>
    <Execution>
      <TestTypeSpecific />
      <AgentRule name="Execution Agents">
      </AgentRule>
    </Execution>
  </TestSettings>
  <Times creation="2014-02-14T11:28:26.6634170-06:00" queuing="2014-02-14T11:28:26.6884719-06:00" start="2014-02-14T11:28:26.6934882-06:00" finish="2014-02-14T11:28:26.9236378-06:00" />
  <ResultSummary outcome="Completed">
    <Counters total="30" executed="30" passed="30" error="0" failed="0" timeout="0" aborted="0" inconclusive="0" passedButRunAborted="0" notRunnable="0" notExecuted="0" disconnected="0" warning="0" completed="0" inProgress="0" pending="0" />
  </ResultSummary>
  <TestDefinitions>
    <UnitTest name="AddPlayerShouldNotOverwritePlayers" storage="c:\users\jacob\documents\visual studio 2010\projects\ttt_classlibrary\tictactoetests\bin\debug\tictactoetests.dll" id="509e90fa-e375-3ac4-4f7b-80bf8c25c657">
      <Execution id="3c5ad861-2a26-4617-b957-1e04b4df8e52" />
      <TestMethod codeBase="C:/Users/Jacob/Documents/Visual Studio 2010/Projects/TTT_ClassLibrary/TicTacToeTests/bin/Debug/TicTacToeTests.DLL" adapterTypeName="Microsoft.VisualStudio.TestTools.TestTypes.Unit.UnitTestAdapter, Microsoft.VisualStudio.QualityTools.Tips.UnitTest.Adapter, Version=10.0.0.0, Culture=neutral, PublicKeyToken=b03f5f7f11d50a3a" className="TicTacToeTests.GameTest, TicTacToeTests, Version=1.0.0.0, Culture=neutral, PublicKeyToken=null" name="AddPlayerShouldNotOverwritePlayers" />
    </UnitTest>
    <UnitTest name="LogMoveShouldLogACreatedMove" storage="c:\users\jacob\documents\visual studio 2010\projects\ttt_classlibrary\tictactoetests\bin\debug\tictactoetests.dll" id="db1abdd6-8a26-8208-2578-47bc52c7c661">
      <Execution id="9d91e0f7-235c-4615-a55c-9697d83bbb0d" />
      <TestMethod codeBase="C:/Users/Jacob/Documents/Visual Studio 2010/Projects/TTT_ClassLibrary/TicTacToeTests/bin/Debug/TicTacToeTests.DLL" adapterTypeName="Microsoft.VisualStudio.TestTools.TestTypes.Unit.UnitTestAdapter, Microsoft.VisualStudio.QualityTools.Tips.UnitTest.Adapter, Version=10.0.0.0, Culture=neutral, PublicKeyToken=b03f5f7f11d50a3a" className="TicTacToeTests.BoardManagerTest, TicTacToeTests, Version=1.0.0.0, Culture=neutral, PublicKeyToken=null" name="LogMoveShouldLogACreatedMove" />
    </UnitTest>
    <UnitTest name="BoardManagerShouldBeAbleToCheckTheValidityOfAMove" storage="c:\users\jacob\documents\visual studio 2010\projects\ttt_classlibrary\tictactoetests\bin\debug\tictactoetests.dll" id="aae16033-deb4-9bfc-2533-fbfd5587148d">
      <Execution id="580a9d65-c901-48d7-93b3-3fa3aa30856d" />
      <TestMethod codeBase="C:/Users/Jacob/Documents/Visual Studio 2010/Projects/TTT_ClassLibrary/TicTacToeTests/bin/Debug/TicTacToeTests.DLL" adapterTypeName="Microsoft.VisualStudio.TestTools.TestTypes.Unit.UnitTestAdapter, Microsoft.VisualStudio.QualityTools.Tips.UnitTest.Adapter, Version=10.0.0.0, Culture=neutral, PublicKeyToken=b03f5f7f11d50a3a" className="TicTacToeTests.BoardManagerTest, TicTacToeTests, Version=1.0.0.0, Culture=neutral, PublicKeyToken=null" name="BoardManagerShouldBeAbleToCheckTheValidityOfAMove" />
    </UnitTest>
    <UnitTest name="GameShouldBeAbleToMakeMovesOnBehalfOfItsPlayers" storage="c:\users\jacob\documents\visual studio 2010\projects\ttt_classlibrary\tictactoetests\bin\debug\tictactoetests.dll" id="dac8381a-2b07-a506-832f-53fe9fd4076a">
      <Execution id="a5b6dc10-c26b-440b-b4e4-e7737e4cbb7a" />
      <TestMethod codeBase="C:/Users/Jacob/Documents/Visual Studio 2010/Projects/TTT_ClassLibrary/TicTacToeTests/bin/Debug/TicTacToeTests.DLL" adapterTypeName="Microsoft.VisualStudio.TestTools.TestTypes.Unit.UnitTestAdapter, Microsoft.VisualStudio.QualityTools.Tips.UnitTest.Adapter, Version=10.0.0.0, Culture=neutral, PublicKeyToken=b03f5f7f11d50a3a" className="TicTacToeTests.GameTest, TicTacToeTests, Version=1.0.0.0, Culture=neutral, PublicKeyToken=null" name="GameShouldBeAbleToMakeMovesOnBehalfOfItsPlayers" />
    </UnitTest>
    <UnitTest name="ShouldBeAbleToCreatePlayersForO" storage="c:\users\jacob\documents\visual studio 2010\projects\ttt_classlibrary\tictactoetests\bin\debug\tictactoetests.dll" id="4b28711c-31b6-7bcd-ac1e-7cb151c1f762">
      <Execution id="4fe8777f-3b6d-490f-9728-3da9f091a1f1" />
      <TestMethod codeBase="C:/Users/Jacob/Documents/Visual Studio 2010/Projects/TTT_ClassLibrary/TicTacToeTests/bin/Debug/TicTacToeTests.DLL" adapterTypeName="Microsoft.VisualStudio.TestTools.TestTypes.Unit.UnitTestAdapter, Microsoft.VisualStudio.QualityTools.Tips.UnitTest.Adapter, Version=10.0.0.0, Culture=neutral, PublicKeyToken=b03f5f7f11d50a3a" className="TicTacToeTests.HumanPlayerTest, TicTacToeTests, Version=1.0.0.0, Culture=neutral, PublicKeyToken=null" name="ShouldBeAbleToCreatePlayersForO" />
    </UnitTest>
    <UnitTest name="CheckForWinShouldReturnTrueIfThereAreThreeXsInARow" storage="c:\users\jacob\documents\visual studio 2010\projects\ttt_classlibrary\tictactoetests\bin\debug\tictactoetests.dll" id="1b98b33c-61f0-f856-5cfb-9b08461064bb">
      <Execution id="67d5a32b-696a-4c15-9b3f-c0b4f4940500" />
      <TestMethod codeBase="C:/Users/Jacob/Documents/Visual Studio 2010/Projects/TTT_ClassLibrary/TicTacToeTests/bin/Debug/TicTacToeTests.DLL" adapterTypeName="Microsoft.VisualStudio.TestTools.TestTypes.Unit.UnitTestAdapter, Microsoft.VisualStudio.QualityTools.Tips.UnitTest.Adapter, Version=10.0.0.0, Culture=neutral, PublicKeyToken=b03f5f7f11d50a3a" className="TicTacToeTests.BoardCheckerTest, TicTacToeTests, Version=1.0.0.0, Culture=neutral, PublicKeyToken=null" name="CheckForWinShouldReturnTrueIfThereAreThreeXsInARow" />
    </UnitTest>
    <UnitTest name="ConstructorShouldDefaultToX" storage="c:\users\jacob\documents\visual studio 2010\projects\ttt_classlibrary\tictactoetests\bin\debug\tictactoetests.dll" id="5796ba2d-0a22-8ee9-5ec5-effdc2680ab5">
      <Execution id="0692e212-836a-4867-8dca-63c7d06f00e7" />
      <TestMethod codeBase="C:/Users/Jacob/Documents/Visual Studio 2010/Projects/TTT_ClassLibrary/TicTacToeTests/bin/Debug/TicTacToeTests.DLL" adapterTypeName="Microsoft.VisualStudio.TestTools.TestTypes.Unit.UnitTestAdapter, Microsoft.VisualStudio.QualityTools.Tips.UnitTest.Adapter, Version=10.0.0.0, Culture=neutral, PublicKeyToken=b03f5f7f11d50a3a" className="TicTacToeTests.HumanPlayerTest, TicTacToeTests, Version=1.0.0.0, Culture=neutral, PublicKeyToken=null" name="ConstructorShouldDefaultToX" />
    </UnitTest>
    <UnitTest name="GameShouldBeAbleToGetBoardArray" storage="c:\users\jacob\documents\visual studio 2010\projects\ttt_classlibrary\tictactoetests\bin\debug\tictactoetests.dll" id="399e80f1-efc0-b120-1517-29eedd7de9cf">
      <Execution id="958e81fd-7e47-471b-96f1-266fc971f67d" />
      <TestMethod codeBase="C:/Users/Jacob/Documents/Visual Studio 2010/Projects/TTT_ClassLibrary/TicTacToeTests/bin/Debug/TicTacToeTests.DLL" adapterTypeName="Microsoft.VisualStudio.TestTools.TestTypes.Unit.UnitTestAdapter, Microsoft.VisualStudio.QualityTools.Tips.UnitTest.Adapter, Version=10.0.0.0, Culture=neutral, PublicKeyToken=b03f5f7f11d50a3a" className="TicTacToeTests.GameTest, TicTacToeTests, Version=1.0.0.0, Culture=neutral, PublicKeyToken=null" name="GameShouldBeAbleToGetBoardArray" />
    </UnitTest>
    <UnitTest name="GameShouldHaveTwoAIs" storage="c:\users\jacob\documents\visual studio 2010\projects\ttt_classlibrary\tictactoetests\bin\debug\tictactoetests.dll" id="9a6fa991-0417-a613-f3ed-5f76c5b3a166">
      <Execution id="0d99aec2-6baa-4fa6-a833-bc83959db82a" />
      <TestMethod codeBase="C:/Users/Jacob/Documents/Visual Studio 2010/Projects/TTT_ClassLibrary/TicTacToeTests/bin/Debug/TicTacToeTests.DLL" adapterTypeName="Microsoft.VisualStudio.TestTools.TestTypes.Unit.UnitTestAdapter, Microsoft.VisualStudio.QualityTools.Tips.UnitTest.Adapter, Version=10.0.0.0, Culture=neutral, PublicKeyToken=b03f5f7f11d50a3a" className="TicTacToeTests.GameTest, TicTacToeTests, Version=1.0.0.0, Culture=neutral, PublicKeyToken=null" name="GameShouldHaveTwoAIs" />
    </UnitTest>
    <UnitTest name="BoardManagerShouldKnowIfThereIsATie" storage="c:\users\jacob\documents\visual studio 2010\projects\ttt_classlibrary\tictactoetests\bin\debug\tictactoetests.dll" id="354fc1c2-7826-3d91-15c2-47a7701dfa6c">
      <Execution id="07bcbd9a-0e9f-4274-9f9c-b5b7a46a88fe" />
      <TestMethod codeBase="C:/Users/Jacob/Documents/Visual Studio 2010/Projects/TTT_ClassLibrary/TicTacToeTests/bin/Debug/TicTacToeTests.DLL" adapterTypeName="Microsoft.VisualStudio.TestTools.TestTypes.Unit.UnitTestAdapter, Microsoft.VisualStudio.QualityTools.Tips.UnitTest.Adapter, Version=10.0.0.0, Culture=neutral, PublicKeyToken=b03f5f7f11d50a3a" className="TicTacToeTests.BoardCheckerTest, TicTacToeTests, Version=1.0.0.0, Culture=neutral, PublicKeyToken=null" name="BoardManagerShouldKnowIfThereIsATie" />
    </UnitTest>
    <UnitTest name="GameManagerFullConstructorTest" storage="c:\users\jacob\documents\visual studio 2010\projects\ttt_classlibrary\tictactoetests\bin\debug\tictactoetests.dll" id="35867376-516b-bb80-39b8-b5134142b77c">
      <Execution id="958eb487-2d2b-4e39-bbe8-fde842745b6e" />
      <TestMethod codeBase="C:/Users/Jacob/Documents/Visual Studio 2010/Projects/TTT_ClassLibrary/TicTacToeTests/bin/Debug/TicTacToeTests.DLL" adapterTypeName="Microsoft.VisualStudio.TestTools.TestTypes.Unit.UnitTestAdapter, Microsoft.VisualStudio.QualityTools.Tips.UnitTest.Adapter, Version=10.0.0.0, Culture=neutral, PublicKeyToken=b03f5f7f11d50a3a" className="TicTacToeTests.GameTest, TicTacToeTests, Version=1.0.0.0, Culture=neutral, PublicKeyToken=null" name="GameManagerFullConstructorTest" />
    </UnitTest>
    <UnitTest name="GameManagerEmptyConstructorTest" storage="c:\users\jacob\documents\visual studio 2010\projects\ttt_classlibrary\tictactoetests\bin\debug\tictactoetests.dll" id="a5fc2ae8-ba62-1bf2-439e-77d73b85440f">
      <Execution id="2fc48acf-0717-4c21-95db-016bcefb42b1" />
      <TestMethod codeBase="C:/Users/Jacob/Documents/Visual Studio 2010/Projects/TTT_ClassLibrary/TicTacToeTests/bin/Debug/TicTacToeTests.DLL" adapterTypeName="Microsoft.VisualStudio.TestTools.TestTypes.Unit.UnitTestAdapter, Microsoft.VisualStudio.QualityTools.Tips.UnitTest.Adapter, Version=10.0.0.0, Culture=neutral, PublicKeyToken=b03f5f7f11d50a3a" className="TicTacToeTests.GameTest, TicTacToeTests, Version=1.0.0.0, Culture=neutral, PublicKeyToken=null" name="GameManagerEmptyConstructorTest" />
    </UnitTest>
    <UnitTest name="CreateNewBoardShouldCreateA3x3TTTBoard" storage="c:\users\jacob\documents\visual studio 2010\projects\ttt_classlibrary\tictactoetests\bin\debug\tictactoetests.dll" id="c08bc9e4-6f3f-c8c1-4824-e6ff27ed7b61">
      <Execution id="96015a85-2581-4563-80dd-0debac036629" />
      <TestMethod codeBase="C:/Users/Jacob/Documents/Visual Studio 2010/Projects/TTT_ClassLibrary/TicTacToeTests/bin/Debug/TicTacToeTests.DLL" adapterTypeName="Microsoft.VisualStudio.TestTools.TestTypes.Unit.UnitTestAdapter, Microsoft.VisualStudio.QualityTools.Tips.UnitTest.Adapter, Version=10.0.0.0, Culture=neutral, PublicKeyToken=b03f5f7f11d50a3a" className="TicTacToeTests.BoardManagerTest, TicTacToeTests, Version=1.0.0.0, Culture=neutral, PublicKeyToken=null" name="CreateNewBoardShouldCreateA3x3TTTBoard" />
    </UnitTest>
    <UnitTest name="ShouldNotBeAbleToMakeTwoPlayersWithIdenticalIdentities" storage="c:\users\jacob\documents\visual studio 2010\projects\ttt_classlibrary\tictactoetests\bin\debug\tictactoetests.dll" id="99795f50-df1d-e4ea-c081-b30bb5dcbc32">
      <Execution id="f7f6872b-3187-46ca-b0f4-4fc69f554d50" />
      <TestMethod codeBase="C:/Users/Jacob/Documents/Visual Studio 2010/Projects/TTT_ClassLibrary/TicTacToeTests/bin/Debug/TicTacToeTests.DLL" adapterTypeName="Microsoft.VisualStudio.TestTools.TestTypes.Unit.UnitTestAdapter, Microsoft.VisualStudio.QualityTools.Tips.UnitTest.Adapter, Version=10.0.0.0, Culture=neutral, PublicKeyToken=b03f5f7f11d50a3a" className="TicTacToeTests.GameTest, TicTacToeTests, Version=1.0.0.0, Culture=neutral, PublicKeyToken=null" name="ShouldNotBeAbleToMakeTwoPlayersWithIdenticalIdentities" />
    </UnitTest>
    <UnitTest name="MakeMoveShouldMakeACreatedMove" storage="c:\users\jacob\documents\visual studio 2010\projects\ttt_classlibrary\tictactoetests\bin\debug\tictactoetests.dll" id="0aff7c26-8441-3caa-a0cf-bf0199fb6a21">
      <Execution id="deebb161-82b6-44e9-9523-ac154dc80360" />
      <TestMethod codeBase="C:/Users/Jacob/Documents/Visual Studio 2010/Projects/TTT_ClassLibrary/TicTacToeTests/bin/Debug/TicTacToeTests.DLL" adapterTypeName="Microsoft.VisualStudio.TestTools.TestTypes.Unit.UnitTestAdapter, Microsoft.VisualStudio.QualityTools.Tips.UnitTest.Adapter, Version=10.0.0.0, Culture=neutral, PublicKeyToken=b03f5f7f11d50a3a" className="TicTacToeTests.HumanPlayerTest, TicTacToeTests, Version=1.0.0.0, Culture=neutral, PublicKeyToken=null" name="MakeMoveShouldMakeACreatedMove" />
    </UnitTest>
    <UnitTest name="CheckForWinShouldReturnTrueIfThereAreThreeOsInARow" storage="c:\users\jacob\documents\visual studio 2010\projects\ttt_classlibrary\tictactoetests\bin\debug\tictactoetests.dll" id="ce84697a-d830-63f0-40aa-89c3346e8066">
      <Execution id="716eeb13-8264-4803-af11-a5d4f889b46a" />
      <TestMethod codeBase="C:/Users/Jacob/Documents/Visual Studio 2010/Projects/TTT_ClassLibrary/TicTacToeTests/bin/Debug/TicTacToeTests.DLL" adapterTypeName="Microsoft.VisualStudio.TestTools.TestTypes.Unit.UnitTestAdapter, Microsoft.VisualStudio.QualityTools.Tips.UnitTest.Adapter, Version=10.0.0.0, Culture=neutral, PublicKeyToken=b03f5f7f11d50a3a" className="TicTacToeTests.BoardCheckerTest, TicTacToeTests, Version=1.0.0.0, Culture=neutral, PublicKeyToken=null" name="CheckForWinShouldReturnTrueIfThereAreThreeOsInARow" />
    </UnitTest>
    <UnitTest name="ComputerAIConstructorTest" storage="c:\users\jacob\documents\visual studio 2010\projects\ttt_classlibrary\tictactoetests\bin\debug\tictactoetests.dll" id="c6a92652-6ab0-4762-625e-de206ba4d88a">
      <Execution id="f7b0ab5b-6ae9-4fd1-8f34-69ba9c6a0d57" />
      <TestMethod codeBase="C:/Users/Jacob/Documents/Visual Studio 2010/Projects/TTT_ClassLibrary/TicTacToeTests/bin/Debug/TicTacToeTests.DLL" adapterTypeName="Microsoft.VisualStudio.TestTools.TestTypes.Unit.UnitTestAdapter, Microsoft.VisualStudio.QualityTools.Tips.UnitTest.Adapter, Version=10.0.0.0, Culture=neutral, PublicKeyToken=b03f5f7f11d50a3a" className="TicTacToeTests.ComputerAITest, TicTacToeTests, Version=1.0.0.0, Culture=neutral, PublicKeyToken=null" name="ComputerAIConstructorTest" />
    </UnitTest>
    <UnitTest name="GameShouldBeAbleToLogAIMoves" storage="c:\users\jacob\documents\visual studio 2010\projects\ttt_classlibrary\tictactoetests\bin\debug\tictactoetests.dll" id="cf6ebb22-f29b-1023-83f4-4edde1f01a77">
      <Execution id="e82fec7d-78ef-4701-99c1-4eb270bce52a" />
      <TestMethod codeBase="C:/Users/Jacob/Documents/Visual Studio 2010/Projects/TTT_ClassLibrary/TicTacToeTests/bin/Debug/TicTacToeTests.DLL" adapterTypeName="Microsoft.VisualStudio.TestTools.TestTypes.Unit.UnitTestAdapter, Microsoft.VisualStudio.QualityTools.Tips.UnitTest.Adapter, Version=10.0.0.0, Culture=neutral, PublicKeyToken=b03f5f7f11d50a3a" className="TicTacToeTests.GameTest, TicTacToeTests, Version=1.0.0.0, Culture=neutral, PublicKeyToken=null" name="GameShouldBeAbleToLogAIMoves" />
    </UnitTest>
    <UnitTest name="GetRandomMoveShouldReturnARandomMoveFromAvailableSpaces" storage="c:\users\jacob\documents\visual studio 2010\projects\ttt_classlibrary\tictactoetests\bin\debug\tictactoetests.dll" id="3acbb4e3-a054-f565-e60a-1a68c1f94e42">
      <Execution id="0aa3f74d-3f7c-415d-a994-d9044f4b0873" />
      <TestMethod codeBase="C:/Users/Jacob/Documents/Visual Studio 2010/Projects/TTT_ClassLibrary/TicTacToeTests/bin/Debug/TicTacToeTests.DLL" adapterTypeName="Microsoft.VisualStudio.TestTools.TestTypes.Unit.UnitTestAdapter, Microsoft.VisualStudio.QualityTools.Tips.UnitTest.Adapter, Version=10.0.0.0, Culture=neutral, PublicKeyToken=b03f5f7f11d50a3a" className="TicTacToeTests.ComputerAITest, TicTacToeTests, Version=1.0.0.0, Culture=neutral, PublicKeyToken=null" name="GetRandomMoveShouldReturnARandomMoveFromAvailableSpaces" />
    </UnitTest>
    <UnitTest name="PresentationManagerShouldBeAbleToPromptUsers" storage="c:\users\jacob\documents\visual studio 2010\projects\ttt_classlibrary\tictactoetests\bin\debug\tictactoetests.dll" id="b69cb284-0369-ad5b-7e94-54bf0d72caea">
      <Execution id="1514dc28-406a-47f5-abe6-4e29f517723f" />
      <TestMethod codeBase="C:/Users/Jacob/Documents/Visual Studio 2010/Projects/TTT_ClassLibrary/TicTacToeTests/bin/Debug/TicTacToeTests.DLL" adapterTypeName="Microsoft.VisualStudio.TestTools.TestTypes.Unit.UnitTestAdapter, Microsoft.VisualStudio.QualityTools.Tips.UnitTest.Adapter, Version=10.0.0.0, Culture=neutral, PublicKeyToken=b03f5f7f11d50a3a" className="TicTacToeTests.PresentationManagerTest, TicTacToeTests, Version=1.0.0.0, Culture=neutral, PublicKeyToken=null" name="PresentationManagerShouldBeAbleToPromptUsers" />
    </UnitTest>
    <UnitTest name="BoardManagerConstructorTest" storage="c:\users\jacob\documents\visual studio 2010\projects\ttt_classlibrary\tictactoetests\bin\debug\tictactoetests.dll" id="6c8d9547-9cf5-ce30-f528-0d7f7a2b20ed">
      <Execution id="22b52834-9bd5-4b4f-b33e-4fc6edc2e3ff" />
      <TestMethod codeBase="C:/Users/Jacob/Documents/Visual Studio 2010/Projects/TTT_ClassLibrary/TicTacToeTests/bin/Debug/TicTacToeTests.DLL" adapterTypeName="Microsoft.VisualStudio.TestTools.TestTypes.Unit.UnitTestAdapter, Microsoft.VisualStudio.QualityTools.Tips.UnitTest.Adapter, Version=10.0.0.0, Culture=neutral, PublicKeyToken=b03f5f7f11d50a3a" className="TicTacToeTests.BoardManagerTest, TicTacToeTests, Version=1.0.0.0, Culture=neutral, PublicKeyToken=null" name="BoardManagerConstructorTest" />
    </UnitTest>
    <UnitTest name="ShouldBeAbleToAddPlayers" storage="c:\users\jacob\documents\visual studio 2010\projects\ttt_classlibrary\tictactoetests\bin\debug\tictactoetests.dll" id="b4586cda-b738-193f-c577-a6f50aeccc3a">
      <Execution id="f5a1e66a-472f-4184-a463-16c51a9ce364" />
      <TestMethod codeBase="C:/Users/Jacob/Documents/Visual Studio 2010/Projects/TTT_ClassLibrary/TicTacToeTests/bin/Debug/TicTacToeTests.DLL" adapterTypeName="Microsoft.VisualStudio.TestTools.TestTypes.Unit.UnitTestAdapter, Microsoft.VisualStudio.QualityTools.Tips.UnitTest.Adapter, Version=10.0.0.0, Culture=neutral, PublicKeyToken=b03f5f7f11d50a3a" className="TicTacToeTests.GameTest, TicTacToeTests, Version=1.0.0.0, Culture=neutral, PublicKeyToken=null" name="ShouldBeAbleToAddPlayers" />
    </UnitTest>
    <UnitTest name="GameShouldBeAbleToLogMoves" storage="c:\users\jacob\documents\visual studio 2010\projects\ttt_classlibrary\tictactoetests\bin\debug\tictactoetests.dll" id="ff28ecd5-0eb2-e304-22ce-a481dbcde59f">
      <Execution id="98dcc08e-a7b9-4ac8-957d-b6413b3a9905" />
      <TestMethod codeBase="C:/Users/Jacob/Documents/Visual Studio 2010/Projects/TTT_ClassLibrary/TicTacToeTests/bin/Debug/TicTacToeTests.DLL" adapterTypeName="Microsoft.VisualStudio.TestTools.TestTypes.Unit.UnitTestAdapter, Microsoft.VisualStudio.QualityTools.Tips.UnitTest.Adapter, Version=10.0.0.0, Culture=neutral, PublicKeyToken=b03f5f7f11d50a3a" className="TicTacToeTests.GameTest, TicTacToeTests, Version=1.0.0.0, Culture=neutral, PublicKeyToken=null" name="GameShouldBeAbleToLogMoves" />
    </UnitTest>
    <UnitTest name="ResetGameShouldBlankAllValues" storage="c:\users\jacob\documents\visual studio 2010\projects\ttt_classlibrary\tictactoetests\bin\debug\tictactoetests.dll" id="cfec85fe-66e0-7ac6-d646-59d7a9bc5243">
      <Execution id="cd4afef6-66ff-4a7a-a727-798cfb0a98bc" />
      <TestMethod codeBase="C:/Users/Jacob/Documents/Visual Studio 2010/Projects/TTT_ClassLibrary/TicTacToeTests/bin/Debug/TicTacToeTests.DLL" adapterTypeName="Microsoft.VisualStudio.TestTools.TestTypes.Unit.UnitTestAdapter, Microsoft.VisualStudio.QualityTools.Tips.UnitTest.Adapter, Version=10.0.0.0, Culture=neutral, PublicKeyToken=b03f5f7f11d50a3a" className="TicTacToeTests.GameTest, TicTacToeTests, Version=1.0.0.0, Culture=neutral, PublicKeyToken=null" name="ResetGameShouldBlankAllValues" />
    </UnitTest>
    <UnitTest name="LogMoveShouldNotOverwriteMoves" storage="c:\users\jacob\documents\visual studio 2010\projects\ttt_classlibrary\tictactoetests\bin\debug\tictactoetests.dll" id="294e4ab6-24bc-09e2-f2c4-e404bcd8ca74">
      <Execution id="b693d79d-3ae0-4f3f-9422-398464aa8033" />
      <TestMethod codeBase="C:/Users/Jacob/Documents/Visual Studio 2010/Projects/TTT_ClassLibrary/TicTacToeTests/bin/Debug/TicTacToeTests.DLL" adapterTypeName="Microsoft.VisualStudio.TestTools.TestTypes.Unit.UnitTestAdapter, Microsoft.VisualStudio.QualityTools.Tips.UnitTest.Adapter, Version=10.0.0.0, Culture=neutral, PublicKeyToken=b03f5f7f11d50a3a" className="TicTacToeTests.BoardManagerTest, TicTacToeTests, Version=1.0.0.0, Culture=neutral, PublicKeyToken=null" name="LogMoveShouldNotOverwriteMoves" />
    </UnitTest>
    <UnitTest name="GameShouldBeAbleToCheckAMovesValidity" storage="c:\users\jacob\documents\visual studio 2010\projects\ttt_classlibrary\tictactoetests\bin\debug\tictactoetests.dll" id="5e9274aa-9856-4b9d-3df4-a0d60e1aa29a">
      <Execution id="7c30abad-0b59-40fc-b291-47625c3cb6ef" />
      <TestMethod codeBase="C:/Users/Jacob/Documents/Visual Studio 2010/Projects/TTT_ClassLibrary/TicTacToeTests/bin/Debug/TicTacToeTests.DLL" adapterTypeName="Microsoft.VisualStudio.TestTools.TestTypes.Unit.UnitTestAdapter, Microsoft.VisualStudio.QualityTools.Tips.UnitTest.Adapter, Version=10.0.0.0, Culture=neutral, PublicKeyToken=b03f5f7f11d50a3a" className="TicTacToeTests.GameTest, TicTacToeTests, Version=1.0.0.0, Culture=neutral, PublicKeyToken=null" name="GameShouldBeAbleToCheckAMovesValidity" />
    </UnitTest>
    <UnitTest name="GameManagerConstructorTest" storage="c:\users\jacob\documents\visual studio 2010\projects\ttt_classlibrary\tictactoetests\bin\debug\tictactoetests.dll" id="358726f6-a8ae-8a83-e103-c1311aaff0fd">
      <Execution id="2546eafe-6e1c-40ba-a312-3d96b254140c" />
      <TestMethod codeBase="C:/Users/Jacob/Documents/Visual Studio 2010/Projects/TTT_ClassLibrary/TicTacToeTests/bin/Debug/TicTacToeTests.DLL" adapterTypeName="Microsoft.VisualStudio.TestTools.TestTypes.Unit.UnitTestAdapter, Microsoft.VisualStudio.QualityTools.Tips.UnitTest.Adapter, Version=10.0.0.0, Culture=neutral, PublicKeyToken=b03f5f7f11d50a3a" className="TicTacToeTests.GameManagerTest, TicTacToeTests, Version=1.0.0.0, Culture=neutral, PublicKeyToken=null" name="GameManagerConstructorTest" />
    </UnitTest>
    <UnitTest name="AddPlayerWontInputMoreThanTwoPlayers" storage="c:\users\jacob\documents\visual studio 2010\projects\ttt_classlibrary\tictactoetests\bin\debug\tictactoetests.dll" id="942d27be-4956-2462-c253-fa6c40270118">
      <Execution id="4887228b-0b37-47a3-ae1a-195383d1e902" />
      <TestMethod codeBase="C:/Users/Jacob/Documents/Visual Studio 2010/Projects/TTT_ClassLibrary/TicTacToeTests/bin/Debug/TicTacToeTests.DLL" adapterTypeName="Microsoft.VisualStudio.TestTools.TestTypes.Unit.UnitTestAdapter, Microsoft.VisualStudio.QualityTools.Tips.UnitTest.Adapter, Version=10.0.0.0, Culture=neutral, PublicKeyToken=b03f5f7f11d50a3a" className="TicTacToeTests.GameTest, TicTacToeTests, Version=1.0.0.0, Culture=neutral, PublicKeyToken=null" name="AddPlayerWontInputMoreThanTwoPlayers" />
    </UnitTest>
    <UnitTest name="RewritePlayerWillRewritePlayers" storage="c:\users\jacob\documents\visual studio 2010\projects\ttt_classlibrary\tictactoetests\bin\debug\tictactoetests.dll" id="4a5d0dc1-d13a-483c-f7b7-2695d82834df">
      <Execution id="00415c85-2723-4198-bdb2-8908bff5c978" />
      <TestMethod codeBase="C:/Users/Jacob/Documents/Visual Studio 2010/Projects/TTT_ClassLibrary/TicTacToeTests/bin/Debug/TicTacToeTests.DLL" adapterTypeName="Microsoft.VisualStudio.TestTools.TestTypes.Unit.UnitTestAdapter, Microsoft.VisualStudio.QualityTools.Tips.UnitTest.Adapter, Version=10.0.0.0, Culture=neutral, PublicKeyToken=b03f5f7f11d50a3a" className="TicTacToeTests.GameTest, TicTacToeTests, Version=1.0.0.0, Culture=neutral, PublicKeyToken=null" name="RewritePlayerWillRewritePlayers" />
    </UnitTest>
    <UnitTest name="PresentationManagerShouldBeAbleToPrintTheBoard" storage="c:\users\jacob\documents\visual studio 2010\projects\ttt_classlibrary\tictactoetests\bin\debug\tictactoetests.dll" id="6bab6699-9713-b238-5a17-ef14efca37b0">
      <Execution id="05af5c0b-d8ce-49d4-b65f-a18ed65b963f" />
      <TestMethod codeBase="C:/Users/Jacob/Documents/Visual Studio 2010/Projects/TTT_ClassLibrary/TicTacToeTests/bin/Debug/TicTacToeTests.DLL" adapterTypeName="Microsoft.VisualStudio.TestTools.TestTypes.Unit.UnitTestAdapter, Microsoft.VisualStudio.QualityTools.Tips.UnitTest.Adapter, Version=10.0.0.0, Culture=neutral, PublicKeyToken=b03f5f7f11d50a3a" className="TicTacToeTests.PresentationManagerTest, TicTacToeTests, Version=1.0.0.0, Culture=neutral, PublicKeyToken=null" name="PresentationManagerShouldBeAbleToPrintTheBoard" />
    </UnitTest>
  </TestDefinitions>
  <TestLists>
    <TestList name="Results Not in a List" id="8c84fa94-04c1-424b-9868-57a2d4851a1d" />
    <TestList name="All Loaded Results" id="19431567-8539-422a-85d7-44ee4e166bda" />
  </TestLists>
  <TestEntries>
    <TestEntry testId="294e4ab6-24bc-09e2-f2c4-e404bcd8ca74" executionId="b693d79d-3ae0-4f3f-9422-398464aa8033" testListId="8c84fa94-04c1-424b-9868-57a2d4851a1d" />
    <TestEntry testId="4a5d0dc1-d13a-483c-f7b7-2695d82834df" executionId="00415c85-2723-4198-bdb2-8908bff5c978" testListId="8c84fa94-04c1-424b-9868-57a2d4851a1d" />
    <TestEntry testId="aae16033-deb4-9bfc-2533-fbfd5587148d" executionId="580a9d65-c901-48d7-93b3-3fa3aa30856d" testListId="8c84fa94-04c1-424b-9868-57a2d4851a1d" />
    <TestEntry testId="9a6fa991-0417-a613-f3ed-5f76c5b3a166" executionId="0d99aec2-6baa-4fa6-a833-bc83959db82a" testListId="8c84fa94-04c1-424b-9868-57a2d4851a1d" />
    <TestEntry testId="942d27be-4956-2462-c253-fa6c40270118" executionId="4887228b-0b37-47a3-ae1a-195383d1e902" testListId="8c84fa94-04c1-424b-9868-57a2d4851a1d" />
    <TestEntry testId="3acbb4e3-a054-f565-e60a-1a68c1f94e42" executionId="0aa3f74d-3f7c-415d-a994-d9044f4b0873" testListId="8c84fa94-04c1-424b-9868-57a2d4851a1d" />
    <TestEntry testId="c08bc9e4-6f3f-c8c1-4824-e6ff27ed7b61" executionId="96015a85-2581-4563-80dd-0debac036629" testListId="8c84fa94-04c1-424b-9868-57a2d4851a1d" />
    <TestEntry testId="358726f6-a8ae-8a83-e103-c1311aaff0fd" executionId="2546eafe-6e1c-40ba-a312-3d96b254140c" testListId="8c84fa94-04c1-424b-9868-57a2d4851a1d" />
    <TestEntry testId="99795f50-df1d-e4ea-c081-b30bb5dcbc32" executionId="f7f6872b-3187-46ca-b0f4-4fc69f554d50" testListId="8c84fa94-04c1-424b-9868-57a2d4851a1d" />
    <TestEntry testId="509e90fa-e375-3ac4-4f7b-80bf8c25c657" executionId="3c5ad861-2a26-4617-b957-1e04b4df8e52" testListId="8c84fa94-04c1-424b-9868-57a2d4851a1d" />
    <TestEntry testId="35867376-516b-bb80-39b8-b5134142b77c" executionId="958eb487-2d2b-4e39-bbe8-fde842745b6e" testListId="8c84fa94-04c1-424b-9868-57a2d4851a1d" />
    <TestEntry testId="ce84697a-d830-63f0-40aa-89c3346e8066" executionId="716eeb13-8264-4803-af11-a5d4f889b46a" testListId="8c84fa94-04c1-424b-9868-57a2d4851a1d" />
    <TestEntry testId="5e9274aa-9856-4b9d-3df4-a0d60e1aa29a" executionId="7c30abad-0b59-40fc-b291-47625c3cb6ef" testListId="8c84fa94-04c1-424b-9868-57a2d4851a1d" />
    <TestEntry testId="0aff7c26-8441-3caa-a0cf-bf0199fb6a21" executionId="deebb161-82b6-44e9-9523-ac154dc80360" testListId="8c84fa94-04c1-424b-9868-57a2d4851a1d" />
    <TestEntry testId="ff28ecd5-0eb2-e304-22ce-a481dbcde59f" executionId="98dcc08e-a7b9-4ac8-957d-b6413b3a9905" testListId="8c84fa94-04c1-424b-9868-57a2d4851a1d" />
    <TestEntry testId="5796ba2d-0a22-8ee9-5ec5-effdc2680ab5" executionId="0692e212-836a-4867-8dca-63c7d06f00e7" testListId="8c84fa94-04c1-424b-9868-57a2d4851a1d" />
    <TestEntry testId="1b98b33c-61f0-f856-5cfb-9b08461064bb" executionId="67d5a32b-696a-4c15-9b3f-c0b4f4940500" testListId="8c84fa94-04c1-424b-9868-57a2d4851a1d" />
    <TestEntry testId="6bab6699-9713-b238-5a17-ef14efca37b0" executionId="05af5c0b-d8ce-49d4-b65f-a18ed65b963f" testListId="8c84fa94-04c1-424b-9868-57a2d4851a1d" />
    <TestEntry testId="4b28711c-31b6-7bcd-ac1e-7cb151c1f762" executionId="4fe8777f-3b6d-490f-9728-3da9f091a1f1" testListId="8c84fa94-04c1-424b-9868-57a2d4851a1d" />
    <TestEntry testId="a5fc2ae8-ba62-1bf2-439e-77d73b85440f" executionId="2fc48acf-0717-4c21-95db-016bcefb42b1" testListId="8c84fa94-04c1-424b-9868-57a2d4851a1d" />
    <TestEntry testId="b69cb284-0369-ad5b-7e94-54bf0d72caea" executionId="1514dc28-406a-47f5-abe6-4e29f517723f" testListId="8c84fa94-04c1-424b-9868-57a2d4851a1d" />
    <TestEntry testId="cf6ebb22-f29b-1023-83f4-4edde1f01a77" executionId="e82fec7d-78ef-4701-99c1-4eb270bce52a" testListId="8c84fa94-04c1-424b-9868-57a2d4851a1d" />
    <TestEntry testId="dac8381a-2b07-a506-832f-53fe9fd4076a" executionId="a5b6dc10-c26b-440b-b4e4-e7737e4cbb7a" testListId="8c84fa94-04c1-424b-9868-57a2d4851a1d" />
    <TestEntry testId="c6a92652-6ab0-4762-625e-de206ba4d88a" executionId="f7b0ab5b-6ae9-4fd1-8f34-69ba9c6a0d57" testListId="8c84fa94-04c1-424b-9868-57a2d4851a1d" />
    <TestEntry testId="6c8d9547-9cf5-ce30-f528-0d7f7a2b20ed" executionId="22b52834-9bd5-4b4f-b33e-4fc6edc2e3ff" testListId="8c84fa94-04c1-424b-9868-57a2d4851a1d" />
    <TestEntry testId="cfec85fe-66e0-7ac6-d646-59d7a9bc5243" executionId="cd4afef6-66ff-4a7a-a727-798cfb0a98bc" testListId="8c84fa94-04c1-424b-9868-57a2d4851a1d" />
    <TestEntry testId="399e80f1-efc0-b120-1517-29eedd7de9cf" executionId="958e81fd-7e47-471b-96f1-266fc971f67d" testListId="8c84fa94-04c1-424b-9868-57a2d4851a1d" />
    <TestEntry testId="b4586cda-b738-193f-c577-a6f50aeccc3a" executionId="f5a1e66a-472f-4184-a463-16c51a9ce364" testListId="8c84fa94-04c1-424b-9868-57a2d4851a1d" />
    <TestEntry testId="db1abdd6-8a26-8208-2578-47bc52c7c661" executionId="9d91e0f7-235c-4615-a55c-9697d83bbb0d" testListId="8c84fa94-04c1-424b-9868-57a2d4851a1d" />
    <TestEntry testId="354fc1c2-7826-3d91-15c2-47a7701dfa6c" executionId="07bcbd9a-0e9f-4274-9f9c-b5b7a46a88fe" testListId="8c84fa94-04c1-424b-9868-57a2d4851a1d" />
  </TestEntries>
  <Results>
    <UnitTestResult executionId="b693d79d-3ae0-4f3f-9422-398464aa8033" testId="294e4ab6-24bc-09e2-f2c4-e404bcd8ca74" testName="LogMoveShouldNotOverwriteMoves" computerName="MANTA" duration="00:00:00.0100532" startTime="2014-02-14T11:28:26.6954772-06:00" endTime="2014-02-14T11:28:26.8165622-06:00" testType="13cdc9d9-ddb5-4fa4-a97d-d965ccfc6d4b" outcome="Passed" testListId="8c84fa94-04c1-424b-9868-57a2d4851a1d" relativeResultsDirectory="b693d79d-3ae0-4f3f-9422-398464aa8033">
    </UnitTestResult>
    <UnitTestResult executionId="00415c85-2723-4198-bdb2-8908bff5c978" testId="4a5d0dc1-d13a-483c-f7b7-2695d82834df" testName="RewritePlayerWillRewritePlayers" computerName="MANTA" duration="00:00:00.0010220" startTime="2014-02-14T11:28:26.8165622-06:00" endTime="2014-02-14T11:28:26.8205651-06:00" testType="13cdc9d9-ddb5-4fa4-a97d-d965ccfc6d4b" outcome="Passed" testListId="8c84fa94-04c1-424b-9868-57a2d4851a1d" relativeResultsDirectory="00415c85-2723-4198-bdb2-8908bff5c978">
    </UnitTestResult>
    <UnitTestResult executionId="580a9d65-c901-48d7-93b3-3fa3aa30856d" testId="aae16033-deb4-9bfc-2533-fbfd5587148d" testName="BoardManagerShouldBeAbleToCheckTheValidityOfAMove" computerName="MANTA" duration="00:00:00.0002664" startTime="2014-02-14T11:28:26.8215658-06:00" endTime="2014-02-14T11:28:26.8235680-06:00" testType="13cdc9d9-ddb5-4fa4-a97d-d965ccfc6d4b" outcome="Passed" testListId="8c84fa94-04c1-424b-9868-57a2d4851a1d" relativeResultsDirectory="580a9d65-c901-48d7-93b3-3fa3aa30856d">
    </UnitTestResult>
    <UnitTestResult executionId="0d99aec2-6baa-4fa6-a833-bc83959db82a" testId="9a6fa991-0417-a613-f3ed-5f76c5b3a166" testName="GameShouldHaveTwoAIs" computerName="MANTA" duration="00:00:00.0009853" startTime="2014-02-14T11:28:26.8245688-06:00" endTime="2014-02-14T11:28:26.8285711-06:00" testType="13cdc9d9-ddb5-4fa4-a97d-d965ccfc6d4b" outcome="Passed" testListId="8c84fa94-04c1-424b-9868-57a2d4851a1d" relativeResultsDirectory="0d99aec2-6baa-4fa6-a833-bc83959db82a">
    </UnitTestResult>
    <UnitTestResult executionId="4887228b-0b37-47a3-ae1a-195383d1e902" testId="942d27be-4956-2462-c253-fa6c40270118" testName="AddPlayerWontInputMoreThanTwoPlayers" computerName="MANTA" duration="00:00:00.0002193" startTime="2014-02-14T11:28:26.8285711-06:00" endTime="2014-02-14T11:28:26.8315737-06:00" testType="13cdc9d9-ddb5-4fa4-a97d-d965ccfc6d4b" outcome="Passed" testListId="8c84fa94-04c1-424b-9868-57a2d4851a1d" relativeResultsDirectory="4887228b-0b37-47a3-ae1a-195383d1e902">
    </UnitTestResult>
    <UnitTestResult executionId="0aa3f74d-3f7c-415d-a994-d9044f4b0873" testId="3acbb4e3-a054-f565-e60a-1a68c1f94e42" testName="GetRandomMoveShouldReturnARandomMoveFromAvailableSpaces" computerName="MANTA" duration="00:00:00.0008621" startTime="2014-02-14T11:28:26.8325740-06:00" endTime="2014-02-14T11:28:26.8355761-06:00" testType="13cdc9d9-ddb5-4fa4-a97d-d965ccfc6d4b" outcome="Passed" testListId="8c84fa94-04c1-424b-9868-57a2d4851a1d" relativeResultsDirectory="0aa3f74d-3f7c-415d-a994-d9044f4b0873">
    </UnitTestResult>
    <UnitTestResult executionId="96015a85-2581-4563-80dd-0debac036629" testId="c08bc9e4-6f3f-c8c1-4824-e6ff27ed7b61" testName="CreateNewBoardShouldCreateA3x3TTTBoard" computerName="MANTA" duration="00:00:00.0002228" startTime="2014-02-14T11:28:26.8365764-06:00" endTime="2014-02-14T11:28:26.8385786-06:00" testType="13cdc9d9-ddb5-4fa4-a97d-d965ccfc6d4b" outcome="Passed" testListId="8c84fa94-04c1-424b-9868-57a2d4851a1d" relativeResultsDirectory="96015a85-2581-4563-80dd-0debac036629">
    </UnitTestResult>
    <UnitTestResult executionId="2546eafe-6e1c-40ba-a312-3d96b254140c" testId="358726f6-a8ae-8a83-e103-c1311aaff0fd" testName="GameManagerConstructorTest" computerName="MANTA" duration="00:00:00.0002583" startTime="2014-02-14T11:28:26.8395793-06:00" endTime="2014-02-14T11:28:26.8425806-06:00" testType="13cdc9d9-ddb5-4fa4-a97d-d965ccfc6d4b" outcome="Passed" testListId="8c84fa94-04c1-424b-9868-57a2d4851a1d" relativeResultsDirectory="2546eafe-6e1c-40ba-a312-3d96b254140c">
    </UnitTestResult>
    <UnitTestResult executionId="f7f6872b-3187-46ca-b0f4-4fc69f554d50" testId="99795f50-df1d-e4ea-c081-b30bb5dcbc32" testName="ShouldNotBeAbleToMakeTwoPlayersWithIdenticalIdentities" computerName="MANTA" duration="00:00:00.0003699" startTime="2014-02-14T11:28:26.8425806-06:00" endTime="2014-02-14T11:28:26.8455836-06:00" testType="13cdc9d9-ddb5-4fa4-a97d-d965ccfc6d4b" outcome="Passed" testListId="8c84fa94-04c1-424b-9868-57a2d4851a1d" relativeResultsDirectory="f7f6872b-3187-46ca-b0f4-4fc69f554d50">
    </UnitTestResult>
    <UnitTestResult executionId="3c5ad861-2a26-4617-b957-1e04b4df8e52" testId="509e90fa-e375-3ac4-4f7b-80bf8c25c657" testName="AddPlayerShouldNotOverwritePlayers" computerName="MANTA" duration="00:00:00.0001937" startTime="2014-02-14T11:28:26.8465839-06:00" endTime="2014-02-14T11:28:26.8485848-06:00" testType="13cdc9d9-ddb5-4fa4-a97d-d965ccfc6d4b" outcome="Passed" testListId="8c84fa94-04c1-424b-9868-57a2d4851a1d" relativeResultsDirectory="3c5ad861-2a26-4617-b957-1e04b4df8e52">
    </UnitTestResult>
    <UnitTestResult executionId="958eb487-2d2b-4e39-bbe8-fde842745b6e" testId="35867376-516b-bb80-39b8-b5134142b77c" testName="GameManagerFullConstructorTest" computerName="MANTA" duration="00:00:00.0001351" startTime="2014-02-14T11:28:26.8495855-06:00" endTime="2014-02-14T11:28:26.8515874-06:00" testType="13cdc9d9-ddb5-4fa4-a97d-d965ccfc6d4b" outcome="Passed" testListId="8c84fa94-04c1-424b-9868-57a2d4851a1d" relativeResultsDirectory="958eb487-2d2b-4e39-bbe8-fde842745b6e">
    </UnitTestResult>
    <UnitTestResult executionId="716eeb13-8264-4803-af11-a5d4f889b46a" testId="ce84697a-d830-63f0-40aa-89c3346e8066" testName="CheckForWinShouldReturnTrueIfThereAreThreeOsInARow" computerName="MANTA" duration="00:00:00.0012213" startTime="2014-02-14T11:28:26.8525881-06:00" endTime="2014-02-14T11:28:26.8555898-06:00" testType="13cdc9d9-ddb5-4fa4-a97d-d965ccfc6d4b" outcome="Passed" testListId="8c84fa94-04c1-424b-9868-57a2d4851a1d" relativeResultsDirectory="716eeb13-8264-4803-af11-a5d4f889b46a">
    </UnitTestResult>
    <UnitTestResult executionId="7c30abad-0b59-40fc-b291-47625c3cb6ef" testId="5e9274aa-9856-4b9d-3df4-a0d60e1aa29a" testName="GameShouldBeAbleToCheckAMovesValidity" computerName="MANTA" duration="00:00:00.0004190" startTime="2014-02-14T11:28:26.8565909-06:00" endTime="2014-02-14T11:28:26.8595926-06:00" testType="13cdc9d9-ddb5-4fa4-a97d-d965ccfc6d4b" outcome="Passed" testListId="8c84fa94-04c1-424b-9868-57a2d4851a1d" relativeResultsDirectory="7c30abad-0b59-40fc-b291-47625c3cb6ef">
    </UnitTestResult>
    <UnitTestResult executionId="deebb161-82b6-44e9-9523-ac154dc80360" testId="0aff7c26-8441-3caa-a0cf-bf0199fb6a21" testName="MakeMoveShouldMakeACreatedMove" computerName="MANTA" duration="00:00:00.0003096" startTime="2014-02-14T11:28:26.8595926-06:00" endTime="2014-02-14T11:28:26.8625952-06:00" testType="13cdc9d9-ddb5-4fa4-a97d-d965ccfc6d4b" outcome="Passed" testListId="8c84fa94-04c1-424b-9868-57a2d4851a1d" relativeResultsDirectory="deebb161-82b6-44e9-9523-ac154dc80360">
    </UnitTestResult>
    <UnitTestResult executionId="98dcc08e-a7b9-4ac8-957d-b6413b3a9905" testId="ff28ecd5-0eb2-e304-22ce-a481dbcde59f" testName="GameShouldBeAbleToLogMoves" computerName="MANTA" duration="00:00:00.0001595" startTime="2014-02-14T11:28:26.8635954-06:00" endTime="2014-02-14T11:28:26.8655977-06:00" testType="13cdc9d9-ddb5-4fa4-a97d-d965ccfc6d4b" outcome="Passed" testListId="8c84fa94-04c1-424b-9868-57a2d4851a1d" relativeResultsDirectory="98dcc08e-a7b9-4ac8-957d-b6413b3a9905">
    </UnitTestResult>
    <UnitTestResult executionId="0692e212-836a-4867-8dca-63c7d06f00e7" testId="5796ba2d-0a22-8ee9-5ec5-effdc2680ab5" testName="ConstructorShouldDefaultToX" computerName="MANTA" duration="00:00:00.0001270" startTime="2014-02-14T11:28:26.8665980-06:00" endTime="2014-02-14T11:28:26.8686002-06:00" testType="13cdc9d9-ddb5-4fa4-a97d-d965ccfc6d4b" outcome="Passed" testListId="8c84fa94-04c1-424b-9868-57a2d4851a1d" relativeResultsDirectory="0692e212-836a-4867-8dca-63c7d06f00e7">
    </UnitTestResult>
    <UnitTestResult executionId="67d5a32b-696a-4c15-9b3f-c0b4f4940500" testId="1b98b33c-61f0-f856-5cfb-9b08461064bb" testName="CheckForWinShouldReturnTrueIfThereAreThreeXsInARow" computerName="MANTA" duration="00:00:00.0006474" startTime="2014-02-14T11:28:26.8696010-06:00" endTime="2014-02-14T11:28:26.8726022-06:00" testType="13cdc9d9-ddb5-4fa4-a97d-d965ccfc6d4b" outcome="Passed" testListId="8c84fa94-04c1-424b-9868-57a2d4851a1d" relativeResultsDirectory="67d5a32b-696a-4c15-9b3f-c0b4f4940500">
    </UnitTestResult>
    <UnitTestResult executionId="05af5c0b-d8ce-49d4-b65f-a18ed65b963f" testId="6bab6699-9713-b238-5a17-ef14efca37b0" testName="PresentationManagerShouldBeAbleToPrintTheBoard" computerName="MANTA" duration="00:00:00.0008180" startTime="2014-02-14T11:28:26.8736025-06:00" endTime="2014-02-14T11:28:26.8766050-06:00" testType="13cdc9d9-ddb5-4fa4-a97d-d965ccfc6d4b" outcome="Passed" testListId="8c84fa94-04c1-424b-9868-57a2d4851a1d" relativeResultsDirectory="05af5c0b-d8ce-49d4-b65f-a18ed65b963f">
      <Output>
        <StdOut>[ ][ ][ ]
[ ][ ][ ]
[ ][ ][ ]
[ ][ ][ ]
[ ][X][ ]
[ ][ ][ ]
[O][ ][ ]
[ ][X][ ]
[ ][ ][ ]
[O][ ][X]
[ ][X][ ]
[ ][ ][ ]
[O][ ][X]
[ ][X][ ]
[O][ ][ ]</StdOut>
      </Output>
    </UnitTestResult>
    <UnitTestResult executionId="4fe8777f-3b6d-490f-9728-3da9f091a1f1" testId="4b28711c-31b6-7bcd-ac1e-7cb151c1f762" testName="ShouldBeAbleToCreatePlayersForO" computerName="MANTA" duration="00:00:00.0001415" startTime="2014-02-14T11:28:26.8776062-06:00" endTime="2014-02-14T11:28:26.8796072-06:00" testType="13cdc9d9-ddb5-4fa4-a97d-d965ccfc6d4b" outcome="Passed" testListId="8c84fa94-04c1-424b-9868-57a2d4851a1d" relativeResultsDirectory="4fe8777f-3b6d-490f-9728-3da9f091a1f1">
    </UnitTestResult>
    <UnitTestResult executionId="2fc48acf-0717-4c21-95db-016bcefb42b1" testId="a5fc2ae8-ba62-1bf2-439e-77d73b85440f" testName="GameManagerEmptyConstructorTest" computerName="MANTA" duration="00:00:00.0001094" startTime="2014-02-14T11:28:26.8806083-06:00" endTime="2014-02-14T11:28:26.8836100-06:00" testType="13cdc9d9-ddb5-4fa4-a97d-d965ccfc6d4b" outcome="Passed" testListId="8c84fa94-04c1-424b-9868-57a2d4851a1d" relativeResultsDirectory="2fc48acf-0717-4c21-95db-016bcefb42b1">
    </UnitTestResult>
    <UnitTestResult executionId="1514dc28-406a-47f5-abe6-4e29f517723f" testId="b69cb284-0369-ad5b-7e94-54bf0d72caea" testName="PresentationManagerShouldBeAbleToPromptUsers" computerName="MANTA" duration="00:00:00.0001590" startTime="2014-02-14T11:28:26.8836100-06:00" endTime="2014-02-14T11:28:26.8866117-06:00" testType="13cdc9d9-ddb5-4fa4-a97d-d965ccfc6d4b" outcome="Passed" testListId="8c84fa94-04c1-424b-9868-57a2d4851a1d" relativeResultsDirectory="1514dc28-406a-47f5-abe6-4e29f517723f">
      <Output>
        <StdOut>Choose a mode:</StdOut>
      </Output>
    </UnitTestResult>
    <UnitTestResult executionId="e82fec7d-78ef-4701-99c1-4eb270bce52a" testId="cf6ebb22-f29b-1023-83f4-4edde1f01a77" testName="GameShouldBeAbleToLogAIMoves" computerName="MANTA" duration="00:00:00.0004986" startTime="2014-02-14T11:28:26.8866117-06:00" endTime="2014-02-14T11:28:26.8896146-06:00" testType="13cdc9d9-ddb5-4fa4-a97d-d965ccfc6d4b" outcome="Passed" testListId="8c84fa94-04c1-424b-9868-57a2d4851a1d" relativeResultsDirectory="e82fec7d-78ef-4701-99c1-4eb270bce52a">
    </UnitTestResult>
    <UnitTestResult executionId="a5b6dc10-c26b-440b-b4e4-e7737e4cbb7a" testId="dac8381a-2b07-a506-832f-53fe9fd4076a" testName="GameShouldBeAbleToMakeMovesOnBehalfOfItsPlayers" computerName="MANTA" duration="00:00:00.0002330" startTime="2014-02-14T11:28:26.8906158-06:00" endTime="2014-02-14T11:28:26.8926163-06:00" testType="13cdc9d9-ddb5-4fa4-a97d-d965ccfc6d4b" outcome="Passed" testListId="8c84fa94-04c1-424b-9868-57a2d4851a1d" relativeResultsDirectory="a5b6dc10-c26b-440b-b4e4-e7737e4cbb7a">
    </UnitTestResult>
    <UnitTestResult executionId="f7b0ab5b-6ae9-4fd1-8f34-69ba9c6a0d57" testId="c6a92652-6ab0-4762-625e-de206ba4d88a" testName="ComputerAIConstructorTest" computerName="MANTA" duration="00:00:00.0002151" startTime="2014-02-14T11:28:26.8936166-06:00" endTime="2014-02-14T11:28:26.8966196-06:00" testType="13cdc9d9-ddb5-4fa4-a97d-d965ccfc6d4b" outcome="Passed" testListId="8c84fa94-04c1-424b-9868-57a2d4851a1d" relativeResultsDirectory="f7b0ab5b-6ae9-4fd1-8f34-69ba9c6a0d57">
    </UnitTestResult>
    <UnitTestResult executionId="22b52834-9bd5-4b4f-b33e-4fc6edc2e3ff" testId="6c8d9547-9cf5-ce30-f528-0d7f7a2b20ed" testName="BoardManagerConstructorTest" computerName="MANTA" duration="00:00:00.0001043" startTime="2014-02-14T11:28:26.8966196-06:00" endTime="2014-02-14T11:28:26.8996209-06:00" testType="13cdc9d9-ddb5-4fa4-a97d-d965ccfc6d4b" outcome="Passed" testListId="8c84fa94-04c1-424b-9868-57a2d4851a1d" relativeResultsDirectory="22b52834-9bd5-4b4f-b33e-4fc6edc2e3ff">
    </UnitTestResult>
    <UnitTestResult executionId="cd4afef6-66ff-4a7a-a727-798cfb0a98bc" testId="cfec85fe-66e0-7ac6-d646-59d7a9bc5243" testName="ResetGameShouldBlankAllValues" computerName="MANTA" duration="00:00:00.0002715" startTime="2014-02-14T11:28:26.9006216-06:00" endTime="2014-02-14T11:28:26.9036258-06:00" testType="13cdc9d9-ddb5-4fa4-a97d-d965ccfc6d4b" outcome="Passed" testListId="8c84fa94-04c1-424b-9868-57a2d4851a1d" relativeResultsDirectory="cd4afef6-66ff-4a7a-a727-798cfb0a98bc">
    </UnitTestResult>
    <UnitTestResult executionId="958e81fd-7e47-471b-96f1-266fc971f67d" testId="399e80f1-efc0-b120-1517-29eedd7de9cf" testName="GameShouldBeAbleToGetBoardArray" computerName="MANTA" duration="00:00:00.0001975" startTime="2014-02-14T11:28:26.9036258-06:00" endTime="2014-02-14T11:28:26.9066258-06:00" testType="13cdc9d9-ddb5-4fa4-a97d-d965ccfc6d4b" outcome="Passed" testListId="8c84fa94-04c1-424b-9868-57a2d4851a1d" relativeResultsDirectory="958e81fd-7e47-471b-96f1-266fc971f67d">
    </UnitTestResult>
    <UnitTestResult executionId="f5a1e66a-472f-4184-a463-16c51a9ce364" testId="b4586cda-b738-193f-c577-a6f50aeccc3a" testName="ShouldBeAbleToAddPlayers" computerName="MANTA" duration="00:00:00.0001560" startTime="2014-02-14T11:28:26.9066258-06:00" endTime="2014-02-14T11:28:26.9096296-06:00" testType="13cdc9d9-ddb5-4fa4-a97d-d965ccfc6d4b" outcome="Passed" testListId="8c84fa94-04c1-424b-9868-57a2d4851a1d" relativeResultsDirectory="f5a1e66a-472f-4184-a463-16c51a9ce364">
    </UnitTestResult>
    <UnitTestResult executionId="9d91e0f7-235c-4615-a55c-9697d83bbb0d" testId="db1abdd6-8a26-8208-2578-47bc52c7c661" testName="LogMoveShouldLogACreatedMove" computerName="MANTA" duration="00:00:00.0001702" startTime="2014-02-14T11:28:26.9096296-06:00" endTime="2014-02-14T11:28:26.9126313-06:00" testType="13cdc9d9-ddb5-4fa4-a97d-d965ccfc6d4b" outcome="Passed" testListId="8c84fa94-04c1-424b-9868-57a2d4851a1d" relativeResultsDirectory="9d91e0f7-235c-4615-a55c-9697d83bbb0d">
    </UnitTestResult>
    <UnitTestResult executionId="07bcbd9a-0e9f-4274-9f9c-b5b7a46a88fe" testId="354fc1c2-7826-3d91-15c2-47a7701dfa6c" testName="BoardManagerShouldKnowIfThereIsATie" computerName="MANTA" duration="00:00:00.0005191" startTime="2014-02-14T11:28:26.9136312-06:00" endTime="2014-02-14T11:28:26.9156321-06:00" testType="13cdc9d9-ddb5-4fa4-a97d-d965ccfc6d4b" outcome="Passed" testListId="8c84fa94-04c1-424b-9868-57a2d4851a1d" relativeResultsDirectory="07bcbd9a-0e9f-4274-9f9c-b5b7a46a88fe">
    </UnitTestResult>
  </Results>
</TestRun>