<?xml version="1.0" encoding="UTF-8"?>
<TestRun id="002cbd41-cdb9-4ea9-b802-dcebc8009683" name="Jacob@MANTA 2014-01-31 09:44:34" runUser="MANTA\Jacob" xmlns="http://microsoft.com/schemas/VisualStudio/TeamTest/2010">
  <TestSettings name="Local" id="7c6903b5-04f0-4edb-852a-89e5b22e03f9">
    <Description>These are default test settings for a local test run.</Description>
    <Deployment userDeploymentRoot="C:\Users\Jacob\Documents\Visual Studio 2010\Projects\TTT_ClassLibrary\TestResults" useDefaultDeploymentRoot="false" enabled="false" runDeploymentRoot="Jacob_MANTA 2014-01-31 09_44_34">
      <DeploymentItem filename="C:\Users\Jacob\Documents\Visual Studio 2010\Projects\TTT_ClassLibrary\TTT_ClassLibrary\bin\Debug\TTT_ClassLibrary.dll" />
    </Deployment>
    <Execution>
      <TestTypeSpecific />
      <AgentRule name="Execution Agents">
      </AgentRule>
    </Execution>
  </TestSettings>
  <Times creation="2014-01-31T09:44:34.7853479-06:00" queuing="2014-01-31T09:44:35.0385274-06:00" start="2014-01-31T09:44:35.0655461-06:00" finish="2014-01-31T09:44:35.2957088-06:00" />
  <ResultSummary outcome="Completed">
    <Counters total="1" executed="1" passed="1" error="0" failed="0" timeout="0" aborted="0" inconclusive="0" passedButRunAborted="0" notRunnable="0" notExecuted="0" disconnected="0" warning="0" completed="0" inProgress="0" pending="0" />
  </ResultSummary>
  <TestDefinitions>
    <UnitTest name="BoardManagerShouldKnowIfThereIsATie" storage="c:\users\jacob\documents\visual studio 2010\projects\ttt_classlibrary\tictactoetests\bin\debug\tictactoetests.dll" id="f3771781-71c0-bdd1-ec6a-66abebe08aea">
      <Execution id="ee81ef14-e4f5-46f3-ae7a-6e25f5af084c" />
      <TestMethod codeBase="C:/Users/Jacob/Documents/Visual Studio 2010/Projects/TTT_ClassLibrary/TicTacToeTests/bin/Debug/TicTacToeTests.DLL" adapterTypeName="Microsoft.VisualStudio.TestTools.TestTypes.Unit.UnitTestAdapter, Microsoft.VisualStudio.QualityTools.Tips.UnitTest.Adapter, Version=10.0.0.0, Culture=neutral, PublicKeyToken=b03f5f7f11d50a3a" className="TicTacToeTests.BoardManagerTest, TicTacToeTests, Version=1.0.0.0, Culture=neutral, PublicKeyToken=null" name="BoardManagerShouldKnowIfThereIsATie" />
    </UnitTest>
  </TestDefinitions>
  <TestLists>
    <TestList name="Results Not in a List" id="8c84fa94-04c1-424b-9868-57a2d4851a1d" />
    <TestList name="All Loaded Results" id="19431567-8539-422a-85d7-44ee4e166bda" />
  </TestLists>
  <TestEntries>
    <TestEntry testId="f3771781-71c0-bdd1-ec6a-66abebe08aea" executionId="ee81ef14-e4f5-46f3-ae7a-6e25f5af084c" testListId="8c84fa94-04c1-424b-9868-57a2d4851a1d" />
  </TestEntries>
  <Results>
    <UnitTestResult executionId="ee81ef14-e4f5-46f3-ae7a-6e25f5af084c" testId="f3771781-71c0-bdd1-ec6a-66abebe08aea" testName="BoardManagerShouldKnowIfThereIsATie" computerName="MANTA" duration="00:00:00.0114452" startTime="2014-01-31T09:44:35.0765538-06:00" endTime="2014-01-31T09:44:35.2627004-06:00" testType="13cdc9d9-ddb5-4fa4-a97d-d965ccfc6d4b" outcome="Passed" testListId="8c84fa94-04c1-424b-9868-57a2d4851a1d" relativeResultsDirectory="ee81ef14-e4f5-46f3-ae7a-6e25f5af084c">
    </UnitTestResult>
  </Results>
</TestRun>