<?xml version="1.0" encoding="UTF-8"?>
<TestRun id="8cab90c4-9bf7-4a61-b853-27668060ee85" name="Jacob@MANTA 2014-02-14 11:01:27" runUser="MANTA\Jacob" xmlns="http://microsoft.com/schemas/VisualStudio/TeamTest/2010">
  <TestSettings name="Local" id="7c6903b5-04f0-4edb-852a-89e5b22e03f9">
    <Description>These are default test settings for a local test run.</Description>
    <Deployment enabled="false" runDeploymentRoot="Jacob_MANTA 2014-02-14 11_01_27">
      <DeploymentItem filename="C:\Users\Jacob\Documents\Visual Studio 2010\Projects\TTT_ClassLibrary\TTT_ClassLibrary\bin\Debug\TTT_ClassLibrary.dll" />
    </Deployment>
    <Execution>
      <TestTypeSpecific />
      <AgentRule name="Execution Agents">
      </AgentRule>
    </Execution>
  </TestSettings>
  <Times creation="2014-02-14T11:01:27.2032826-06:00" queuing="2014-02-14T11:01:27.2189073-06:00" start="2014-02-14T11:01:27.2345153-06:00" finish="2014-02-14T11:01:27.5001433-06:00" />
  <ResultSummary outcome="Completed">
    <Counters total="28" executed="28" passed="28" error="0" failed="0" timeout="0" aborted="0" inconclusive="0" passedButRunAborted="0" notRunnable="0" notExecuted="0" disconnected="0" warning="0" completed="0" inProgress="0" pending="0" />
  </ResultSummary>
  <TestDefinitions>
    <UnitTest name="AddPlayerShouldNotOverwritePlayers" storage="c:\users\jacob\documents\visual studio 2010\projects\ttt_classlibrary\tictactoetests\bin\debug\tictactoetests.dll" id="509e90fa-e375-3ac4-4f7b-80bf8c25c657">
      <Execution id="b8fc5fc1-d64f-4f3d-9f36-d208c24ddc03" />
      <TestMethod codeBase="C:/Users/Jacob/Documents/Visual Studio 2010/Projects/TTT_ClassLibrary/TicTacToeTests/bin/Debug/TicTacToeTests.DLL" adapterTypeName="Microsoft.VisualStudio.TestTools.TestTypes.Unit.UnitTestAdapter, Microsoft.VisualStudio.QualityTools.Tips.UnitTest.Adapter, Version=10.0.0.0, Culture=neutral, PublicKeyToken=b03f5f7f11d50a3a" className="TicTacToeTests.GameTest, TicTacToeTests, Version=1.0.0.0, Culture=neutral, PublicKeyToken=null" name="AddPlayerShouldNotOverwritePlayers" />
    </UnitTest>
    <UnitTest name="LogMoveShouldLogACreatedMove" storage="c:\users\jacob\documents\visual studio 2010\projects\ttt_classlibrary\tictactoetests\bin\debug\tictactoetests.dll" id="db1abdd6-8a26-8208-2578-47bc52c7c661">
      <Execution id="84d6f4f2-d68f-4685-9ae1-996aa88754f4" />
      <TestMethod codeBase="C:/Users/Jacob/Documents/Visual Studio 2010/Projects/TTT_ClassLibrary/TicTacToeTests/bin/Debug/TicTacToeTests.DLL" adapterTypeName="Microsoft.VisualStudio.TestTools.TestTypes.Unit.UnitTestAdapter, Microsoft.VisualStudio.QualityTools.Tips.UnitTest.Adapter, Version=10.0.0.0, Culture=neutral, PublicKeyToken=b03f5f7f11d50a3a" className="TicTacToeTests.BoardManagerTest, TicTacToeTests, Version=1.0.0.0, Culture=neutral, PublicKeyToken=null" name="LogMoveShouldLogACreatedMove" />
    </UnitTest>
    <UnitTest name="BoardManagerShouldBeAbleToCheckTheValidityOfAMove" storage="c:\users\jacob\documents\visual studio 2010\projects\ttt_classlibrary\tictactoetests\bin\debug\tictactoetests.dll" id="aae16033-deb4-9bfc-2533-fbfd5587148d">
      <Execution id="a92781b7-8746-4a4e-ad32-fdb38b42608e" />
      <TestMethod codeBase="C:/Users/Jacob/Documents/Visual Studio 2010/Projects/TTT_ClassLibrary/TicTacToeTests/bin/Debug/TicTacToeTests.DLL" adapterTypeName="Microsoft.VisualStudio.TestTools.TestTypes.Unit.UnitTestAdapter, Microsoft.VisualStudio.QualityTools.Tips.UnitTest.Adapter, Version=10.0.0.0, Culture=neutral, PublicKeyToken=b03f5f7f11d50a3a" className="TicTacToeTests.BoardManagerTest, TicTacToeTests, Version=1.0.0.0, Culture=neutral, PublicKeyToken=null" name="BoardManagerShouldBeAbleToCheckTheValidityOfAMove" />
    </UnitTest>
    <UnitTest name="GameShouldBeAbleToMakeMovesOnBehalfOfItsPlayers" storage="c:\users\jacob\documents\visual studio 2010\projects\ttt_classlibrary\tictactoetests\bin\debug\tictactoetests.dll" id="dac8381a-2b07-a506-832f-53fe9fd4076a">
      <Execution id="c40544b3-6498-4a73-82e3-58bc32ae5b62" />
      <TestMethod codeBase="C:/Users/Jacob/Documents/Visual Studio 2010/Projects/TTT_ClassLibrary/TicTacToeTests/bin/Debug/TicTacToeTests.DLL" adapterTypeName="Microsoft.VisualStudio.TestTools.TestTypes.Unit.UnitTestAdapter, Microsoft.VisualStudio.QualityTools.Tips.UnitTest.Adapter, Version=10.0.0.0, Culture=neutral, PublicKeyToken=b03f5f7f11d50a3a" className="TicTacToeTests.GameTest, TicTacToeTests, Version=1.0.0.0, Culture=neutral, PublicKeyToken=null" name="GameShouldBeAbleToMakeMovesOnBehalfOfItsPlayers" />
    </UnitTest>
    <UnitTest name="ShouldBeAbleToCreatePlayersForO" storage="c:\users\jacob\documents\visual studio 2010\projects\ttt_classlibrary\tictactoetests\bin\debug\tictactoetests.dll" id="4b28711c-31b6-7bcd-ac1e-7cb151c1f762">
      <Execution id="18b15844-2292-46ae-9cd6-f417cd7f59f6" />
      <TestMethod codeBase="C:/Users/Jacob/Documents/Visual Studio 2010/Projects/TTT_ClassLibrary/TicTacToeTests/bin/Debug/TicTacToeTests.DLL" adapterTypeName="Microsoft.VisualStudio.TestTools.TestTypes.Unit.UnitTestAdapter, Microsoft.VisualStudio.QualityTools.Tips.UnitTest.Adapter, Version=10.0.0.0, Culture=neutral, PublicKeyToken=b03f5f7f11d50a3a" className="TicTacToeTests.HumanPlayerTest, TicTacToeTests, Version=1.0.0.0, Culture=neutral, PublicKeyToken=null" name="ShouldBeAbleToCreatePlayersForO" />
    </UnitTest>
    <UnitTest name="CheckForWinShouldReturnTrueIfThereAreThreeXsInARow" storage="c:\users\jacob\documents\visual studio 2010\projects\ttt_classlibrary\tictactoetests\bin\debug\tictactoetests.dll" id="1b98b33c-61f0-f856-5cfb-9b08461064bb">
      <Execution id="06040233-b3e5-407f-8702-ee2f97279fff" />
      <TestMethod codeBase="C:/Users/Jacob/Documents/Visual Studio 2010/Projects/TTT_ClassLibrary/TicTacToeTests/bin/Debug/TicTacToeTests.DLL" adapterTypeName="Microsoft.VisualStudio.TestTools.TestTypes.Unit.UnitTestAdapter, Microsoft.VisualStudio.QualityTools.Tips.UnitTest.Adapter, Version=10.0.0.0, Culture=neutral, PublicKeyToken=b03f5f7f11d50a3a" className="TicTacToeTests.BoardCheckerTest, TicTacToeTests, Version=1.0.0.0, Culture=neutral, PublicKeyToken=null" name="CheckForWinShouldReturnTrueIfThereAreThreeXsInARow" />
    </UnitTest>
    <UnitTest name="ConstructorShouldDefaultToX" storage="c:\users\jacob\documents\visual studio 2010\projects\ttt_classlibrary\tictactoetests\bin\debug\tictactoetests.dll" id="5796ba2d-0a22-8ee9-5ec5-effdc2680ab5">
      <Execution id="99478af4-02c8-47c5-b629-fa74ef64d872" />
      <TestMethod codeBase="C:/Users/Jacob/Documents/Visual Studio 2010/Projects/TTT_ClassLibrary/TicTacToeTests/bin/Debug/TicTacToeTests.DLL" adapterTypeName="Microsoft.VisualStudio.TestTools.TestTypes.Unit.UnitTestAdapter, Microsoft.VisualStudio.QualityTools.Tips.UnitTest.Adapter, Version=10.0.0.0, Culture=neutral, PublicKeyToken=b03f5f7f11d50a3a" className="TicTacToeTests.HumanPlayerTest, TicTacToeTests, Version=1.0.0.0, Culture=neutral, PublicKeyToken=null" name="ConstructorShouldDefaultToX" />
    </UnitTest>
    <UnitTest name="GameShouldHaveTwoAIs" storage="c:\users\jacob\documents\visual studio 2010\projects\ttt_classlibrary\tictactoetests\bin\debug\tictactoetests.dll" id="9a6fa991-0417-a613-f3ed-5f76c5b3a166">
      <Execution id="77256556-e74e-4a56-af3e-ad1037cb05ea" />
      <TestMethod codeBase="C:/Users/Jacob/Documents/Visual Studio 2010/Projects/TTT_ClassLibrary/TicTacToeTests/bin/Debug/TicTacToeTests.DLL" adapterTypeName="Microsoft.VisualStudio.TestTools.TestTypes.Unit.UnitTestAdapter, Microsoft.VisualStudio.QualityTools.Tips.UnitTest.Adapter, Version=10.0.0.0, Culture=neutral, PublicKeyToken=b03f5f7f11d50a3a" className="TicTacToeTests.GameTest, TicTacToeTests, Version=1.0.0.0, Culture=neutral, PublicKeyToken=null" name="GameShouldHaveTwoAIs" />
    </UnitTest>
    <UnitTest name="BoardManagerShouldKnowIfThereIsATie" storage="c:\users\jacob\documents\visual studio 2010\projects\ttt_classlibrary\tictactoetests\bin\debug\tictactoetests.dll" id="354fc1c2-7826-3d91-15c2-47a7701dfa6c">
      <Execution id="e6fe8c08-12b4-40d1-9633-9034bbd15299" />
      <TestMethod codeBase="C:/Users/Jacob/Documents/Visual Studio 2010/Projects/TTT_ClassLibrary/TicTacToeTests/bin/Debug/TicTacToeTests.DLL" adapterTypeName="Microsoft.VisualStudio.TestTools.TestTypes.Unit.UnitTestAdapter, Microsoft.VisualStudio.QualityTools.Tips.UnitTest.Adapter, Version=10.0.0.0, Culture=neutral, PublicKeyToken=b03f5f7f11d50a3a" className="TicTacToeTests.BoardCheckerTest, TicTacToeTests, Version=1.0.0.0, Culture=neutral, PublicKeyToken=null" name="BoardManagerShouldKnowIfThereIsATie" />
    </UnitTest>
    <UnitTest name="GameManagerFullConstructorTest" storage="c:\users\jacob\documents\visual studio 2010\projects\ttt_classlibrary\tictactoetests\bin\debug\tictactoetests.dll" id="35867376-516b-bb80-39b8-b5134142b77c">
      <Execution id="8647516d-40a3-4481-b8a7-dd0b1f6f0870" />
      <TestMethod codeBase="C:/Users/Jacob/Documents/Visual Studio 2010/Projects/TTT_ClassLibrary/TicTacToeTests/bin/Debug/TicTacToeTests.DLL" adapterTypeName="Microsoft.VisualStudio.TestTools.TestTypes.Unit.UnitTestAdapter, Microsoft.VisualStudio.QualityTools.Tips.UnitTest.Adapter, Version=10.0.0.0, Culture=neutral, PublicKeyToken=b03f5f7f11d50a3a" className="TicTacToeTests.GameTest, TicTacToeTests, Version=1.0.0.0, Culture=neutral, PublicKeyToken=null" name="GameManagerFullConstructorTest" />
    </UnitTest>
    <UnitTest name="GameManagerEmptyConstructorTest" storage="c:\users\jacob\documents\visual studio 2010\projects\ttt_classlibrary\tictactoetests\bin\debug\tictactoetests.dll" id="a5fc2ae8-ba62-1bf2-439e-77d73b85440f">
      <Execution id="4a404e04-90eb-4e12-a6ae-9726466ac46d" />
      <TestMethod codeBase="C:/Users/Jacob/Documents/Visual Studio 2010/Projects/TTT_ClassLibrary/TicTacToeTests/bin/Debug/TicTacToeTests.DLL" adapterTypeName="Microsoft.VisualStudio.TestTools.TestTypes.Unit.UnitTestAdapter, Microsoft.VisualStudio.QualityTools.Tips.UnitTest.Adapter, Version=10.0.0.0, Culture=neutral, PublicKeyToken=b03f5f7f11d50a3a" className="TicTacToeTests.GameTest, TicTacToeTests, Version=1.0.0.0, Culture=neutral, PublicKeyToken=null" name="GameManagerEmptyConstructorTest" />
    </UnitTest>
    <UnitTest name="CreateNewBoardShouldCreateA3x3TTTBoard" storage="c:\users\jacob\documents\visual studio 2010\projects\ttt_classlibrary\tictactoetests\bin\debug\tictactoetests.dll" id="c08bc9e4-6f3f-c8c1-4824-e6ff27ed7b61">
      <Execution id="568d849a-6b7f-4176-aa0e-c076ae35732c" />
      <TestMethod codeBase="C:/Users/Jacob/Documents/Visual Studio 2010/Projects/TTT_ClassLibrary/TicTacToeTests/bin/Debug/TicTacToeTests.DLL" adapterTypeName="Microsoft.VisualStudio.TestTools.TestTypes.Unit.UnitTestAdapter, Microsoft.VisualStudio.QualityTools.Tips.UnitTest.Adapter, Version=10.0.0.0, Culture=neutral, PublicKeyToken=b03f5f7f11d50a3a" className="TicTacToeTests.BoardManagerTest, TicTacToeTests, Version=1.0.0.0, Culture=neutral, PublicKeyToken=null" name="CreateNewBoardShouldCreateA3x3TTTBoard" />
    </UnitTest>
    <UnitTest name="ShouldNotBeAbleToMakeTwoPlayersWithIdenticalIdentities" storage="c:\users\jacob\documents\visual studio 2010\projects\ttt_classlibrary\tictactoetests\bin\debug\tictactoetests.dll" id="99795f50-df1d-e4ea-c081-b30bb5dcbc32">
      <Execution id="438540ad-61a9-489f-be0c-809a612f7b6a" />
      <TestMethod codeBase="C:/Users/Jacob/Documents/Visual Studio 2010/Projects/TTT_ClassLibrary/TicTacToeTests/bin/Debug/TicTacToeTests.DLL" adapterTypeName="Microsoft.VisualStudio.TestTools.TestTypes.Unit.UnitTestAdapter, Microsoft.VisualStudio.QualityTools.Tips.UnitTest.Adapter, Version=10.0.0.0, Culture=neutral, PublicKeyToken=b03f5f7f11d50a3a" className="TicTacToeTests.GameTest, TicTacToeTests, Version=1.0.0.0, Culture=neutral, PublicKeyToken=null" name="ShouldNotBeAbleToMakeTwoPlayersWithIdenticalIdentities" />
    </UnitTest>
    <UnitTest name="MakeMoveShouldMakeACreatedMove" storage="c:\users\jacob\documents\visual studio 2010\projects\ttt_classlibrary\tictactoetests\bin\debug\tictactoetests.dll" id="0aff7c26-8441-3caa-a0cf-bf0199fb6a21">
      <Execution id="672be3b6-9fe7-4e7b-8c84-ee56fa19f9d2" />
      <TestMethod codeBase="C:/Users/Jacob/Documents/Visual Studio 2010/Projects/TTT_ClassLibrary/TicTacToeTests/bin/Debug/TicTacToeTests.DLL" adapterTypeName="Microsoft.VisualStudio.TestTools.TestTypes.Unit.UnitTestAdapter, Microsoft.VisualStudio.QualityTools.Tips.UnitTest.Adapter, Version=10.0.0.0, Culture=neutral, PublicKeyToken=b03f5f7f11d50a3a" className="TicTacToeTests.HumanPlayerTest, TicTacToeTests, Version=1.0.0.0, Culture=neutral, PublicKeyToken=null" name="MakeMoveShouldMakeACreatedMove" />
    </UnitTest>
    <UnitTest name="CheckForWinShouldReturnTrueIfThereAreThreeOsInARow" storage="c:\users\jacob\documents\visual studio 2010\projects\ttt_classlibrary\tictactoetests\bin\debug\tictactoetests.dll" id="ce84697a-d830-63f0-40aa-89c3346e8066">
      <Execution id="8ca08f6b-5210-4352-94d0-542c1c364808" />
      <TestMethod codeBase="C:/Users/Jacob/Documents/Visual Studio 2010/Projects/TTT_ClassLibrary/TicTacToeTests/bin/Debug/TicTacToeTests.DLL" adapterTypeName="Microsoft.VisualStudio.TestTools.TestTypes.Unit.UnitTestAdapter, Microsoft.VisualStudio.QualityTools.Tips.UnitTest.Adapter, Version=10.0.0.0, Culture=neutral, PublicKeyToken=b03f5f7f11d50a3a" className="TicTacToeTests.BoardCheckerTest, TicTacToeTests, Version=1.0.0.0, Culture=neutral, PublicKeyToken=null" name="CheckForWinShouldReturnTrueIfThereAreThreeOsInARow" />
    </UnitTest>
    <UnitTest name="ComputerAIConstructorTest" storage="c:\users\jacob\documents\visual studio 2010\projects\ttt_classlibrary\tictactoetests\bin\debug\tictactoetests.dll" id="c6a92652-6ab0-4762-625e-de206ba4d88a">
      <Execution id="1f953004-ecff-48ca-a2ad-575c37704ec0" />
      <TestMethod codeBase="C:/Users/Jacob/Documents/Visual Studio 2010/Projects/TTT_ClassLibrary/TicTacToeTests/bin/Debug/TicTacToeTests.DLL" adapterTypeName="Microsoft.VisualStudio.TestTools.TestTypes.Unit.UnitTestAdapter, Microsoft.VisualStudio.QualityTools.Tips.UnitTest.Adapter, Version=10.0.0.0, Culture=neutral, PublicKeyToken=b03f5f7f11d50a3a" className="TicTacToeTests.ComputerAITest, TicTacToeTests, Version=1.0.0.0, Culture=neutral, PublicKeyToken=null" name="ComputerAIConstructorTest" />
    </UnitTest>
    <UnitTest name="GetRandomMoveShouldReturnARandomMoveFromAvailableSpaces" storage="c:\users\jacob\documents\visual studio 2010\projects\ttt_classlibrary\tictactoetests\bin\debug\tictactoetests.dll" id="3acbb4e3-a054-f565-e60a-1a68c1f94e42">
      <Execution id="97302e19-a13b-4819-8b34-1b2463985313" />
      <TestMethod codeBase="C:/Users/Jacob/Documents/Visual Studio 2010/Projects/TTT_ClassLibrary/TicTacToeTests/bin/Debug/TicTacToeTests.DLL" adapterTypeName="Microsoft.VisualStudio.TestTools.TestTypes.Unit.UnitTestAdapter, Microsoft.VisualStudio.QualityTools.Tips.UnitTest.Adapter, Version=10.0.0.0, Culture=neutral, PublicKeyToken=b03f5f7f11d50a3a" className="TicTacToeTests.ComputerAITest, TicTacToeTests, Version=1.0.0.0, Culture=neutral, PublicKeyToken=null" name="GetRandomMoveShouldReturnARandomMoveFromAvailableSpaces" />
    </UnitTest>
    <UnitTest name="PresentationManagerShouldBeAbleToPromptUsers" storage="c:\users\jacob\documents\visual studio 2010\projects\ttt_classlibrary\tictactoetests\bin\debug\tictactoetests.dll" id="b69cb284-0369-ad5b-7e94-54bf0d72caea">
      <Execution id="3e720a11-70bc-4dc7-bd4e-7ee0095d9098" />
      <TestMethod codeBase="C:/Users/Jacob/Documents/Visual Studio 2010/Projects/TTT_ClassLibrary/TicTacToeTests/bin/Debug/TicTacToeTests.DLL" adapterTypeName="Microsoft.VisualStudio.TestTools.TestTypes.Unit.UnitTestAdapter, Microsoft.VisualStudio.QualityTools.Tips.UnitTest.Adapter, Version=10.0.0.0, Culture=neutral, PublicKeyToken=b03f5f7f11d50a3a" className="TicTacToeTests.PresentationManagerTest, TicTacToeTests, Version=1.0.0.0, Culture=neutral, PublicKeyToken=null" name="PresentationManagerShouldBeAbleToPromptUsers" />
    </UnitTest>
    <UnitTest name="BoardManagerConstructorTest" storage="c:\users\jacob\documents\visual studio 2010\projects\ttt_classlibrary\tictactoetests\bin\debug\tictactoetests.dll" id="6c8d9547-9cf5-ce30-f528-0d7f7a2b20ed">
      <Execution id="1a13ae4f-e0dc-42a1-8534-b101731fbaa5" />
      <TestMethod codeBase="C:/Users/Jacob/Documents/Visual Studio 2010/Projects/TTT_ClassLibrary/TicTacToeTests/bin/Debug/TicTacToeTests.DLL" adapterTypeName="Microsoft.VisualStudio.TestTools.TestTypes.Unit.UnitTestAdapter, Microsoft.VisualStudio.QualityTools.Tips.UnitTest.Adapter, Version=10.0.0.0, Culture=neutral, PublicKeyToken=b03f5f7f11d50a3a" className="TicTacToeTests.BoardManagerTest, TicTacToeTests, Version=1.0.0.0, Culture=neutral, PublicKeyToken=null" name="BoardManagerConstructorTest" />
    </UnitTest>
    <UnitTest name="ShouldBeAbleToAddPlayers" storage="c:\users\jacob\documents\visual studio 2010\projects\ttt_classlibrary\tictactoetests\bin\debug\tictactoetests.dll" id="b4586cda-b738-193f-c577-a6f50aeccc3a">
      <Execution id="42b00b7e-8391-4b6a-b573-937395c8157c" />
      <TestMethod codeBase="C:/Users/Jacob/Documents/Visual Studio 2010/Projects/TTT_ClassLibrary/TicTacToeTests/bin/Debug/TicTacToeTests.DLL" adapterTypeName="Microsoft.VisualStudio.TestTools.TestTypes.Unit.UnitTestAdapter, Microsoft.VisualStudio.QualityTools.Tips.UnitTest.Adapter, Version=10.0.0.0, Culture=neutral, PublicKeyToken=b03f5f7f11d50a3a" className="TicTacToeTests.GameTest, TicTacToeTests, Version=1.0.0.0, Culture=neutral, PublicKeyToken=null" name="ShouldBeAbleToAddPlayers" />
    </UnitTest>
    <UnitTest name="GameShouldBeAbleToLogMoves" storage="c:\users\jacob\documents\visual studio 2010\projects\ttt_classlibrary\tictactoetests\bin\debug\tictactoetests.dll" id="ff28ecd5-0eb2-e304-22ce-a481dbcde59f">
      <Execution id="59acc1ee-013b-4efe-8817-62e2d62d7483" />
      <TestMethod codeBase="C:/Users/Jacob/Documents/Visual Studio 2010/Projects/TTT_ClassLibrary/TicTacToeTests/bin/Debug/TicTacToeTests.DLL" adapterTypeName="Microsoft.VisualStudio.TestTools.TestTypes.Unit.UnitTestAdapter, Microsoft.VisualStudio.QualityTools.Tips.UnitTest.Adapter, Version=10.0.0.0, Culture=neutral, PublicKeyToken=b03f5f7f11d50a3a" className="TicTacToeTests.GameTest, TicTacToeTests, Version=1.0.0.0, Culture=neutral, PublicKeyToken=null" name="GameShouldBeAbleToLogMoves" />
    </UnitTest>
    <UnitTest name="ResetGameShouldBlankAllValues" storage="c:\users\jacob\documents\visual studio 2010\projects\ttt_classlibrary\tictactoetests\bin\debug\tictactoetests.dll" id="cfec85fe-66e0-7ac6-d646-59d7a9bc5243">
      <Execution id="c3b94bca-494e-46e3-998f-e7dc48d6fffe" />
      <TestMethod codeBase="C:/Users/Jacob/Documents/Visual Studio 2010/Projects/TTT_ClassLibrary/TicTacToeTests/bin/Debug/TicTacToeTests.DLL" adapterTypeName="Microsoft.VisualStudio.TestTools.TestTypes.Unit.UnitTestAdapter, Microsoft.VisualStudio.QualityTools.Tips.UnitTest.Adapter, Version=10.0.0.0, Culture=neutral, PublicKeyToken=b03f5f7f11d50a3a" className="TicTacToeTests.GameTest, TicTacToeTests, Version=1.0.0.0, Culture=neutral, PublicKeyToken=null" name="ResetGameShouldBlankAllValues" />
    </UnitTest>
    <UnitTest name="LogMoveShouldNotOverwriteMoves" storage="c:\users\jacob\documents\visual studio 2010\projects\ttt_classlibrary\tictactoetests\bin\debug\tictactoetests.dll" id="294e4ab6-24bc-09e2-f2c4-e404bcd8ca74">
      <Execution id="25279564-8e7b-44e8-abef-d2f64676337a" />
      <TestMethod codeBase="C:/Users/Jacob/Documents/Visual Studio 2010/Projects/TTT_ClassLibrary/TicTacToeTests/bin/Debug/TicTacToeTests.DLL" adapterTypeName="Microsoft.VisualStudio.TestTools.TestTypes.Unit.UnitTestAdapter, Microsoft.VisualStudio.QualityTools.Tips.UnitTest.Adapter, Version=10.0.0.0, Culture=neutral, PublicKeyToken=b03f5f7f11d50a3a" className="TicTacToeTests.BoardManagerTest, TicTacToeTests, Version=1.0.0.0, Culture=neutral, PublicKeyToken=null" name="LogMoveShouldNotOverwriteMoves" />
    </UnitTest>
    <UnitTest name="GameShouldBeAbleToCheckAMovesValidity" storage="c:\users\jacob\documents\visual studio 2010\projects\ttt_classlibrary\tictactoetests\bin\debug\tictactoetests.dll" id="5e9274aa-9856-4b9d-3df4-a0d60e1aa29a">
      <Execution id="d50c4c7b-80de-4cb0-8009-ebcef2c3607b" />
      <TestMethod codeBase="C:/Users/Jacob/Documents/Visual Studio 2010/Projects/TTT_ClassLibrary/TicTacToeTests/bin/Debug/TicTacToeTests.DLL" adapterTypeName="Microsoft.VisualStudio.TestTools.TestTypes.Unit.UnitTestAdapter, Microsoft.VisualStudio.QualityTools.Tips.UnitTest.Adapter, Version=10.0.0.0, Culture=neutral, PublicKeyToken=b03f5f7f11d50a3a" className="TicTacToeTests.GameTest, TicTacToeTests, Version=1.0.0.0, Culture=neutral, PublicKeyToken=null" name="GameShouldBeAbleToCheckAMovesValidity" />
    </UnitTest>
    <UnitTest name="GameManagerConstructorTest" storage="c:\users\jacob\documents\visual studio 2010\projects\ttt_classlibrary\tictactoetests\bin\debug\tictactoetests.dll" id="358726f6-a8ae-8a83-e103-c1311aaff0fd">
      <Execution id="13f7f058-60de-4c1d-9679-0e62c80e7abe" />
      <TestMethod codeBase="C:/Users/Jacob/Documents/Visual Studio 2010/Projects/TTT_ClassLibrary/TicTacToeTests/bin/Debug/TicTacToeTests.DLL" adapterTypeName="Microsoft.VisualStudio.TestTools.TestTypes.Unit.UnitTestAdapter, Microsoft.VisualStudio.QualityTools.Tips.UnitTest.Adapter, Version=10.0.0.0, Culture=neutral, PublicKeyToken=b03f5f7f11d50a3a" className="TicTacToeTests.GameManagerTest, TicTacToeTests, Version=1.0.0.0, Culture=neutral, PublicKeyToken=null" name="GameManagerConstructorTest" />
    </UnitTest>
    <UnitTest name="AddPlayerWontInputMoreThanTwoPlayers" storage="c:\users\jacob\documents\visual studio 2010\projects\ttt_classlibrary\tictactoetests\bin\debug\tictactoetests.dll" id="942d27be-4956-2462-c253-fa6c40270118">
      <Execution id="3e029598-12b8-4959-bb21-ae751deb70d4" />
      <TestMethod codeBase="C:/Users/Jacob/Documents/Visual Studio 2010/Projects/TTT_ClassLibrary/TicTacToeTests/bin/Debug/TicTacToeTests.DLL" adapterTypeName="Microsoft.VisualStudio.TestTools.TestTypes.Unit.UnitTestAdapter, Microsoft.VisualStudio.QualityTools.Tips.UnitTest.Adapter, Version=10.0.0.0, Culture=neutral, PublicKeyToken=b03f5f7f11d50a3a" className="TicTacToeTests.GameTest, TicTacToeTests, Version=1.0.0.0, Culture=neutral, PublicKeyToken=null" name="AddPlayerWontInputMoreThanTwoPlayers" />
    </UnitTest>
    <UnitTest name="RewritePlayerWillRewritePlayers" storage="c:\users\jacob\documents\visual studio 2010\projects\ttt_classlibrary\tictactoetests\bin\debug\tictactoetests.dll" id="4a5d0dc1-d13a-483c-f7b7-2695d82834df">
      <Execution id="244c7b5c-7505-4864-852f-f6fe071ed39b" />
      <TestMethod codeBase="C:/Users/Jacob/Documents/Visual Studio 2010/Projects/TTT_ClassLibrary/TicTacToeTests/bin/Debug/TicTacToeTests.DLL" adapterTypeName="Microsoft.VisualStudio.TestTools.TestTypes.Unit.UnitTestAdapter, Microsoft.VisualStudio.QualityTools.Tips.UnitTest.Adapter, Version=10.0.0.0, Culture=neutral, PublicKeyToken=b03f5f7f11d50a3a" className="TicTacToeTests.GameTest, TicTacToeTests, Version=1.0.0.0, Culture=neutral, PublicKeyToken=null" name="RewritePlayerWillRewritePlayers" />
    </UnitTest>
    <UnitTest name="PresentationManagerShouldBeAbleToPrintTheBoard" storage="c:\users\jacob\documents\visual studio 2010\projects\ttt_classlibrary\tictactoetests\bin\debug\tictactoetests.dll" id="6bab6699-9713-b238-5a17-ef14efca37b0">
      <Execution id="c0dd6821-42d1-4c1e-86af-b62ef6ec9f45" />
      <TestMethod codeBase="C:/Users/Jacob/Documents/Visual Studio 2010/Projects/TTT_ClassLibrary/TicTacToeTests/bin/Debug/TicTacToeTests.DLL" adapterTypeName="Microsoft.VisualStudio.TestTools.TestTypes.Unit.UnitTestAdapter, Microsoft.VisualStudio.QualityTools.Tips.UnitTest.Adapter, Version=10.0.0.0, Culture=neutral, PublicKeyToken=b03f5f7f11d50a3a" className="TicTacToeTests.PresentationManagerTest, TicTacToeTests, Version=1.0.0.0, Culture=neutral, PublicKeyToken=null" name="PresentationManagerShouldBeAbleToPrintTheBoard" />
    </UnitTest>
  </TestDefinitions>
  <TestLists>
    <TestList name="Results Not in a List" id="8c84fa94-04c1-424b-9868-57a2d4851a1d" />
    <TestList name="All Loaded Results" id="19431567-8539-422a-85d7-44ee4e166bda" />
  </TestLists>
  <TestEntries>
    <TestEntry testId="294e4ab6-24bc-09e2-f2c4-e404bcd8ca74" executionId="25279564-8e7b-44e8-abef-d2f64676337a" testListId="8c84fa94-04c1-424b-9868-57a2d4851a1d" />
    <TestEntry testId="4a5d0dc1-d13a-483c-f7b7-2695d82834df" executionId="244c7b5c-7505-4864-852f-f6fe071ed39b" testListId="8c84fa94-04c1-424b-9868-57a2d4851a1d" />
    <TestEntry testId="aae16033-deb4-9bfc-2533-fbfd5587148d" executionId="a92781b7-8746-4a4e-ad32-fdb38b42608e" testListId="8c84fa94-04c1-424b-9868-57a2d4851a1d" />
    <TestEntry testId="9a6fa991-0417-a613-f3ed-5f76c5b3a166" executionId="77256556-e74e-4a56-af3e-ad1037cb05ea" testListId="8c84fa94-04c1-424b-9868-57a2d4851a1d" />
    <TestEntry testId="942d27be-4956-2462-c253-fa6c40270118" executionId="3e029598-12b8-4959-bb21-ae751deb70d4" testListId="8c84fa94-04c1-424b-9868-57a2d4851a1d" />
    <TestEntry testId="3acbb4e3-a054-f565-e60a-1a68c1f94e42" executionId="97302e19-a13b-4819-8b34-1b2463985313" testListId="8c84fa94-04c1-424b-9868-57a2d4851a1d" />
    <TestEntry testId="c08bc9e4-6f3f-c8c1-4824-e6ff27ed7b61" executionId="568d849a-6b7f-4176-aa0e-c076ae35732c" testListId="8c84fa94-04c1-424b-9868-57a2d4851a1d" />
    <TestEntry testId="358726f6-a8ae-8a83-e103-c1311aaff0fd" executionId="13f7f058-60de-4c1d-9679-0e62c80e7abe" testListId="8c84fa94-04c1-424b-9868-57a2d4851a1d" />
    <TestEntry testId="99795f50-df1d-e4ea-c081-b30bb5dcbc32" executionId="438540ad-61a9-489f-be0c-809a612f7b6a" testListId="8c84fa94-04c1-424b-9868-57a2d4851a1d" />
    <TestEntry testId="509e90fa-e375-3ac4-4f7b-80bf8c25c657" executionId="b8fc5fc1-d64f-4f3d-9f36-d208c24ddc03" testListId="8c84fa94-04c1-424b-9868-57a2d4851a1d" />
    <TestEntry testId="35867376-516b-bb80-39b8-b5134142b77c" executionId="8647516d-40a3-4481-b8a7-dd0b1f6f0870" testListId="8c84fa94-04c1-424b-9868-57a2d4851a1d" />
    <TestEntry testId="ce84697a-d830-63f0-40aa-89c3346e8066" executionId="8ca08f6b-5210-4352-94d0-542c1c364808" testListId="8c84fa94-04c1-424b-9868-57a2d4851a1d" />
    <TestEntry testId="5e9274aa-9856-4b9d-3df4-a0d60e1aa29a" executionId="d50c4c7b-80de-4cb0-8009-ebcef2c3607b" testListId="8c84fa94-04c1-424b-9868-57a2d4851a1d" />
    <TestEntry testId="0aff7c26-8441-3caa-a0cf-bf0199fb6a21" executionId="672be3b6-9fe7-4e7b-8c84-ee56fa19f9d2" testListId="8c84fa94-04c1-424b-9868-57a2d4851a1d" />
    <TestEntry testId="ff28ecd5-0eb2-e304-22ce-a481dbcde59f" executionId="59acc1ee-013b-4efe-8817-62e2d62d7483" testListId="8c84fa94-04c1-424b-9868-57a2d4851a1d" />
    <TestEntry testId="5796ba2d-0a22-8ee9-5ec5-effdc2680ab5" executionId="99478af4-02c8-47c5-b629-fa74ef64d872" testListId="8c84fa94-04c1-424b-9868-57a2d4851a1d" />
    <TestEntry testId="1b98b33c-61f0-f856-5cfb-9b08461064bb" executionId="06040233-b3e5-407f-8702-ee2f97279fff" testListId="8c84fa94-04c1-424b-9868-57a2d4851a1d" />
    <TestEntry testId="6bab6699-9713-b238-5a17-ef14efca37b0" executionId="c0dd6821-42d1-4c1e-86af-b62ef6ec9f45" testListId="8c84fa94-04c1-424b-9868-57a2d4851a1d" />
    <TestEntry testId="4b28711c-31b6-7bcd-ac1e-7cb151c1f762" executionId="18b15844-2292-46ae-9cd6-f417cd7f59f6" testListId="8c84fa94-04c1-424b-9868-57a2d4851a1d" />
    <TestEntry testId="a5fc2ae8-ba62-1bf2-439e-77d73b85440f" executionId="4a404e04-90eb-4e12-a6ae-9726466ac46d" testListId="8c84fa94-04c1-424b-9868-57a2d4851a1d" />
    <TestEntry testId="b69cb284-0369-ad5b-7e94-54bf0d72caea" executionId="3e720a11-70bc-4dc7-bd4e-7ee0095d9098" testListId="8c84fa94-04c1-424b-9868-57a2d4851a1d" />
    <TestEntry testId="dac8381a-2b07-a506-832f-53fe9fd4076a" executionId="c40544b3-6498-4a73-82e3-58bc32ae5b62" testListId="8c84fa94-04c1-424b-9868-57a2d4851a1d" />
    <TestEntry testId="c6a92652-6ab0-4762-625e-de206ba4d88a" executionId="1f953004-ecff-48ca-a2ad-575c37704ec0" testListId="8c84fa94-04c1-424b-9868-57a2d4851a1d" />
    <TestEntry testId="6c8d9547-9cf5-ce30-f528-0d7f7a2b20ed" executionId="1a13ae4f-e0dc-42a1-8534-b101731fbaa5" testListId="8c84fa94-04c1-424b-9868-57a2d4851a1d" />
    <TestEntry testId="cfec85fe-66e0-7ac6-d646-59d7a9bc5243" executionId="c3b94bca-494e-46e3-998f-e7dc48d6fffe" testListId="8c84fa94-04c1-424b-9868-57a2d4851a1d" />
    <TestEntry testId="b4586cda-b738-193f-c577-a6f50aeccc3a" executionId="42b00b7e-8391-4b6a-b573-937395c8157c" testListId="8c84fa94-04c1-424b-9868-57a2d4851a1d" />
    <TestEntry testId="db1abdd6-8a26-8208-2578-47bc52c7c661" executionId="84d6f4f2-d68f-4685-9ae1-996aa88754f4" testListId="8c84fa94-04c1-424b-9868-57a2d4851a1d" />
    <TestEntry testId="354fc1c2-7826-3d91-15c2-47a7701dfa6c" executionId="e6fe8c08-12b4-40d1-9633-9034bbd15299" testListId="8c84fa94-04c1-424b-9868-57a2d4851a1d" />
  </TestEntries>
  <Results>
    <UnitTestResult executionId="25279564-8e7b-44e8-abef-d2f64676337a" testId="294e4ab6-24bc-09e2-f2c4-e404bcd8ca74" testName="LogMoveShouldNotOverwriteMoves" computerName="MANTA" duration="00:00:00.0112656" startTime="2014-02-14T11:01:27.2345153-06:00" endTime="2014-02-14T11:01:27.3595167-06:00" testType="13cdc9d9-ddb5-4fa4-a97d-d965ccfc6d4b" outcome="Passed" testListId="8c84fa94-04c1-424b-9868-57a2d4851a1d" relativeResultsDirectory="25279564-8e7b-44e8-abef-d2f64676337a">
    </UnitTestResult>
    <UnitTestResult executionId="244c7b5c-7505-4864-852f-f6fe071ed39b" testId="4a5d0dc1-d13a-483c-f7b7-2695d82834df" testName="RewritePlayerWillRewritePlayers" computerName="MANTA" duration="00:00:00.0010250" startTime="2014-02-14T11:01:27.3595167-06:00" endTime="2014-02-14T11:01:27.3595167-06:00" testType="13cdc9d9-ddb5-4fa4-a97d-d965ccfc6d4b" outcome="Passed" testListId="8c84fa94-04c1-424b-9868-57a2d4851a1d" relativeResultsDirectory="244c7b5c-7505-4864-852f-f6fe071ed39b">
    </UnitTestResult>
    <UnitTestResult executionId="a92781b7-8746-4a4e-ad32-fdb38b42608e" testId="aae16033-deb4-9bfc-2533-fbfd5587148d" testName="BoardManagerShouldBeAbleToCheckTheValidityOfAMove" computerName="MANTA" duration="00:00:00.0002736" startTime="2014-02-14T11:01:27.3595167-06:00" endTime="2014-02-14T11:01:27.3595167-06:00" testType="13cdc9d9-ddb5-4fa4-a97d-d965ccfc6d4b" outcome="Passed" testListId="8c84fa94-04c1-424b-9868-57a2d4851a1d" relativeResultsDirectory="a92781b7-8746-4a4e-ad32-fdb38b42608e">
    </UnitTestResult>
    <UnitTestResult executionId="77256556-e74e-4a56-af3e-ad1037cb05ea" testId="9a6fa991-0417-a613-f3ed-5f76c5b3a166" testName="GameShouldHaveTwoAIs" computerName="MANTA" duration="00:00:00.0009823" startTime="2014-02-14T11:01:27.3595167-06:00" endTime="2014-02-14T11:01:27.3595167-06:00" testType="13cdc9d9-ddb5-4fa4-a97d-d965ccfc6d4b" outcome="Passed" testListId="8c84fa94-04c1-424b-9868-57a2d4851a1d" relativeResultsDirectory="77256556-e74e-4a56-af3e-ad1037cb05ea">
    </UnitTestResult>
    <UnitTestResult executionId="3e029598-12b8-4959-bb21-ae751deb70d4" testId="942d27be-4956-2462-c253-fa6c40270118" testName="AddPlayerWontInputMoreThanTwoPlayers" computerName="MANTA" duration="00:00:00.0002189" startTime="2014-02-14T11:01:27.3751423-06:00" endTime="2014-02-14T11:01:27.3751423-06:00" testType="13cdc9d9-ddb5-4fa4-a97d-d965ccfc6d4b" outcome="Passed" testListId="8c84fa94-04c1-424b-9868-57a2d4851a1d" relativeResultsDirectory="3e029598-12b8-4959-bb21-ae751deb70d4">
    </UnitTestResult>
    <UnitTestResult executionId="97302e19-a13b-4819-8b34-1b2463985313" testId="3acbb4e3-a054-f565-e60a-1a68c1f94e42" testName="GetRandomMoveShouldReturnARandomMoveFromAvailableSpaces" computerName="MANTA" duration="00:00:00.0008300" startTime="2014-02-14T11:01:27.3751423-06:00" endTime="2014-02-14T11:01:27.3751423-06:00" testType="13cdc9d9-ddb5-4fa4-a97d-d965ccfc6d4b" outcome="Passed" testListId="8c84fa94-04c1-424b-9868-57a2d4851a1d" relativeResultsDirectory="97302e19-a13b-4819-8b34-1b2463985313">
    </UnitTestResult>
    <UnitTestResult executionId="568d849a-6b7f-4176-aa0e-c076ae35732c" testId="c08bc9e4-6f3f-c8c1-4824-e6ff27ed7b61" testName="CreateNewBoardShouldCreateA3x3TTTBoard" computerName="MANTA" duration="00:00:00.0002232" startTime="2014-02-14T11:01:27.3751423-06:00" endTime="2014-02-14T11:01:27.3751423-06:00" testType="13cdc9d9-ddb5-4fa4-a97d-d965ccfc6d4b" outcome="Passed" testListId="8c84fa94-04c1-424b-9868-57a2d4851a1d" relativeResultsDirectory="568d849a-6b7f-4176-aa0e-c076ae35732c">
    </UnitTestResult>
    <UnitTestResult executionId="13f7f058-60de-4c1d-9679-0e62c80e7abe" testId="358726f6-a8ae-8a83-e103-c1311aaff0fd" testName="GameManagerConstructorTest" computerName="MANTA" duration="00:00:00.0002514" startTime="2014-02-14T11:01:27.3751423-06:00" endTime="2014-02-14T11:01:27.3907661-06:00" testType="13cdc9d9-ddb5-4fa4-a97d-d965ccfc6d4b" outcome="Passed" testListId="8c84fa94-04c1-424b-9868-57a2d4851a1d" relativeResultsDirectory="13f7f058-60de-4c1d-9679-0e62c80e7abe">
    </UnitTestResult>
    <UnitTestResult executionId="438540ad-61a9-489f-be0c-809a612f7b6a" testId="99795f50-df1d-e4ea-c081-b30bb5dcbc32" testName="ShouldNotBeAbleToMakeTwoPlayersWithIdenticalIdentities" computerName="MANTA" duration="00:00:00.0005033" startTime="2014-02-14T11:01:27.4063930-06:00" endTime="2014-02-14T11:01:27.4063930-06:00" testType="13cdc9d9-ddb5-4fa4-a97d-d965ccfc6d4b" outcome="Passed" testListId="8c84fa94-04c1-424b-9868-57a2d4851a1d" relativeResultsDirectory="438540ad-61a9-489f-be0c-809a612f7b6a">
    </UnitTestResult>
    <UnitTestResult executionId="b8fc5fc1-d64f-4f3d-9f36-d208c24ddc03" testId="509e90fa-e375-3ac4-4f7b-80bf8c25c657" testName="AddPlayerShouldNotOverwritePlayers" computerName="MANTA" duration="00:00:00.0001727" startTime="2014-02-14T11:01:27.4063930-06:00" endTime="2014-02-14T11:01:27.4063930-06:00" testType="13cdc9d9-ddb5-4fa4-a97d-d965ccfc6d4b" outcome="Passed" testListId="8c84fa94-04c1-424b-9868-57a2d4851a1d" relativeResultsDirectory="b8fc5fc1-d64f-4f3d-9f36-d208c24ddc03">
    </UnitTestResult>
    <UnitTestResult executionId="8647516d-40a3-4481-b8a7-dd0b1f6f0870" testId="35867376-516b-bb80-39b8-b5134142b77c" testName="GameManagerFullConstructorTest" computerName="MANTA" duration="00:00:00.0002018" startTime="2014-02-14T11:01:27.4063930-06:00" endTime="2014-02-14T11:01:27.4063930-06:00" testType="13cdc9d9-ddb5-4fa4-a97d-d965ccfc6d4b" outcome="Passed" testListId="8c84fa94-04c1-424b-9868-57a2d4851a1d" relativeResultsDirectory="8647516d-40a3-4481-b8a7-dd0b1f6f0870">
    </UnitTestResult>
    <UnitTestResult executionId="8ca08f6b-5210-4352-94d0-542c1c364808" testId="ce84697a-d830-63f0-40aa-89c3346e8066" testName="CheckForWinShouldReturnTrueIfThereAreThreeOsInARow" computerName="MANTA" duration="00:00:00.0012329" startTime="2014-02-14T11:01:27.4063930-06:00" endTime="2014-02-14T11:01:27.4220172-06:00" testType="13cdc9d9-ddb5-4fa4-a97d-d965ccfc6d4b" outcome="Passed" testListId="8c84fa94-04c1-424b-9868-57a2d4851a1d" relativeResultsDirectory="8ca08f6b-5210-4352-94d0-542c1c364808">
    </UnitTestResult>
    <UnitTestResult executionId="d50c4c7b-80de-4cb0-8009-ebcef2c3607b" testId="5e9274aa-9856-4b9d-3df4-a0d60e1aa29a" testName="GameShouldBeAbleToCheckAMovesValidity" computerName="MANTA" duration="00:00:00.0004563" startTime="2014-02-14T11:01:27.4220172-06:00" endTime="2014-02-14T11:01:27.4220172-06:00" testType="13cdc9d9-ddb5-4fa4-a97d-d965ccfc6d4b" outcome="Passed" testListId="8c84fa94-04c1-424b-9868-57a2d4851a1d" relativeResultsDirectory="d50c4c7b-80de-4cb0-8009-ebcef2c3607b">
    </UnitTestResult>
    <UnitTestResult executionId="672be3b6-9fe7-4e7b-8c84-ee56fa19f9d2" testId="0aff7c26-8441-3caa-a0cf-bf0199fb6a21" testName="MakeMoveShouldMakeACreatedMove" computerName="MANTA" duration="00:00:00.0002681" startTime="2014-02-14T11:01:27.4220172-06:00" endTime="2014-02-14T11:01:27.4220172-06:00" testType="13cdc9d9-ddb5-4fa4-a97d-d965ccfc6d4b" outcome="Passed" testListId="8c84fa94-04c1-424b-9868-57a2d4851a1d" relativeResultsDirectory="672be3b6-9fe7-4e7b-8c84-ee56fa19f9d2">
    </UnitTestResult>
    <UnitTestResult executionId="59acc1ee-013b-4efe-8817-62e2d62d7483" testId="ff28ecd5-0eb2-e304-22ce-a481dbcde59f" testName="GameShouldBeAbleToLogMoves" computerName="MANTA" duration="00:00:00.0001642" startTime="2014-02-14T11:01:27.4220172-06:00" endTime="2014-02-14T11:01:27.4220172-06:00" testType="13cdc9d9-ddb5-4fa4-a97d-d965ccfc6d4b" outcome="Passed" testListId="8c84fa94-04c1-424b-9868-57a2d4851a1d" relativeResultsDirectory="59acc1ee-013b-4efe-8817-62e2d62d7483">
    </UnitTestResult>
    <UnitTestResult executionId="99478af4-02c8-47c5-b629-fa74ef64d872" testId="5796ba2d-0a22-8ee9-5ec5-effdc2680ab5" testName="ConstructorShouldDefaultToX" computerName="MANTA" duration="00:00:00.0001398" startTime="2014-02-14T11:01:27.4220172-06:00" endTime="2014-02-14T11:01:27.4220172-06:00" testType="13cdc9d9-ddb5-4fa4-a97d-d965ccfc6d4b" outcome="Passed" testListId="8c84fa94-04c1-424b-9868-57a2d4851a1d" relativeResultsDirectory="99478af4-02c8-47c5-b629-fa74ef64d872">
    </UnitTestResult>
    <UnitTestResult executionId="06040233-b3e5-407f-8702-ee2f97279fff" testId="1b98b33c-61f0-f856-5cfb-9b08461064bb" testName="CheckForWinShouldReturnTrueIfThereAreThreeXsInARow" computerName="MANTA" duration="00:00:00.0010387" startTime="2014-02-14T11:01:27.4220172-06:00" endTime="2014-02-14T11:01:27.4376419-06:00" testType="13cdc9d9-ddb5-4fa4-a97d-d965ccfc6d4b" outcome="Passed" testListId="8c84fa94-04c1-424b-9868-57a2d4851a1d" relativeResultsDirectory="06040233-b3e5-407f-8702-ee2f97279fff">
    </UnitTestResult>
    <UnitTestResult executionId="c0dd6821-42d1-4c1e-86af-b62ef6ec9f45" testId="6bab6699-9713-b238-5a17-ef14efca37b0" testName="PresentationManagerShouldBeAbleToPrintTheBoard" computerName="MANTA" duration="00:00:00.0008112" startTime="2014-02-14T11:01:27.4376419-06:00" endTime="2014-02-14T11:01:27.4376419-06:00" testType="13cdc9d9-ddb5-4fa4-a97d-d965ccfc6d4b" outcome="Passed" testListId="8c84fa94-04c1-424b-9868-57a2d4851a1d" relativeResultsDirectory="c0dd6821-42d1-4c1e-86af-b62ef6ec9f45">
      <Output>
        <StdOut>[ ][ ][ ]
[ ][ ][ ]
[ ][ ][ ]
[ ][ ][ ]
[ ][X][ ]
[ ][ ][ ]
[O][ ][ ]
[ ][X][ ]
[ ][ ][ ]
[O][ ][X]
[ ][X][ ]
[ ][ ][ ]
[O][ ][X]
[ ][X][ ]
[O][ ][ ]</StdOut>
      </Output>
    </UnitTestResult>
    <UnitTestResult executionId="18b15844-2292-46ae-9cd6-f417cd7f59f6" testId="4b28711c-31b6-7bcd-ac1e-7cb151c1f762" testName="ShouldBeAbleToCreatePlayersForO" computerName="MANTA" duration="00:00:00.0001304" startTime="2014-02-14T11:01:27.4376419-06:00" endTime="2014-02-14T11:01:27.4376419-06:00" testType="13cdc9d9-ddb5-4fa4-a97d-d965ccfc6d4b" outcome="Passed" testListId="8c84fa94-04c1-424b-9868-57a2d4851a1d" relativeResultsDirectory="18b15844-2292-46ae-9cd6-f417cd7f59f6">
    </UnitTestResult>
    <UnitTestResult executionId="4a404e04-90eb-4e12-a6ae-9726466ac46d" testId="a5fc2ae8-ba62-1bf2-439e-77d73b85440f" testName="GameManagerEmptyConstructorTest" computerName="MANTA" duration="00:00:00.0001069" startTime="2014-02-14T11:01:27.4376419-06:00" endTime="2014-02-14T11:01:27.4376419-06:00" testType="13cdc9d9-ddb5-4fa4-a97d-d965ccfc6d4b" outcome="Passed" testListId="8c84fa94-04c1-424b-9868-57a2d4851a1d" relativeResultsDirectory="4a404e04-90eb-4e12-a6ae-9726466ac46d">
    </UnitTestResult>
    <UnitTestResult executionId="3e720a11-70bc-4dc7-bd4e-7ee0095d9098" testId="b69cb284-0369-ad5b-7e94-54bf0d72caea" testName="PresentationManagerShouldBeAbleToPromptUsers" computerName="MANTA" duration="00:00:00.0001603" startTime="2014-02-14T11:01:27.4376419-06:00" endTime="2014-02-14T11:01:27.4532688-06:00" testType="13cdc9d9-ddb5-4fa4-a97d-d965ccfc6d4b" outcome="Passed" testListId="8c84fa94-04c1-424b-9868-57a2d4851a1d" relativeResultsDirectory="3e720a11-70bc-4dc7-bd4e-7ee0095d9098">
      <Output>
        <StdOut>Choose a mode:</StdOut>
      </Output>
    </UnitTestResult>
    <UnitTestResult executionId="c40544b3-6498-4a73-82e3-58bc32ae5b62" testId="dac8381a-2b07-a506-832f-53fe9fd4076a" testName="GameShouldBeAbleToMakeMovesOnBehalfOfItsPlayers" computerName="MANTA" duration="00:00:00.0002334" startTime="2014-02-14T11:01:27.4532688-06:00" endTime="2014-02-14T11:01:27.4532688-06:00" testType="13cdc9d9-ddb5-4fa4-a97d-d965ccfc6d4b" outcome="Passed" testListId="8c84fa94-04c1-424b-9868-57a2d4851a1d" relativeResultsDirectory="c40544b3-6498-4a73-82e3-58bc32ae5b62">
    </UnitTestResult>
    <UnitTestResult executionId="1f953004-ecff-48ca-a2ad-575c37704ec0" testId="c6a92652-6ab0-4762-625e-de206ba4d88a" testName="ComputerAIConstructorTest" computerName="MANTA" duration="00:00:00.0001937" startTime="2014-02-14T11:01:27.4532688-06:00" endTime="2014-02-14T11:01:27.4532688-06:00" testType="13cdc9d9-ddb5-4fa4-a97d-d965ccfc6d4b" outcome="Passed" testListId="8c84fa94-04c1-424b-9868-57a2d4851a1d" relativeResultsDirectory="1f953004-ecff-48ca-a2ad-575c37704ec0">
    </UnitTestResult>
    <UnitTestResult executionId="1a13ae4f-e0dc-42a1-8534-b101731fbaa5" testId="6c8d9547-9cf5-ce30-f528-0d7f7a2b20ed" testName="BoardManagerConstructorTest" computerName="MANTA" duration="00:00:00.0001381" startTime="2014-02-14T11:01:27.4532688-06:00" endTime="2014-02-14T11:01:27.4532688-06:00" testType="13cdc9d9-ddb5-4fa4-a97d-d965ccfc6d4b" outcome="Passed" testListId="8c84fa94-04c1-424b-9868-57a2d4851a1d" relativeResultsDirectory="1a13ae4f-e0dc-42a1-8534-b101731fbaa5">
    </UnitTestResult>
    <UnitTestResult executionId="c3b94bca-494e-46e3-998f-e7dc48d6fffe" testId="cfec85fe-66e0-7ac6-d646-59d7a9bc5243" testName="ResetGameShouldBlankAllValues" computerName="MANTA" duration="00:00:00.0002471" startTime="2014-02-14T11:01:27.4532688-06:00" endTime="2014-02-14T11:01:27.4532688-06:00" testType="13cdc9d9-ddb5-4fa4-a97d-d965ccfc6d4b" outcome="Passed" testListId="8c84fa94-04c1-424b-9868-57a2d4851a1d" relativeResultsDirectory="c3b94bca-494e-46e3-998f-e7dc48d6fffe">
    </UnitTestResult>
    <UnitTestResult executionId="42b00b7e-8391-4b6a-b573-937395c8157c" testId="b4586cda-b738-193f-c577-a6f50aeccc3a" testName="ShouldBeAbleToAddPlayers" computerName="MANTA" duration="00:00:00.0001642" startTime="2014-02-14T11:01:27.4532688-06:00" endTime="2014-02-14T11:01:27.4689050-06:00" testType="13cdc9d9-ddb5-4fa4-a97d-d965ccfc6d4b" outcome="Passed" testListId="8c84fa94-04c1-424b-9868-57a2d4851a1d" relativeResultsDirectory="42b00b7e-8391-4b6a-b573-937395c8157c">
    </UnitTestResult>
    <UnitTestResult executionId="84d6f4f2-d68f-4685-9ae1-996aa88754f4" testId="db1abdd6-8a26-8208-2578-47bc52c7c661" testName="LogMoveShouldLogACreatedMove" computerName="MANTA" duration="00:00:00.0001808" startTime="2014-02-14T11:01:27.4689050-06:00" endTime="2014-02-14T11:01:27.4689050-06:00" testType="13cdc9d9-ddb5-4fa4-a97d-d965ccfc6d4b" outcome="Passed" testListId="8c84fa94-04c1-424b-9868-57a2d4851a1d" relativeResultsDirectory="84d6f4f2-d68f-4685-9ae1-996aa88754f4">
    </UnitTestResult>
    <UnitTestResult executionId="e6fe8c08-12b4-40d1-9633-9034bbd15299" testId="354fc1c2-7826-3d91-15c2-47a7701dfa6c" testName="BoardManagerShouldKnowIfThereIsATie" computerName="MANTA" duration="00:00:00.0005191" startTime="2014-02-14T11:01:27.4689050-06:00" endTime="2014-02-14T11:01:27.4689050-06:00" testType="13cdc9d9-ddb5-4fa4-a97d-d965ccfc6d4b" outcome="Passed" testListId="8c84fa94-04c1-424b-9868-57a2d4851a1d" relativeResultsDirectory="e6fe8c08-12b4-40d1-9633-9034bbd15299">
    </UnitTestResult>
  </Results>
</TestRun>