<?xml version="1.0" encoding="UTF-8"?>
<TestRun id="22b1cbec-5a90-407c-8781-3ecadae460f7" name="Jacob@MANTA 2014-01-29 12:44:39" runUser="MANTA\Jacob" xmlns="http://microsoft.com/schemas/VisualStudio/TeamTest/2010">
  <TestSettings name="Local" id="7c6903b5-04f0-4edb-852a-89e5b22e03f9">
    <Description>These are default test settings for a local test run.</Description>
    <Deployment enabled="false" runDeploymentRoot="Jacob_MANTA 2014-01-29 12_44_39">
      <DeploymentItem filename="C:\Users\Jacob\Documents\Visual Studio 2010\Projects\TTT_ClassLibrary\TTT_ClassLibrary\bin\Debug\TTT_ClassLibrary.dll" />
    </Deployment>
    <Execution>
      <TestTypeSpecific />
      <AgentRule name="Execution Agents">
      </AgentRule>
    </Execution>
  </TestSettings>
  <Times creation="2014-01-29T12:44:39.9755065-06:00" queuing="2014-01-29T12:44:39.9855008-06:00" start="2014-01-29T12:44:39.9895143-06:00" finish="2014-01-29T12:44:40.1906454-06:00" />
  <ResultSummary outcome="Failed">
    <Counters total="7" executed="7" passed="6" error="0" failed="1" timeout="0" aborted="0" inconclusive="0" passedButRunAborted="0" notRunnable="0" notExecuted="0" disconnected="0" warning="0" completed="0" inProgress="0" pending="0" />
  </ResultSummary>
  <TestDefinitions>
    <UnitTest name="CreateNewBoardShouldCreateA3x3TTTBoard" storage="c:\users\jacob\documents\visual studio 2010\projects\ttt_classlibrary\tictactoetests\bin\debug\tictactoetests.dll" id="c08bc9e4-6f3f-c8c1-4824-e6ff27ed7b61">
      <Execution id="67efeb1c-42f5-4315-8ce6-e2d51e513f3e" />
      <TestMethod codeBase="C:/Users/Jacob/Documents/Visual Studio 2010/Projects/TTT_ClassLibrary/TicTacToeTests/bin/Debug/TicTacToeTests.DLL" adapterTypeName="Microsoft.VisualStudio.TestTools.TestTypes.Unit.UnitTestAdapter, Microsoft.VisualStudio.QualityTools.Tips.UnitTest.Adapter, Version=10.0.0.0, Culture=neutral, PublicKeyToken=b03f5f7f11d50a3a" className="TicTacToeTests.BoardManagerTest, TicTacToeTests, Version=1.0.0.0, Culture=neutral, PublicKeyToken=null" name="CreateNewBoardShouldCreateA3x3TTTBoard" />
    </UnitTest>
    <UnitTest name="BoardManagerConstructorTest" storage="c:\users\jacob\documents\visual studio 2010\projects\ttt_classlibrary\tictactoetests\bin\debug\tictactoetests.dll" id="6c8d9547-9cf5-ce30-f528-0d7f7a2b20ed">
      <Execution id="ba8ac30a-6162-45be-b133-22b9b3867631" />
      <TestMethod codeBase="C:/Users/Jacob/Documents/Visual Studio 2010/Projects/TTT_ClassLibrary/TicTacToeTests/bin/Debug/TicTacToeTests.DLL" adapterTypeName="Microsoft.VisualStudio.TestTools.TestTypes.Unit.UnitTestAdapter, Microsoft.VisualStudio.QualityTools.Tips.UnitTest.Adapter, Version=10.0.0.0, Culture=neutral, PublicKeyToken=b03f5f7f11d50a3a" className="TicTacToeTests.BoardManagerTest, TicTacToeTests, Version=1.0.0.0, Culture=neutral, PublicKeyToken=null" name="BoardManagerConstructorTest" />
    </UnitTest>
    <UnitTest name="ShouldBeAbleToCreatePlayersForO" storage="c:\users\jacob\documents\visual studio 2010\projects\ttt_classlibrary\tictactoetests\bin\debug\tictactoetests.dll" id="4b28711c-31b6-7bcd-ac1e-7cb151c1f762">
      <Execution id="f100b4de-5810-4017-8df4-9f57ec1602d1" />
      <TestMethod codeBase="C:/Users/Jacob/Documents/Visual Studio 2010/Projects/TTT_ClassLibrary/TicTacToeTests/bin/Debug/TicTacToeTests.DLL" adapterTypeName="Microsoft.VisualStudio.TestTools.TestTypes.Unit.UnitTestAdapter, Microsoft.VisualStudio.QualityTools.Tips.UnitTest.Adapter, Version=10.0.0.0, Culture=neutral, PublicKeyToken=b03f5f7f11d50a3a" className="TicTacToeTests.HumanPlayerTest, TicTacToeTests, Version=1.0.0.0, Culture=neutral, PublicKeyToken=null" name="ShouldBeAbleToCreatePlayersForO" />
    </UnitTest>
    <UnitTest name="CheckForWinShouldReturnTrueIfThereAreThreeXsInARow" storage="c:\users\jacob\documents\visual studio 2010\projects\ttt_classlibrary\tictactoetests\bin\debug\tictactoetests.dll" id="b7a15b1b-9010-af6d-2a52-6df94a79565a">
      <Execution id="06b0e771-f40c-4aaa-ac5f-1ac17869e4fe" />
      <TestMethod codeBase="C:/Users/Jacob/Documents/Visual Studio 2010/Projects/TTT_ClassLibrary/TicTacToeTests/bin/Debug/TicTacToeTests.DLL" adapterTypeName="Microsoft.VisualStudio.TestTools.TestTypes.Unit.UnitTestAdapter, Microsoft.VisualStudio.QualityTools.Tips.UnitTest.Adapter, Version=10.0.0.0, Culture=neutral, PublicKeyToken=b03f5f7f11d50a3a" className="TicTacToeTests.BoardManagerTest, TicTacToeTests, Version=1.0.0.0, Culture=neutral, PublicKeyToken=null" name="CheckForWinShouldReturnTrueIfThereAreThreeXsInARow" />
    </UnitTest>
    <UnitTest name="LogMoveShouldLogACreatedMove" storage="c:\users\jacob\documents\visual studio 2010\projects\ttt_classlibrary\tictactoetests\bin\debug\tictactoetests.dll" id="db1abdd6-8a26-8208-2578-47bc52c7c661">
      <Execution id="013efa24-b208-4858-b94b-9a0216302996" />
      <TestMethod codeBase="C:/Users/Jacob/Documents/Visual Studio 2010/Projects/TTT_ClassLibrary/TicTacToeTests/bin/Debug/TicTacToeTests.DLL" adapterTypeName="Microsoft.VisualStudio.TestTools.TestTypes.Unit.UnitTestAdapter, Microsoft.VisualStudio.QualityTools.Tips.UnitTest.Adapter, Version=10.0.0.0, Culture=neutral, PublicKeyToken=b03f5f7f11d50a3a" className="TicTacToeTests.BoardManagerTest, TicTacToeTests, Version=1.0.0.0, Culture=neutral, PublicKeyToken=null" name="LogMoveShouldLogACreatedMove" />
    </UnitTest>
    <UnitTest name="ConstructorShouldDefaultToX" storage="c:\users\jacob\documents\visual studio 2010\projects\ttt_classlibrary\tictactoetests\bin\debug\tictactoetests.dll" id="5796ba2d-0a22-8ee9-5ec5-effdc2680ab5">
      <Execution id="983bd203-484d-4637-b8f0-1ad13b1384b4" />
      <TestMethod codeBase="C:/Users/Jacob/Documents/Visual Studio 2010/Projects/TTT_ClassLibrary/TicTacToeTests/bin/Debug/TicTacToeTests.DLL" adapterTypeName="Microsoft.VisualStudio.TestTools.TestTypes.Unit.UnitTestAdapter, Microsoft.VisualStudio.QualityTools.Tips.UnitTest.Adapter, Version=10.0.0.0, Culture=neutral, PublicKeyToken=b03f5f7f11d50a3a" className="TicTacToeTests.HumanPlayerTest, TicTacToeTests, Version=1.0.0.0, Culture=neutral, PublicKeyToken=null" name="ConstructorShouldDefaultToX" />
    </UnitTest>
    <UnitTest name="MakeMoveShouldMakeACreatedMove" storage="c:\users\jacob\documents\visual studio 2010\projects\ttt_classlibrary\tictactoetests\bin\debug\tictactoetests.dll" id="0aff7c26-8441-3caa-a0cf-bf0199fb6a21">
      <Execution id="ea3f55e5-794c-4eba-8edb-f491bf2c0e55" />
      <TestMethod codeBase="C:/Users/Jacob/Documents/Visual Studio 2010/Projects/TTT_ClassLibrary/TicTacToeTests/bin/Debug/TicTacToeTests.DLL" adapterTypeName="Microsoft.VisualStudio.TestTools.TestTypes.Unit.UnitTestAdapter, Microsoft.VisualStudio.QualityTools.Tips.UnitTest.Adapter, Version=10.0.0.0, Culture=neutral, PublicKeyToken=b03f5f7f11d50a3a" className="TicTacToeTests.HumanPlayerTest, TicTacToeTests, Version=1.0.0.0, Culture=neutral, PublicKeyToken=null" name="MakeMoveShouldMakeACreatedMove" />
    </UnitTest>
  </TestDefinitions>
  <TestLists>
    <TestList name="Results Not in a List" id="8c84fa94-04c1-424b-9868-57a2d4851a1d" />
    <TestList name="All Loaded Results" id="19431567-8539-422a-85d7-44ee4e166bda" />
  </TestLists>
  <TestEntries>
    <TestEntry testId="6c8d9547-9cf5-ce30-f528-0d7f7a2b20ed" executionId="ba8ac30a-6162-45be-b133-22b9b3867631" testListId="8c84fa94-04c1-424b-9868-57a2d4851a1d" />
    <TestEntry testId="db1abdd6-8a26-8208-2578-47bc52c7c661" executionId="013efa24-b208-4858-b94b-9a0216302996" testListId="8c84fa94-04c1-424b-9868-57a2d4851a1d" />
    <TestEntry testId="5796ba2d-0a22-8ee9-5ec5-effdc2680ab5" executionId="983bd203-484d-4637-b8f0-1ad13b1384b4" testListId="8c84fa94-04c1-424b-9868-57a2d4851a1d" />
    <TestEntry testId="4b28711c-31b6-7bcd-ac1e-7cb151c1f762" executionId="f100b4de-5810-4017-8df4-9f57ec1602d1" testListId="8c84fa94-04c1-424b-9868-57a2d4851a1d" />
    <TestEntry testId="0aff7c26-8441-3caa-a0cf-bf0199fb6a21" executionId="ea3f55e5-794c-4eba-8edb-f491bf2c0e55" testListId="8c84fa94-04c1-424b-9868-57a2d4851a1d" />
    <TestEntry testId="b7a15b1b-9010-af6d-2a52-6df94a79565a" executionId="06b0e771-f40c-4aaa-ac5f-1ac17869e4fe" testListId="8c84fa94-04c1-424b-9868-57a2d4851a1d" />
    <TestEntry testId="c08bc9e4-6f3f-c8c1-4824-e6ff27ed7b61" executionId="67efeb1c-42f5-4315-8ce6-e2d51e513f3e" testListId="8c84fa94-04c1-424b-9868-57a2d4851a1d" />
  </TestEntries>
  <Results>
    <UnitTestResult executionId="ba8ac30a-6162-45be-b133-22b9b3867631" testId="6c8d9547-9cf5-ce30-f528-0d7f7a2b20ed" testName="BoardManagerConstructorTest" computerName="MANTA" duration="00:00:00.0108397" startTime="2014-01-29T12:44:40.0025132-06:00" endTime="2014-01-29T12:44:40.1316037-06:00" testType="13cdc9d9-ddb5-4fa4-a97d-d965ccfc6d4b" outcome="Passed" testListId="8c84fa94-04c1-424b-9868-57a2d4851a1d" relativeResultsDirectory="ba8ac30a-6162-45be-b133-22b9b3867631">
    </UnitTestResult>
    <UnitTestResult executionId="013efa24-b208-4858-b94b-9a0216302996" testId="db1abdd6-8a26-8208-2578-47bc52c7c661" testName="LogMoveShouldLogACreatedMove" computerName="MANTA" duration="00:00:00.0003215" startTime="2014-01-29T12:44:40.1326044-06:00" endTime="2014-01-29T12:44:40.1356069-06:00" testType="13cdc9d9-ddb5-4fa4-a97d-d965ccfc6d4b" outcome="Passed" testListId="8c84fa94-04c1-424b-9868-57a2d4851a1d" relativeResultsDirectory="013efa24-b208-4858-b94b-9a0216302996">
    </UnitTestResult>
    <UnitTestResult executionId="983bd203-484d-4637-b8f0-1ad13b1384b4" testId="5796ba2d-0a22-8ee9-5ec5-effdc2680ab5" testName="ConstructorShouldDefaultToX" computerName="MANTA" duration="00:00:00.0004734" startTime="2014-01-29T12:44:40.1356069-06:00" endTime="2014-01-29T12:44:40.1396097-06:00" testType="13cdc9d9-ddb5-4fa4-a97d-d965ccfc6d4b" outcome="Passed" testListId="8c84fa94-04c1-424b-9868-57a2d4851a1d" relativeResultsDirectory="983bd203-484d-4637-b8f0-1ad13b1384b4">
    </UnitTestResult>
    <UnitTestResult executionId="f100b4de-5810-4017-8df4-9f57ec1602d1" testId="4b28711c-31b6-7bcd-ac1e-7cb151c1f762" testName="ShouldBeAbleToCreatePlayersForO" computerName="MANTA" duration="00:00:00.0002476" startTime="2014-01-29T12:44:40.1396097-06:00" endTime="2014-01-29T12:44:40.1426119-06:00" testType="13cdc9d9-ddb5-4fa4-a97d-d965ccfc6d4b" outcome="Passed" testListId="8c84fa94-04c1-424b-9868-57a2d4851a1d" relativeResultsDirectory="f100b4de-5810-4017-8df4-9f57ec1602d1">
    </UnitTestResult>
    <UnitTestResult executionId="ea3f55e5-794c-4eba-8edb-f491bf2c0e55" testId="0aff7c26-8441-3caa-a0cf-bf0199fb6a21" testName="MakeMoveShouldMakeACreatedMove" computerName="MANTA" duration="00:00:00.0003399" startTime="2014-01-29T12:44:40.1436139-06:00" endTime="2014-01-29T12:44:40.1456140-06:00" testType="13cdc9d9-ddb5-4fa4-a97d-d965ccfc6d4b" outcome="Passed" testListId="8c84fa94-04c1-424b-9868-57a2d4851a1d" relativeResultsDirectory="ea3f55e5-794c-4eba-8edb-f491bf2c0e55">
    </UnitTestResult>
    <UnitTestResult executionId="06b0e771-f40c-4aaa-ac5f-1ac17869e4fe" testId="b7a15b1b-9010-af6d-2a52-6df94a79565a" testName="CheckForWinShouldReturnTrueIfThereAreThreeXsInARow" computerName="MANTA" duration="00:00:00.0093891" startTime="2014-01-29T12:44:40.1466147-06:00" endTime="2014-01-29T12:44:40.1586232-06:00" testType="13cdc9d9-ddb5-4fa4-a97d-d965ccfc6d4b" outcome="Failed" testListId="8c84fa94-04c1-424b-9868-57a2d4851a1d" relativeResultsDirectory="06b0e771-f40c-4aaa-ac5f-1ac17869e4fe">
      <Output>
        <ErrorInfo>
          <Message>Assert.AreEqual failed. Expected:&lt;True&gt;. Actual:&lt;False&gt;. </Message>
          <StackTrace>   at TicTacToeTests.BoardManagerTest.CheckForWinShouldReturnTrueIfThereAreThreeXsInARow() in C:\Users\Jacob\Documents\Visual Studio 2010\Projects\TTT_ClassLibrary\TicTacToeTests\BoardManagerTest.cs:line 137
</StackTrace>
        </ErrorInfo>
      </Output>
    </UnitTestResult>
    <UnitTestResult executionId="67efeb1c-42f5-4315-8ce6-e2d51e513f3e" testId="c08bc9e4-6f3f-c8c1-4824-e6ff27ed7b61" testName="CreateNewBoardShouldCreateA3x3TTTBoard" computerName="MANTA" duration="00:00:00.0002390" startTime="2014-01-29T12:44:40.1596342-06:00" endTime="2014-01-29T12:44:40.1616253-06:00" testType="13cdc9d9-ddb5-4fa4-a97d-d965ccfc6d4b" outcome="Passed" testListId="8c84fa94-04c1-424b-9868-57a2d4851a1d" relativeResultsDirectory="67efeb1c-42f5-4315-8ce6-e2d51e513f3e">
    </UnitTestResult>
  </Results>
</TestRun>