<?xml version="1.0" encoding="UTF-8"?>
<TestRun id="b2a5469d-7064-4b0c-a2cc-986447e14402" name="Jacob@MANTA 2014-02-16 14:48:51" runUser="MANTA\Jacob" xmlns="http://microsoft.com/schemas/VisualStudio/TeamTest/2010">
  <TestSettings name="Local" id="7c6903b5-04f0-4edb-852a-89e5b22e03f9">
    <Description>These are default test settings for a local test run.</Description>
    <Deployment userDeploymentRoot="C:\Users\Jacob\Documents\Visual Studio 2010\Projects\TTT_ClassLibrary\TestResults" useDefaultDeploymentRoot="false" enabled="false" runDeploymentRoot="Jacob_MANTA 2014-02-16 14_48_51">
      <DeploymentItem filename="C:\Users\Jacob\Documents\Visual Studio 2010\Projects\TTT_ClassLibrary\TTT_ClassLibrary\bin\Debug\TTT_ClassLibrary.dll" />
    </Deployment>
    <Execution>
      <TestTypeSpecific />
      <AgentRule name="Execution Agents">
      </AgentRule>
    </Execution>
  </TestSettings>
  <Times creation="2014-02-16T14:48:51.0245576-06:00" queuing="2014-02-16T14:48:51.0335567-06:00" start="2014-02-16T14:48:51.0375604-06:00" finish="2014-02-16T14:48:51.2046771-06:00" />
  <ResultSummary outcome="Completed">
    <Counters total="4" executed="4" passed="4" error="0" failed="0" timeout="0" aborted="0" inconclusive="0" passedButRunAborted="0" notRunnable="0" notExecuted="0" disconnected="0" warning="0" completed="0" inProgress="0" pending="0" />
  </ResultSummary>
  <TestDefinitions>
    <UnitTest name="AddPlayerShouldNotOverwritePlayers" storage="c:\users\jacob\documents\visual studio 2010\projects\ttt_classlibrary\tictactoetests\bin\debug\tictactoetests.dll" id="509e90fa-e375-3ac4-4f7b-80bf8c25c657">
      <Execution id="32444715-fbc2-479e-b6e5-f67a259b520f" />
      <TestMethod codeBase="C:/Users/Jacob/Documents/Visual Studio 2010/Projects/TTT_ClassLibrary/TicTacToeTests/bin/Debug/TicTacToeTests.DLL" adapterTypeName="Microsoft.VisualStudio.TestTools.TestTypes.Unit.UnitTestAdapter, Microsoft.VisualStudio.QualityTools.Tips.UnitTest.Adapter, Version=10.0.0.0, Culture=neutral, PublicKeyToken=b03f5f7f11d50a3a" className="TicTacToeTests.GameTest, TicTacToeTests, Version=1.0.0.0, Culture=neutral, PublicKeyToken=null" name="AddPlayerShouldNotOverwritePlayers" />
    </UnitTest>
    <UnitTest name="ShouldNotBeAbleToMakeTwoPlayersWithIdenticalIdentities" storage="c:\users\jacob\documents\visual studio 2010\projects\ttt_classlibrary\tictactoetests\bin\debug\tictactoetests.dll" id="99795f50-df1d-e4ea-c081-b30bb5dcbc32">
      <Execution id="dd383e73-4d46-4fbd-8cc5-a41ac6638be8" />
      <TestMethod codeBase="C:/Users/Jacob/Documents/Visual Studio 2010/Projects/TTT_ClassLibrary/TicTacToeTests/bin/Debug/TicTacToeTests.DLL" adapterTypeName="Microsoft.VisualStudio.TestTools.TestTypes.Unit.UnitTestAdapter, Microsoft.VisualStudio.QualityTools.Tips.UnitTest.Adapter, Version=10.0.0.0, Culture=neutral, PublicKeyToken=b03f5f7f11d50a3a" className="TicTacToeTests.GameTest, TicTacToeTests, Version=1.0.0.0, Culture=neutral, PublicKeyToken=null" name="ShouldNotBeAbleToMakeTwoPlayersWithIdenticalIdentities" />
    </UnitTest>
    <UnitTest name="RewritePlayerWillRewritePlayers" storage="c:\users\jacob\documents\visual studio 2010\projects\ttt_classlibrary\tictactoetests\bin\debug\tictactoetests.dll" id="4a5d0dc1-d13a-483c-f7b7-2695d82834df">
      <Execution id="19b36296-cdd2-4fde-99e9-396f67838e4e" />
      <TestMethod codeBase="C:/Users/Jacob/Documents/Visual Studio 2010/Projects/TTT_ClassLibrary/TicTacToeTests/bin/Debug/TicTacToeTests.DLL" adapterTypeName="Microsoft.VisualStudio.TestTools.TestTypes.Unit.UnitTestAdapter, Microsoft.VisualStudio.QualityTools.Tips.UnitTest.Adapter, Version=10.0.0.0, Culture=neutral, PublicKeyToken=b03f5f7f11d50a3a" className="TicTacToeTests.GameTest, TicTacToeTests, Version=1.0.0.0, Culture=neutral, PublicKeyToken=null" name="RewritePlayerWillRewritePlayers" />
    </UnitTest>
    <UnitTest name="ShouldBeAbleToAddPlayers" storage="c:\users\jacob\documents\visual studio 2010\projects\ttt_classlibrary\tictactoetests\bin\debug\tictactoetests.dll" id="b4586cda-b738-193f-c577-a6f50aeccc3a">
      <Execution id="c0d19d7d-4cfc-4b1b-86cc-3f8f5814e218" />
      <TestMethod codeBase="C:/Users/Jacob/Documents/Visual Studio 2010/Projects/TTT_ClassLibrary/TicTacToeTests/bin/Debug/TicTacToeTests.DLL" adapterTypeName="Microsoft.VisualStudio.TestTools.TestTypes.Unit.UnitTestAdapter, Microsoft.VisualStudio.QualityTools.Tips.UnitTest.Adapter, Version=10.0.0.0, Culture=neutral, PublicKeyToken=b03f5f7f11d50a3a" className="TicTacToeTests.GameTest, TicTacToeTests, Version=1.0.0.0, Culture=neutral, PublicKeyToken=null" name="ShouldBeAbleToAddPlayers" />
    </UnitTest>
  </TestDefinitions>
  <TestLists>
    <TestList name="Results Not in a List" id="8c84fa94-04c1-424b-9868-57a2d4851a1d" />
    <TestList name="All Loaded Results" id="19431567-8539-422a-85d7-44ee4e166bda" />
  </TestLists>
  <TestEntries>
    <TestEntry testId="4a5d0dc1-d13a-483c-f7b7-2695d82834df" executionId="19b36296-cdd2-4fde-99e9-396f67838e4e" testListId="8c84fa94-04c1-424b-9868-57a2d4851a1d" />
    <TestEntry testId="99795f50-df1d-e4ea-c081-b30bb5dcbc32" executionId="dd383e73-4d46-4fbd-8cc5-a41ac6638be8" testListId="8c84fa94-04c1-424b-9868-57a2d4851a1d" />
    <TestEntry testId="509e90fa-e375-3ac4-4f7b-80bf8c25c657" executionId="32444715-fbc2-479e-b6e5-f67a259b520f" testListId="8c84fa94-04c1-424b-9868-57a2d4851a1d" />
    <TestEntry testId="b4586cda-b738-193f-c577-a6f50aeccc3a" executionId="c0d19d7d-4cfc-4b1b-86cc-3f8f5814e218" testListId="8c84fa94-04c1-424b-9868-57a2d4851a1d" />
  </TestEntries>
  <Results>
    <UnitTestResult executionId="19b36296-cdd2-4fde-99e9-396f67838e4e" testId="4a5d0dc1-d13a-483c-f7b7-2695d82834df" testName="RewritePlayerWillRewritePlayers" computerName="MANTA" duration="00:00:00.0097188" startTime="2014-02-16T14:48:51.0385594-06:00" endTime="2014-02-16T14:48:51.1706658-06:00" testType="13cdc9d9-ddb5-4fa4-a97d-d965ccfc6d4b" outcome="Passed" testListId="8c84fa94-04c1-424b-9868-57a2d4851a1d" relativeResultsDirectory="19b36296-cdd2-4fde-99e9-396f67838e4e">
    </UnitTestResult>
    <UnitTestResult executionId="dd383e73-4d46-4fbd-8cc5-a41ac6638be8" testId="99795f50-df1d-e4ea-c081-b30bb5dcbc32" testName="ShouldNotBeAbleToMakeTwoPlayersWithIdenticalIdentities" computerName="MANTA" duration="00:00:00.0004584" startTime="2014-02-16T14:48:51.1716532-06:00" endTime="2014-02-16T14:48:51.1736679-06:00" testType="13cdc9d9-ddb5-4fa4-a97d-d965ccfc6d4b" outcome="Passed" testListId="8c84fa94-04c1-424b-9868-57a2d4851a1d" relativeResultsDirectory="dd383e73-4d46-4fbd-8cc5-a41ac6638be8">
    </UnitTestResult>
    <UnitTestResult executionId="32444715-fbc2-479e-b6e5-f67a259b520f" testId="509e90fa-e375-3ac4-4f7b-80bf8c25c657" testName="AddPlayerShouldNotOverwritePlayers" computerName="MANTA" duration="00:00:00.0001462" startTime="2014-02-16T14:48:51.1746554-06:00" endTime="2014-02-16T14:48:51.1766585-06:00" testType="13cdc9d9-ddb5-4fa4-a97d-d965ccfc6d4b" outcome="Passed" testListId="8c84fa94-04c1-424b-9868-57a2d4851a1d" relativeResultsDirectory="32444715-fbc2-479e-b6e5-f67a259b520f">
    </UnitTestResult>
    <UnitTestResult executionId="c0d19d7d-4cfc-4b1b-86cc-3f8f5814e218" testId="b4586cda-b738-193f-c577-a6f50aeccc3a" testName="ShouldBeAbleToAddPlayers" computerName="MANTA" duration="00:00:00.0001359" startTime="2014-02-16T14:48:51.1776656-06:00" endTime="2014-02-16T14:48:51.1796589-06:00" testType="13cdc9d9-ddb5-4fa4-a97d-d965ccfc6d4b" outcome="Passed" testListId="8c84fa94-04c1-424b-9868-57a2d4851a1d" relativeResultsDirectory="c0d19d7d-4cfc-4b1b-86cc-3f8f5814e218">
    </UnitTestResult>
  </Results>
</TestRun>