<?xml version="1.0" encoding="UTF-8"?>
<TestRun id="145b276c-d985-45a2-88e4-1818e42df7d1" name="Jacob@MANTA 2014-02-16 11:41:01" runUser="MANTA\Jacob" xmlns="http://microsoft.com/schemas/VisualStudio/TeamTest/2010">
  <TestSettings name="Local" id="7c6903b5-04f0-4edb-852a-89e5b22e03f9">
    <Description>These are default test settings for a local test run.</Description>
    <Deployment enabled="false" runDeploymentRoot="Jacob_MANTA 2014-02-16 11_41_01">
      <DeploymentItem filename="C:\Users\Jacob\Documents\Visual Studio 2010\Projects\TTT_ClassLibrary\TTT_ClassLibrary\bin\Debug\TTT_ClassLibrary.dll" />
    </Deployment>
    <Execution>
      <TestTypeSpecific />
      <AgentRule name="Execution Agents">
      </AgentRule>
    </Execution>
  </TestSettings>
  <Times creation="2014-02-16T11:41:01.5297167-06:00" queuing="2014-02-16T11:41:01.5607391-06:00" start="2014-02-16T11:41:01.5667446-06:00" finish="2014-02-16T11:41:01.7959053-06:00" />
  <ResultSummary outcome="Completed">
    <Counters total="32" executed="32" passed="32" error="0" failed="0" timeout="0" aborted="0" inconclusive="0" passedButRunAborted="0" notRunnable="0" notExecuted="0" disconnected="0" warning="0" completed="0" inProgress="0" pending="0" />
  </ResultSummary>
  <TestDefinitions>
    <UnitTest name="AddPlayerShouldNotOverwritePlayers" storage="c:\users\jacob\documents\visual studio 2010\projects\ttt_classlibrary\tictactoetests\bin\debug\tictactoetests.dll" id="509e90fa-e375-3ac4-4f7b-80bf8c25c657">
      <Execution id="27eac235-9edf-400c-a037-e78978fbeec0" />
      <TestMethod codeBase="C:/Users/Jacob/Documents/Visual Studio 2010/Projects/TTT_ClassLibrary/TicTacToeTests/bin/Debug/TicTacToeTests.DLL" adapterTypeName="Microsoft.VisualStudio.TestTools.TestTypes.Unit.UnitTestAdapter, Microsoft.VisualStudio.QualityTools.Tips.UnitTest.Adapter, Version=10.0.0.0, Culture=neutral, PublicKeyToken=b03f5f7f11d50a3a" className="TicTacToeTests.GameTest, TicTacToeTests, Version=1.0.0.0, Culture=neutral, PublicKeyToken=null" name="AddPlayerShouldNotOverwritePlayers" />
    </UnitTest>
    <UnitTest name="LogMoveShouldLogACreatedMove" storage="c:\users\jacob\documents\visual studio 2010\projects\ttt_classlibrary\tictactoetests\bin\debug\tictactoetests.dll" id="db1abdd6-8a26-8208-2578-47bc52c7c661">
      <Execution id="effc33cc-7011-4fa6-96ae-5273ed69f3f2" />
      <TestMethod codeBase="C:/Users/Jacob/Documents/Visual Studio 2010/Projects/TTT_ClassLibrary/TicTacToeTests/bin/Debug/TicTacToeTests.DLL" adapterTypeName="Microsoft.VisualStudio.TestTools.TestTypes.Unit.UnitTestAdapter, Microsoft.VisualStudio.QualityTools.Tips.UnitTest.Adapter, Version=10.0.0.0, Culture=neutral, PublicKeyToken=b03f5f7f11d50a3a" className="TicTacToeTests.BoardManagerTest, TicTacToeTests, Version=1.0.0.0, Culture=neutral, PublicKeyToken=null" name="LogMoveShouldLogACreatedMove" />
    </UnitTest>
    <UnitTest name="BoardManagerShouldBeAbleToCheckTheValidityOfAMove" storage="c:\users\jacob\documents\visual studio 2010\projects\ttt_classlibrary\tictactoetests\bin\debug\tictactoetests.dll" id="aae16033-deb4-9bfc-2533-fbfd5587148d">
      <Execution id="e7c071b2-06f2-4979-b670-ef2ff48a0c3f" />
      <TestMethod codeBase="C:/Users/Jacob/Documents/Visual Studio 2010/Projects/TTT_ClassLibrary/TicTacToeTests/bin/Debug/TicTacToeTests.DLL" adapterTypeName="Microsoft.VisualStudio.TestTools.TestTypes.Unit.UnitTestAdapter, Microsoft.VisualStudio.QualityTools.Tips.UnitTest.Adapter, Version=10.0.0.0, Culture=neutral, PublicKeyToken=b03f5f7f11d50a3a" className="TicTacToeTests.BoardManagerTest, TicTacToeTests, Version=1.0.0.0, Culture=neutral, PublicKeyToken=null" name="BoardManagerShouldBeAbleToCheckTheValidityOfAMove" />
    </UnitTest>
    <UnitTest name="GameShouldBeAbleToMakeMovesOnBehalfOfItsPlayers" storage="c:\users\jacob\documents\visual studio 2010\projects\ttt_classlibrary\tictactoetests\bin\debug\tictactoetests.dll" id="dac8381a-2b07-a506-832f-53fe9fd4076a">
      <Execution id="6bc98499-2293-4c5d-94e0-88071e791b95" />
      <TestMethod codeBase="C:/Users/Jacob/Documents/Visual Studio 2010/Projects/TTT_ClassLibrary/TicTacToeTests/bin/Debug/TicTacToeTests.DLL" adapterTypeName="Microsoft.VisualStudio.TestTools.TestTypes.Unit.UnitTestAdapter, Microsoft.VisualStudio.QualityTools.Tips.UnitTest.Adapter, Version=10.0.0.0, Culture=neutral, PublicKeyToken=b03f5f7f11d50a3a" className="TicTacToeTests.GameTest, TicTacToeTests, Version=1.0.0.0, Culture=neutral, PublicKeyToken=null" name="GameShouldBeAbleToMakeMovesOnBehalfOfItsPlayers" />
    </UnitTest>
    <UnitTest name="ShouldBeAbleToCreatePlayersForO" storage="c:\users\jacob\documents\visual studio 2010\projects\ttt_classlibrary\tictactoetests\bin\debug\tictactoetests.dll" id="4b28711c-31b6-7bcd-ac1e-7cb151c1f762">
      <Execution id="637f36c9-9a48-4f60-b70b-7df949889b8a" />
      <TestMethod codeBase="C:/Users/Jacob/Documents/Visual Studio 2010/Projects/TTT_ClassLibrary/TicTacToeTests/bin/Debug/TicTacToeTests.DLL" adapterTypeName="Microsoft.VisualStudio.TestTools.TestTypes.Unit.UnitTestAdapter, Microsoft.VisualStudio.QualityTools.Tips.UnitTest.Adapter, Version=10.0.0.0, Culture=neutral, PublicKeyToken=b03f5f7f11d50a3a" className="TicTacToeTests.HumanPlayerTest, TicTacToeTests, Version=1.0.0.0, Culture=neutral, PublicKeyToken=null" name="ShouldBeAbleToCreatePlayersForO" />
    </UnitTest>
    <UnitTest name="ConstructorShouldDefaultToX" storage="c:\users\jacob\documents\visual studio 2010\projects\ttt_classlibrary\tictactoetests\bin\debug\tictactoetests.dll" id="5796ba2d-0a22-8ee9-5ec5-effdc2680ab5">
      <Execution id="a44fe830-2d56-4d3f-acf8-9edde8a72543" />
      <TestMethod codeBase="C:/Users/Jacob/Documents/Visual Studio 2010/Projects/TTT_ClassLibrary/TicTacToeTests/bin/Debug/TicTacToeTests.DLL" adapterTypeName="Microsoft.VisualStudio.TestTools.TestTypes.Unit.UnitTestAdapter, Microsoft.VisualStudio.QualityTools.Tips.UnitTest.Adapter, Version=10.0.0.0, Culture=neutral, PublicKeyToken=b03f5f7f11d50a3a" className="TicTacToeTests.HumanPlayerTest, TicTacToeTests, Version=1.0.0.0, Culture=neutral, PublicKeyToken=null" name="ConstructorShouldDefaultToX" />
    </UnitTest>
    <UnitTest name="GameShouldBeAbleToGetBoardArray" storage="c:\users\jacob\documents\visual studio 2010\projects\ttt_classlibrary\tictactoetests\bin\debug\tictactoetests.dll" id="399e80f1-efc0-b120-1517-29eedd7de9cf">
      <Execution id="8e7a375a-60d9-4c3e-bb00-245bac7d1a32" />
      <TestMethod codeBase="C:/Users/Jacob/Documents/Visual Studio 2010/Projects/TTT_ClassLibrary/TicTacToeTests/bin/Debug/TicTacToeTests.DLL" adapterTypeName="Microsoft.VisualStudio.TestTools.TestTypes.Unit.UnitTestAdapter, Microsoft.VisualStudio.QualityTools.Tips.UnitTest.Adapter, Version=10.0.0.0, Culture=neutral, PublicKeyToken=b03f5f7f11d50a3a" className="TicTacToeTests.GameTest, TicTacToeTests, Version=1.0.0.0, Culture=neutral, PublicKeyToken=null" name="GameShouldBeAbleToGetBoardArray" />
    </UnitTest>
    <UnitTest name="GameShouldHaveTwoAIs" storage="c:\users\jacob\documents\visual studio 2010\projects\ttt_classlibrary\tictactoetests\bin\debug\tictactoetests.dll" id="9a6fa991-0417-a613-f3ed-5f76c5b3a166">
      <Execution id="2e97bc23-5c46-4b8e-96b8-3a5611b2a547" />
      <TestMethod codeBase="C:/Users/Jacob/Documents/Visual Studio 2010/Projects/TTT_ClassLibrary/TicTacToeTests/bin/Debug/TicTacToeTests.DLL" adapterTypeName="Microsoft.VisualStudio.TestTools.TestTypes.Unit.UnitTestAdapter, Microsoft.VisualStudio.QualityTools.Tips.UnitTest.Adapter, Version=10.0.0.0, Culture=neutral, PublicKeyToken=b03f5f7f11d50a3a" className="TicTacToeTests.GameTest, TicTacToeTests, Version=1.0.0.0, Culture=neutral, PublicKeyToken=null" name="GameShouldHaveTwoAIs" />
    </UnitTest>
    <UnitTest name="GetRandomMoveShouldReturnARandomMoveFromAvailableSpaces" storage="c:\users\jacob\documents\visual studio 2010\projects\ttt_classlibrary\tictactoetests\bin\debug\tictactoetests.dll" id="3acbb4e3-a054-f565-e60a-1a68c1f94e42">
      <Execution id="dbcedbf2-111e-4762-8721-5f2695d4e242" />
      <TestMethod codeBase="C:/Users/Jacob/Documents/Visual Studio 2010/Projects/TTT_ClassLibrary/TicTacToeTests/bin/Debug/TicTacToeTests.DLL" adapterTypeName="Microsoft.VisualStudio.TestTools.TestTypes.Unit.UnitTestAdapter, Microsoft.VisualStudio.QualityTools.Tips.UnitTest.Adapter, Version=10.0.0.0, Culture=neutral, PublicKeyToken=b03f5f7f11d50a3a" className="TicTacToeTests.ComputerAITest, TicTacToeTests, Version=1.0.0.0, Culture=neutral, PublicKeyToken=null" name="GetRandomMoveShouldReturnARandomMoveFromAvailableSpaces" />
    </UnitTest>
    <UnitTest name="GameManagerFullConstructorTest" storage="c:\users\jacob\documents\visual studio 2010\projects\ttt_classlibrary\tictactoetests\bin\debug\tictactoetests.dll" id="35867376-516b-bb80-39b8-b5134142b77c">
      <Execution id="7879818e-467c-4b0d-9409-a2eb607b133b" />
      <TestMethod codeBase="C:/Users/Jacob/Documents/Visual Studio 2010/Projects/TTT_ClassLibrary/TicTacToeTests/bin/Debug/TicTacToeTests.DLL" adapterTypeName="Microsoft.VisualStudio.TestTools.TestTypes.Unit.UnitTestAdapter, Microsoft.VisualStudio.QualityTools.Tips.UnitTest.Adapter, Version=10.0.0.0, Culture=neutral, PublicKeyToken=b03f5f7f11d50a3a" className="TicTacToeTests.GameTest, TicTacToeTests, Version=1.0.0.0, Culture=neutral, PublicKeyToken=null" name="GameManagerFullConstructorTest" />
    </UnitTest>
    <UnitTest name="GameManagerEmptyConstructorTest" storage="c:\users\jacob\documents\visual studio 2010\projects\ttt_classlibrary\tictactoetests\bin\debug\tictactoetests.dll" id="a5fc2ae8-ba62-1bf2-439e-77d73b85440f">
      <Execution id="6f78e19e-2d7b-4d71-a29e-deaaad89a6ca" />
      <TestMethod codeBase="C:/Users/Jacob/Documents/Visual Studio 2010/Projects/TTT_ClassLibrary/TicTacToeTests/bin/Debug/TicTacToeTests.DLL" adapterTypeName="Microsoft.VisualStudio.TestTools.TestTypes.Unit.UnitTestAdapter, Microsoft.VisualStudio.QualityTools.Tips.UnitTest.Adapter, Version=10.0.0.0, Culture=neutral, PublicKeyToken=b03f5f7f11d50a3a" className="TicTacToeTests.GameTest, TicTacToeTests, Version=1.0.0.0, Culture=neutral, PublicKeyToken=null" name="GameManagerEmptyConstructorTest" />
    </UnitTest>
    <UnitTest name="CreateNewBoardShouldCreateA3x3TTTBoard" storage="c:\users\jacob\documents\visual studio 2010\projects\ttt_classlibrary\tictactoetests\bin\debug\tictactoetests.dll" id="c08bc9e4-6f3f-c8c1-4824-e6ff27ed7b61">
      <Execution id="1cf84fb0-be42-4401-bab3-c7d73297ac7f" />
      <TestMethod codeBase="C:/Users/Jacob/Documents/Visual Studio 2010/Projects/TTT_ClassLibrary/TicTacToeTests/bin/Debug/TicTacToeTests.DLL" adapterTypeName="Microsoft.VisualStudio.TestTools.TestTypes.Unit.UnitTestAdapter, Microsoft.VisualStudio.QualityTools.Tips.UnitTest.Adapter, Version=10.0.0.0, Culture=neutral, PublicKeyToken=b03f5f7f11d50a3a" className="TicTacToeTests.BoardManagerTest, TicTacToeTests, Version=1.0.0.0, Culture=neutral, PublicKeyToken=null" name="CreateNewBoardShouldCreateA3x3TTTBoard" />
    </UnitTest>
    <UnitTest name="ShouldNotBeAbleToMakeTwoPlayersWithIdenticalIdentities" storage="c:\users\jacob\documents\visual studio 2010\projects\ttt_classlibrary\tictactoetests\bin\debug\tictactoetests.dll" id="99795f50-df1d-e4ea-c081-b30bb5dcbc32">
      <Execution id="aa11281b-cf52-40aa-88f7-e7c81da32293" />
      <TestMethod codeBase="C:/Users/Jacob/Documents/Visual Studio 2010/Projects/TTT_ClassLibrary/TicTacToeTests/bin/Debug/TicTacToeTests.DLL" adapterTypeName="Microsoft.VisualStudio.TestTools.TestTypes.Unit.UnitTestAdapter, Microsoft.VisualStudio.QualityTools.Tips.UnitTest.Adapter, Version=10.0.0.0, Culture=neutral, PublicKeyToken=b03f5f7f11d50a3a" className="TicTacToeTests.GameTest, TicTacToeTests, Version=1.0.0.0, Culture=neutral, PublicKeyToken=null" name="ShouldNotBeAbleToMakeTwoPlayersWithIdenticalIdentities" />
    </UnitTest>
    <UnitTest name="MakeMoveShouldMakeACreatedMove" storage="c:\users\jacob\documents\visual studio 2010\projects\ttt_classlibrary\tictactoetests\bin\debug\tictactoetests.dll" id="0aff7c26-8441-3caa-a0cf-bf0199fb6a21">
      <Execution id="2099e4e2-198d-46f7-9054-fdbe2e7691e6" />
      <TestMethod codeBase="C:/Users/Jacob/Documents/Visual Studio 2010/Projects/TTT_ClassLibrary/TicTacToeTests/bin/Debug/TicTacToeTests.DLL" adapterTypeName="Microsoft.VisualStudio.TestTools.TestTypes.Unit.UnitTestAdapter, Microsoft.VisualStudio.QualityTools.Tips.UnitTest.Adapter, Version=10.0.0.0, Culture=neutral, PublicKeyToken=b03f5f7f11d50a3a" className="TicTacToeTests.HumanPlayerTest, TicTacToeTests, Version=1.0.0.0, Culture=neutral, PublicKeyToken=null" name="MakeMoveShouldMakeACreatedMove" />
    </UnitTest>
    <UnitTest name="CheckForWinShouldReturnTrueIfThereAreThreeOsInARow" storage="c:\users\jacob\documents\visual studio 2010\projects\ttt_classlibrary\tictactoetests\bin\debug\tictactoetests.dll" id="8c672f45-4e22-0fc1-118e-66f312d74edf">
      <Execution id="a4c6b300-ef00-487c-a135-b354bf782cee" />
      <TestMethod codeBase="C:/Users/Jacob/Documents/Visual Studio 2010/Projects/TTT_ClassLibrary/TicTacToeTests/bin/Debug/TicTacToeTests.DLL" adapterTypeName="Microsoft.VisualStudio.TestTools.TestTypes.Unit.UnitTestAdapter, Microsoft.VisualStudio.QualityTools.Tips.UnitTest.Adapter, Version=10.0.0.0, Culture=neutral, PublicKeyToken=b03f5f7f11d50a3a" className="TicTacToeTests.BoardManagerTest, TicTacToeTests, Version=1.0.0.0, Culture=neutral, PublicKeyToken=null" name="CheckForWinShouldReturnTrueIfThereAreThreeOsInARow" />
    </UnitTest>
    <UnitTest name="GameShouldBeAbleToLogAIMoves" storage="c:\users\jacob\documents\visual studio 2010\projects\ttt_classlibrary\tictactoetests\bin\debug\tictactoetests.dll" id="cf6ebb22-f29b-1023-83f4-4edde1f01a77">
      <Execution id="2032c800-56ca-44ce-a31d-69464d3cc629" />
      <TestMethod codeBase="C:/Users/Jacob/Documents/Visual Studio 2010/Projects/TTT_ClassLibrary/TicTacToeTests/bin/Debug/TicTacToeTests.DLL" adapterTypeName="Microsoft.VisualStudio.TestTools.TestTypes.Unit.UnitTestAdapter, Microsoft.VisualStudio.QualityTools.Tips.UnitTest.Adapter, Version=10.0.0.0, Culture=neutral, PublicKeyToken=b03f5f7f11d50a3a" className="TicTacToeTests.GameTest, TicTacToeTests, Version=1.0.0.0, Culture=neutral, PublicKeyToken=null" name="GameShouldBeAbleToLogAIMoves" />
    </UnitTest>
    <UnitTest name="BoardManagerShouldKnowIfThereIsATie" storage="c:\users\jacob\documents\visual studio 2010\projects\ttt_classlibrary\tictactoetests\bin\debug\tictactoetests.dll" id="f3771781-71c0-bdd1-ec6a-66abebe08aea">
      <Execution id="a4447684-bbbe-4843-a0f8-0e32672673be" />
      <TestMethod codeBase="C:/Users/Jacob/Documents/Visual Studio 2010/Projects/TTT_ClassLibrary/TicTacToeTests/bin/Debug/TicTacToeTests.DLL" adapterTypeName="Microsoft.VisualStudio.TestTools.TestTypes.Unit.UnitTestAdapter, Microsoft.VisualStudio.QualityTools.Tips.UnitTest.Adapter, Version=10.0.0.0, Culture=neutral, PublicKeyToken=b03f5f7f11d50a3a" className="TicTacToeTests.BoardManagerTest, TicTacToeTests, Version=1.0.0.0, Culture=neutral, PublicKeyToken=null" name="BoardManagerShouldKnowIfThereIsATie" />
    </UnitTest>
    <UnitTest name="ComputerAIConstructorTest" storage="c:\users\jacob\documents\visual studio 2010\projects\ttt_classlibrary\tictactoetests\bin\debug\tictactoetests.dll" id="c6a92652-6ab0-4762-625e-de206ba4d88a">
      <Execution id="85fa4d73-4e82-42b4-90db-44d47308879b" />
      <TestMethod codeBase="C:/Users/Jacob/Documents/Visual Studio 2010/Projects/TTT_ClassLibrary/TicTacToeTests/bin/Debug/TicTacToeTests.DLL" adapterTypeName="Microsoft.VisualStudio.TestTools.TestTypes.Unit.UnitTestAdapter, Microsoft.VisualStudio.QualityTools.Tips.UnitTest.Adapter, Version=10.0.0.0, Culture=neutral, PublicKeyToken=b03f5f7f11d50a3a" className="TicTacToeTests.ComputerAITest, TicTacToeTests, Version=1.0.0.0, Culture=neutral, PublicKeyToken=null" name="ComputerAIConstructorTest" />
    </UnitTest>
    <UnitTest name="PresentationManagerShouldBeAbleToPromptUsers" storage="c:\users\jacob\documents\visual studio 2010\projects\ttt_classlibrary\tictactoetests\bin\debug\tictactoetests.dll" id="b69cb284-0369-ad5b-7e94-54bf0d72caea">
      <Execution id="64f93886-e834-476a-ac47-774d676861c8" />
      <TestMethod codeBase="C:/Users/Jacob/Documents/Visual Studio 2010/Projects/TTT_ClassLibrary/TicTacToeTests/bin/Debug/TicTacToeTests.DLL" adapterTypeName="Microsoft.VisualStudio.TestTools.TestTypes.Unit.UnitTestAdapter, Microsoft.VisualStudio.QualityTools.Tips.UnitTest.Adapter, Version=10.0.0.0, Culture=neutral, PublicKeyToken=b03f5f7f11d50a3a" className="TicTacToeTests.PresentationManagerTest, TicTacToeTests, Version=1.0.0.0, Culture=neutral, PublicKeyToken=null" name="PresentationManagerShouldBeAbleToPromptUsers" />
    </UnitTest>
    <UnitTest name="CheckForWinShouldReturnTrueIfThereAreThreeXsInARow" storage="c:\users\jacob\documents\visual studio 2010\projects\ttt_classlibrary\tictactoetests\bin\debug\tictactoetests.dll" id="b7a15b1b-9010-af6d-2a52-6df94a79565a">
      <Execution id="0b0aa2c9-a9da-42c9-bd42-8dc95c6b005f" />
      <TestMethod codeBase="C:/Users/Jacob/Documents/Visual Studio 2010/Projects/TTT_ClassLibrary/TicTacToeTests/bin/Debug/TicTacToeTests.DLL" adapterTypeName="Microsoft.VisualStudio.TestTools.TestTypes.Unit.UnitTestAdapter, Microsoft.VisualStudio.QualityTools.Tips.UnitTest.Adapter, Version=10.0.0.0, Culture=neutral, PublicKeyToken=b03f5f7f11d50a3a" className="TicTacToeTests.BoardManagerTest, TicTacToeTests, Version=1.0.0.0, Culture=neutral, PublicKeyToken=null" name="CheckForWinShouldReturnTrueIfThereAreThreeXsInARow" />
    </UnitTest>
    <UnitTest name="BoardManagerConstructorTest" storage="c:\users\jacob\documents\visual studio 2010\projects\ttt_classlibrary\tictactoetests\bin\debug\tictactoetests.dll" id="6c8d9547-9cf5-ce30-f528-0d7f7a2b20ed">
      <Execution id="8f1b955a-a8dd-4390-b60e-f81499e5762b" />
      <TestMethod codeBase="C:/Users/Jacob/Documents/Visual Studio 2010/Projects/TTT_ClassLibrary/TicTacToeTests/bin/Debug/TicTacToeTests.DLL" adapterTypeName="Microsoft.VisualStudio.TestTools.TestTypes.Unit.UnitTestAdapter, Microsoft.VisualStudio.QualityTools.Tips.UnitTest.Adapter, Version=10.0.0.0, Culture=neutral, PublicKeyToken=b03f5f7f11d50a3a" className="TicTacToeTests.BoardManagerTest, TicTacToeTests, Version=1.0.0.0, Culture=neutral, PublicKeyToken=null" name="BoardManagerConstructorTest" />
    </UnitTest>
    <UnitTest name="ShouldBeAbleToAddPlayers" storage="c:\users\jacob\documents\visual studio 2010\projects\ttt_classlibrary\tictactoetests\bin\debug\tictactoetests.dll" id="b4586cda-b738-193f-c577-a6f50aeccc3a">
      <Execution id="80306163-91d7-41e1-935d-92b46a24edec" />
      <TestMethod codeBase="C:/Users/Jacob/Documents/Visual Studio 2010/Projects/TTT_ClassLibrary/TicTacToeTests/bin/Debug/TicTacToeTests.DLL" adapterTypeName="Microsoft.VisualStudio.TestTools.TestTypes.Unit.UnitTestAdapter, Microsoft.VisualStudio.QualityTools.Tips.UnitTest.Adapter, Version=10.0.0.0, Culture=neutral, PublicKeyToken=b03f5f7f11d50a3a" className="TicTacToeTests.GameTest, TicTacToeTests, Version=1.0.0.0, Culture=neutral, PublicKeyToken=null" name="ShouldBeAbleToAddPlayers" />
    </UnitTest>
    <UnitTest name="GameShouldBeAbleToLogMoves" storage="c:\users\jacob\documents\visual studio 2010\projects\ttt_classlibrary\tictactoetests\bin\debug\tictactoetests.dll" id="ff28ecd5-0eb2-e304-22ce-a481dbcde59f">
      <Execution id="2ce0f458-03d9-494b-b4f0-c586a04ea646" />
      <TestMethod codeBase="C:/Users/Jacob/Documents/Visual Studio 2010/Projects/TTT_ClassLibrary/TicTacToeTests/bin/Debug/TicTacToeTests.DLL" adapterTypeName="Microsoft.VisualStudio.TestTools.TestTypes.Unit.UnitTestAdapter, Microsoft.VisualStudio.QualityTools.Tips.UnitTest.Adapter, Version=10.0.0.0, Culture=neutral, PublicKeyToken=b03f5f7f11d50a3a" className="TicTacToeTests.GameTest, TicTacToeTests, Version=1.0.0.0, Culture=neutral, PublicKeyToken=null" name="GameShouldBeAbleToLogMoves" />
    </UnitTest>
    <UnitTest name="ResetGameShouldBlankAllValues" storage="c:\users\jacob\documents\visual studio 2010\projects\ttt_classlibrary\tictactoetests\bin\debug\tictactoetests.dll" id="cfec85fe-66e0-7ac6-d646-59d7a9bc5243">
      <Execution id="dea60050-9a63-4a68-a41c-96613b9198e3" />
      <TestMethod codeBase="C:/Users/Jacob/Documents/Visual Studio 2010/Projects/TTT_ClassLibrary/TicTacToeTests/bin/Debug/TicTacToeTests.DLL" adapterTypeName="Microsoft.VisualStudio.TestTools.TestTypes.Unit.UnitTestAdapter, Microsoft.VisualStudio.QualityTools.Tips.UnitTest.Adapter, Version=10.0.0.0, Culture=neutral, PublicKeyToken=b03f5f7f11d50a3a" className="TicTacToeTests.GameTest, TicTacToeTests, Version=1.0.0.0, Culture=neutral, PublicKeyToken=null" name="ResetGameShouldBlankAllValues" />
    </UnitTest>
    <UnitTest name="LogMoveShouldNotOverwriteMoves" storage="c:\users\jacob\documents\visual studio 2010\projects\ttt_classlibrary\tictactoetests\bin\debug\tictactoetests.dll" id="294e4ab6-24bc-09e2-f2c4-e404bcd8ca74">
      <Execution id="2c50aa89-9111-4c1f-afb8-4cef5c886235" />
      <TestMethod codeBase="C:/Users/Jacob/Documents/Visual Studio 2010/Projects/TTT_ClassLibrary/TicTacToeTests/bin/Debug/TicTacToeTests.DLL" adapterTypeName="Microsoft.VisualStudio.TestTools.TestTypes.Unit.UnitTestAdapter, Microsoft.VisualStudio.QualityTools.Tips.UnitTest.Adapter, Version=10.0.0.0, Culture=neutral, PublicKeyToken=b03f5f7f11d50a3a" className="TicTacToeTests.BoardManagerTest, TicTacToeTests, Version=1.0.0.0, Culture=neutral, PublicKeyToken=null" name="LogMoveShouldNotOverwriteMoves" />
    </UnitTest>
    <UnitTest name="GameShouldBeAbleToCheckAMovesValidity" storage="c:\users\jacob\documents\visual studio 2010\projects\ttt_classlibrary\tictactoetests\bin\debug\tictactoetests.dll" id="5e9274aa-9856-4b9d-3df4-a0d60e1aa29a">
      <Execution id="98210856-af11-4869-bd5a-442c99cad8d6" />
      <TestMethod codeBase="C:/Users/Jacob/Documents/Visual Studio 2010/Projects/TTT_ClassLibrary/TicTacToeTests/bin/Debug/TicTacToeTests.DLL" adapterTypeName="Microsoft.VisualStudio.TestTools.TestTypes.Unit.UnitTestAdapter, Microsoft.VisualStudio.QualityTools.Tips.UnitTest.Adapter, Version=10.0.0.0, Culture=neutral, PublicKeyToken=b03f5f7f11d50a3a" className="TicTacToeTests.GameTest, TicTacToeTests, Version=1.0.0.0, Culture=neutral, PublicKeyToken=null" name="GameShouldBeAbleToCheckAMovesValidity" />
    </UnitTest>
    <UnitTest name="GameManagerConstructorTest" storage="c:\users\jacob\documents\visual studio 2010\projects\ttt_classlibrary\tictactoetests\bin\debug\tictactoetests.dll" id="358726f6-a8ae-8a83-e103-c1311aaff0fd">
      <Execution id="4314f037-0751-443d-ab0b-65433b74b132" />
      <TestMethod codeBase="C:/Users/Jacob/Documents/Visual Studio 2010/Projects/TTT_ClassLibrary/TicTacToeTests/bin/Debug/TicTacToeTests.DLL" adapterTypeName="Microsoft.VisualStudio.TestTools.TestTypes.Unit.UnitTestAdapter, Microsoft.VisualStudio.QualityTools.Tips.UnitTest.Adapter, Version=10.0.0.0, Culture=neutral, PublicKeyToken=b03f5f7f11d50a3a" className="TicTacToeTests.GameManagerTest, TicTacToeTests, Version=1.0.0.0, Culture=neutral, PublicKeyToken=null" name="GameManagerConstructorTest" />
    </UnitTest>
    <UnitTest name="AddPlayerWontInputMoreThanTwoPlayers" storage="c:\users\jacob\documents\visual studio 2010\projects\ttt_classlibrary\tictactoetests\bin\debug\tictactoetests.dll" id="942d27be-4956-2462-c253-fa6c40270118">
      <Execution id="3b36e1d8-2389-4c75-885f-1a22c8f93dfc" />
      <TestMethod codeBase="C:/Users/Jacob/Documents/Visual Studio 2010/Projects/TTT_ClassLibrary/TicTacToeTests/bin/Debug/TicTacToeTests.DLL" adapterTypeName="Microsoft.VisualStudio.TestTools.TestTypes.Unit.UnitTestAdapter, Microsoft.VisualStudio.QualityTools.Tips.UnitTest.Adapter, Version=10.0.0.0, Culture=neutral, PublicKeyToken=b03f5f7f11d50a3a" className="TicTacToeTests.GameTest, TicTacToeTests, Version=1.0.0.0, Culture=neutral, PublicKeyToken=null" name="AddPlayerWontInputMoreThanTwoPlayers" />
    </UnitTest>
    <UnitTest name="LogMoveShouldReturnAnInvalidCreatedMoveIfMovesAreInvalid" storage="c:\users\jacob\documents\visual studio 2010\projects\ttt_classlibrary\tictactoetests\bin\debug\tictactoetests.dll" id="2b200da8-cdd4-4a53-f3ea-6c2630cc4f0a">
      <Execution id="a92b35b5-c8e6-42e5-b715-5b236684bb35" />
      <TestMethod codeBase="C:/Users/Jacob/Documents/Visual Studio 2010/Projects/TTT_ClassLibrary/TicTacToeTests/bin/Debug/TicTacToeTests.DLL" adapterTypeName="Microsoft.VisualStudio.TestTools.TestTypes.Unit.UnitTestAdapter, Microsoft.VisualStudio.QualityTools.Tips.UnitTest.Adapter, Version=10.0.0.0, Culture=neutral, PublicKeyToken=b03f5f7f11d50a3a" className="TicTacToeTests.BoardManagerTest, TicTacToeTests, Version=1.0.0.0, Culture=neutral, PublicKeyToken=null" name="LogMoveShouldReturnAnInvalidCreatedMoveIfMovesAreInvalid" />
    </UnitTest>
    <UnitTest name="GameManagerShouldBeAbleToMakeAGame" storage="c:\users\jacob\documents\visual studio 2010\projects\ttt_classlibrary\tictactoetests\bin\debug\tictactoetests.dll" id="69e346a9-9036-2d44-a858-cf060317d724">
      <Execution id="ca5ab048-3dc5-4d23-b378-69479738f408" />
      <TestMethod codeBase="C:/Users/Jacob/Documents/Visual Studio 2010/Projects/TTT_ClassLibrary/TicTacToeTests/bin/Debug/TicTacToeTests.DLL" adapterTypeName="Microsoft.VisualStudio.TestTools.TestTypes.Unit.UnitTestAdapter, Microsoft.VisualStudio.QualityTools.Tips.UnitTest.Adapter, Version=10.0.0.0, Culture=neutral, PublicKeyToken=b03f5f7f11d50a3a" className="TicTacToeTests.GameManagerTest, TicTacToeTests, Version=1.0.0.0, Culture=neutral, PublicKeyToken=null" name="GameManagerShouldBeAbleToMakeAGame" />
    </UnitTest>
    <UnitTest name="RewritePlayerWillRewritePlayers" storage="c:\users\jacob\documents\visual studio 2010\projects\ttt_classlibrary\tictactoetests\bin\debug\tictactoetests.dll" id="4a5d0dc1-d13a-483c-f7b7-2695d82834df">
      <Execution id="52167614-97af-4a3b-877b-962a78ce2a63" />
      <TestMethod codeBase="C:/Users/Jacob/Documents/Visual Studio 2010/Projects/TTT_ClassLibrary/TicTacToeTests/bin/Debug/TicTacToeTests.DLL" adapterTypeName="Microsoft.VisualStudio.TestTools.TestTypes.Unit.UnitTestAdapter, Microsoft.VisualStudio.QualityTools.Tips.UnitTest.Adapter, Version=10.0.0.0, Culture=neutral, PublicKeyToken=b03f5f7f11d50a3a" className="TicTacToeTests.GameTest, TicTacToeTests, Version=1.0.0.0, Culture=neutral, PublicKeyToken=null" name="RewritePlayerWillRewritePlayers" />
    </UnitTest>
    <UnitTest name="PresentationManagerShouldBeAbleToPrintTheBoard" storage="c:\users\jacob\documents\visual studio 2010\projects\ttt_classlibrary\tictactoetests\bin\debug\tictactoetests.dll" id="6bab6699-9713-b238-5a17-ef14efca37b0">
      <Execution id="b2bf4a19-da29-48c9-8d6c-70a724af1e4a" />
      <TestMethod codeBase="C:/Users/Jacob/Documents/Visual Studio 2010/Projects/TTT_ClassLibrary/TicTacToeTests/bin/Debug/TicTacToeTests.DLL" adapterTypeName="Microsoft.VisualStudio.TestTools.TestTypes.Unit.UnitTestAdapter, Microsoft.VisualStudio.QualityTools.Tips.UnitTest.Adapter, Version=10.0.0.0, Culture=neutral, PublicKeyToken=b03f5f7f11d50a3a" className="TicTacToeTests.PresentationManagerTest, TicTacToeTests, Version=1.0.0.0, Culture=neutral, PublicKeyToken=null" name="PresentationManagerShouldBeAbleToPrintTheBoard" />
    </UnitTest>
  </TestDefinitions>
  <TestLists>
    <TestList name="Results Not in a List" id="8c84fa94-04c1-424b-9868-57a2d4851a1d" />
    <TestList name="All Loaded Results" id="19431567-8539-422a-85d7-44ee4e166bda" />
  </TestLists>
  <TestEntries>
    <TestEntry testId="cfec85fe-66e0-7ac6-d646-59d7a9bc5243" executionId="dea60050-9a63-4a68-a41c-96613b9198e3" testListId="8c84fa94-04c1-424b-9868-57a2d4851a1d" />
    <TestEntry testId="4a5d0dc1-d13a-483c-f7b7-2695d82834df" executionId="52167614-97af-4a3b-877b-962a78ce2a63" testListId="8c84fa94-04c1-424b-9868-57a2d4851a1d" />
    <TestEntry testId="35867376-516b-bb80-39b8-b5134142b77c" executionId="7879818e-467c-4b0d-9409-a2eb607b133b" testListId="8c84fa94-04c1-424b-9868-57a2d4851a1d" />
    <TestEntry testId="8c672f45-4e22-0fc1-118e-66f312d74edf" executionId="a4c6b300-ef00-487c-a135-b354bf782cee" testListId="8c84fa94-04c1-424b-9868-57a2d4851a1d" />
    <TestEntry testId="509e90fa-e375-3ac4-4f7b-80bf8c25c657" executionId="27eac235-9edf-400c-a037-e78978fbeec0" testListId="8c84fa94-04c1-424b-9868-57a2d4851a1d" />
    <TestEntry testId="a5fc2ae8-ba62-1bf2-439e-77d73b85440f" executionId="6f78e19e-2d7b-4d71-a29e-deaaad89a6ca" testListId="8c84fa94-04c1-424b-9868-57a2d4851a1d" />
    <TestEntry testId="5796ba2d-0a22-8ee9-5ec5-effdc2680ab5" executionId="a44fe830-2d56-4d3f-acf8-9edde8a72543" testListId="8c84fa94-04c1-424b-9868-57a2d4851a1d" />
    <TestEntry testId="b4586cda-b738-193f-c577-a6f50aeccc3a" executionId="80306163-91d7-41e1-935d-92b46a24edec" testListId="8c84fa94-04c1-424b-9868-57a2d4851a1d" />
    <TestEntry testId="4b28711c-31b6-7bcd-ac1e-7cb151c1f762" executionId="637f36c9-9a48-4f60-b70b-7df949889b8a" testListId="8c84fa94-04c1-424b-9868-57a2d4851a1d" />
    <TestEntry testId="0aff7c26-8441-3caa-a0cf-bf0199fb6a21" executionId="2099e4e2-198d-46f7-9054-fdbe2e7691e6" testListId="8c84fa94-04c1-424b-9868-57a2d4851a1d" />
    <TestEntry testId="99795f50-df1d-e4ea-c081-b30bb5dcbc32" executionId="aa11281b-cf52-40aa-88f7-e7c81da32293" testListId="8c84fa94-04c1-424b-9868-57a2d4851a1d" />
    <TestEntry testId="cf6ebb22-f29b-1023-83f4-4edde1f01a77" executionId="2032c800-56ca-44ce-a31d-69464d3cc629" testListId="8c84fa94-04c1-424b-9868-57a2d4851a1d" />
    <TestEntry testId="69e346a9-9036-2d44-a858-cf060317d724" executionId="ca5ab048-3dc5-4d23-b378-69479738f408" testListId="8c84fa94-04c1-424b-9868-57a2d4851a1d" />
    <TestEntry testId="ff28ecd5-0eb2-e304-22ce-a481dbcde59f" executionId="2ce0f458-03d9-494b-b4f0-c586a04ea646" testListId="8c84fa94-04c1-424b-9868-57a2d4851a1d" />
    <TestEntry testId="dac8381a-2b07-a506-832f-53fe9fd4076a" executionId="6bc98499-2293-4c5d-94e0-88071e791b95" testListId="8c84fa94-04c1-424b-9868-57a2d4851a1d" />
    <TestEntry testId="5e9274aa-9856-4b9d-3df4-a0d60e1aa29a" executionId="98210856-af11-4869-bd5a-442c99cad8d6" testListId="8c84fa94-04c1-424b-9868-57a2d4851a1d" />
    <TestEntry testId="9a6fa991-0417-a613-f3ed-5f76c5b3a166" executionId="2e97bc23-5c46-4b8e-96b8-3a5611b2a547" testListId="8c84fa94-04c1-424b-9868-57a2d4851a1d" />
    <TestEntry testId="db1abdd6-8a26-8208-2578-47bc52c7c661" executionId="effc33cc-7011-4fa6-96ae-5273ed69f3f2" testListId="8c84fa94-04c1-424b-9868-57a2d4851a1d" />
    <TestEntry testId="c08bc9e4-6f3f-c8c1-4824-e6ff27ed7b61" executionId="1cf84fb0-be42-4401-bab3-c7d73297ac7f" testListId="8c84fa94-04c1-424b-9868-57a2d4851a1d" />
    <TestEntry testId="b69cb284-0369-ad5b-7e94-54bf0d72caea" executionId="64f93886-e834-476a-ac47-774d676861c8" testListId="8c84fa94-04c1-424b-9868-57a2d4851a1d" />
    <TestEntry testId="6bab6699-9713-b238-5a17-ef14efca37b0" executionId="b2bf4a19-da29-48c9-8d6c-70a724af1e4a" testListId="8c84fa94-04c1-424b-9868-57a2d4851a1d" />
    <TestEntry testId="942d27be-4956-2462-c253-fa6c40270118" executionId="3b36e1d8-2389-4c75-885f-1a22c8f93dfc" testListId="8c84fa94-04c1-424b-9868-57a2d4851a1d" />
    <TestEntry testId="b7a15b1b-9010-af6d-2a52-6df94a79565a" executionId="0b0aa2c9-a9da-42c9-bd42-8dc95c6b005f" testListId="8c84fa94-04c1-424b-9868-57a2d4851a1d" />
    <TestEntry testId="399e80f1-efc0-b120-1517-29eedd7de9cf" executionId="8e7a375a-60d9-4c3e-bb00-245bac7d1a32" testListId="8c84fa94-04c1-424b-9868-57a2d4851a1d" />
    <TestEntry testId="2b200da8-cdd4-4a53-f3ea-6c2630cc4f0a" executionId="a92b35b5-c8e6-42e5-b715-5b236684bb35" testListId="8c84fa94-04c1-424b-9868-57a2d4851a1d" />
    <TestEntry testId="6c8d9547-9cf5-ce30-f528-0d7f7a2b20ed" executionId="8f1b955a-a8dd-4390-b60e-f81499e5762b" testListId="8c84fa94-04c1-424b-9868-57a2d4851a1d" />
    <TestEntry testId="c6a92652-6ab0-4762-625e-de206ba4d88a" executionId="85fa4d73-4e82-42b4-90db-44d47308879b" testListId="8c84fa94-04c1-424b-9868-57a2d4851a1d" />
    <TestEntry testId="f3771781-71c0-bdd1-ec6a-66abebe08aea" executionId="a4447684-bbbe-4843-a0f8-0e32672673be" testListId="8c84fa94-04c1-424b-9868-57a2d4851a1d" />
    <TestEntry testId="3acbb4e3-a054-f565-e60a-1a68c1f94e42" executionId="dbcedbf2-111e-4762-8721-5f2695d4e242" testListId="8c84fa94-04c1-424b-9868-57a2d4851a1d" />
    <TestEntry testId="294e4ab6-24bc-09e2-f2c4-e404bcd8ca74" executionId="2c50aa89-9111-4c1f-afb8-4cef5c886235" testListId="8c84fa94-04c1-424b-9868-57a2d4851a1d" />
    <TestEntry testId="358726f6-a8ae-8a83-e103-c1311aaff0fd" executionId="4314f037-0751-443d-ab0b-65433b74b132" testListId="8c84fa94-04c1-424b-9868-57a2d4851a1d" />
    <TestEntry testId="aae16033-deb4-9bfc-2533-fbfd5587148d" executionId="e7c071b2-06f2-4979-b670-ef2ff48a0c3f" testListId="8c84fa94-04c1-424b-9868-57a2d4851a1d" />
  </TestEntries>
  <Results>
    <UnitTestResult executionId="dea60050-9a63-4a68-a41c-96613b9198e3" testId="cfec85fe-66e0-7ac6-d646-59d7a9bc5243" testName="ResetGameShouldBlankAllValues" computerName="MANTA" duration="00:00:00.0094015" startTime="2014-02-16T11:41:01.5687443-06:00" endTime="2014-02-16T11:41:01.6898306-06:00" testType="13cdc9d9-ddb5-4fa4-a97d-d965ccfc6d4b" outcome="Passed" testListId="8c84fa94-04c1-424b-9868-57a2d4851a1d" relativeResultsDirectory="dea60050-9a63-4a68-a41c-96613b9198e3">
    </UnitTestResult>
    <UnitTestResult executionId="52167614-97af-4a3b-877b-962a78ce2a63" testId="4a5d0dc1-d13a-483c-f7b7-2695d82834df" testName="RewritePlayerWillRewritePlayers" computerName="MANTA" duration="00:00:00.0006230" startTime="2014-02-16T11:41:01.6908390-06:00" endTime="2014-02-16T11:41:01.6938479-06:00" testType="13cdc9d9-ddb5-4fa4-a97d-d965ccfc6d4b" outcome="Passed" testListId="8c84fa94-04c1-424b-9868-57a2d4851a1d" relativeResultsDirectory="52167614-97af-4a3b-877b-962a78ce2a63">
    </UnitTestResult>
    <UnitTestResult executionId="7879818e-467c-4b0d-9409-a2eb607b133b" testId="35867376-516b-bb80-39b8-b5134142b77c" testName="GameManagerFullConstructorTest" computerName="MANTA" duration="00:00:00.0001312" startTime="2014-02-16T11:41:01.6948337-06:00" endTime="2014-02-16T11:41:01.6968360-06:00" testType="13cdc9d9-ddb5-4fa4-a97d-d965ccfc6d4b" outcome="Passed" testListId="8c84fa94-04c1-424b-9868-57a2d4851a1d" relativeResultsDirectory="7879818e-467c-4b0d-9409-a2eb607b133b">
    </UnitTestResult>
    <UnitTestResult executionId="a4c6b300-ef00-487c-a135-b354bf782cee" testId="8c672f45-4e22-0fc1-118e-66f312d74edf" testName="CheckForWinShouldReturnTrueIfThereAreThreeOsInARow" computerName="MANTA" duration="00:00:00.0014553" startTime="2014-02-16T11:41:01.6978358-06:00" endTime="2014-02-16T11:41:01.7018395-06:00" testType="13cdc9d9-ddb5-4fa4-a97d-d965ccfc6d4b" outcome="Passed" testListId="8c84fa94-04c1-424b-9868-57a2d4851a1d" relativeResultsDirectory="a4c6b300-ef00-487c-a135-b354bf782cee">
    </UnitTestResult>
    <UnitTestResult executionId="27eac235-9edf-400c-a037-e78978fbeec0" testId="509e90fa-e375-3ac4-4f7b-80bf8c25c657" testName="AddPlayerShouldNotOverwritePlayers" computerName="MANTA" duration="00:00:00.0001877" startTime="2014-02-16T11:41:01.7018395-06:00" endTime="2014-02-16T11:41:01.7048604-06:00" testType="13cdc9d9-ddb5-4fa4-a97d-d965ccfc6d4b" outcome="Passed" testListId="8c84fa94-04c1-424b-9868-57a2d4851a1d" relativeResultsDirectory="27eac235-9edf-400c-a037-e78978fbeec0">
    </UnitTestResult>
    <UnitTestResult executionId="6f78e19e-2d7b-4d71-a29e-deaaad89a6ca" testId="a5fc2ae8-ba62-1bf2-439e-77d73b85440f" testName="GameManagerEmptyConstructorTest" computerName="MANTA" duration="00:00:00.0001081" startTime="2014-02-16T11:41:01.7058415-06:00" endTime="2014-02-16T11:41:01.7078446-06:00" testType="13cdc9d9-ddb5-4fa4-a97d-d965ccfc6d4b" outcome="Passed" testListId="8c84fa94-04c1-424b-9868-57a2d4851a1d" relativeResultsDirectory="6f78e19e-2d7b-4d71-a29e-deaaad89a6ca">
    </UnitTestResult>
    <UnitTestResult executionId="a44fe830-2d56-4d3f-acf8-9edde8a72543" testId="5796ba2d-0a22-8ee9-5ec5-effdc2680ab5" testName="ConstructorShouldDefaultToX" computerName="MANTA" duration="00:00:00.0002719" startTime="2014-02-16T11:41:01.7088436-06:00" endTime="2014-02-16T11:41:01.7118611-06:00" testType="13cdc9d9-ddb5-4fa4-a97d-d965ccfc6d4b" outcome="Passed" testListId="8c84fa94-04c1-424b-9868-57a2d4851a1d" relativeResultsDirectory="a44fe830-2d56-4d3f-acf8-9edde8a72543">
    </UnitTestResult>
    <UnitTestResult executionId="80306163-91d7-41e1-935d-92b46a24edec" testId="b4586cda-b738-193f-c577-a6f50aeccc3a" testName="ShouldBeAbleToAddPlayers" computerName="MANTA" duration="00:00:00.0001749" startTime="2014-02-16T11:41:01.7118611-06:00" endTime="2014-02-16T11:41:01.7148496-06:00" testType="13cdc9d9-ddb5-4fa4-a97d-d965ccfc6d4b" outcome="Passed" testListId="8c84fa94-04c1-424b-9868-57a2d4851a1d" relativeResultsDirectory="80306163-91d7-41e1-935d-92b46a24edec">
    </UnitTestResult>
    <UnitTestResult executionId="637f36c9-9a48-4f60-b70b-7df949889b8a" testId="4b28711c-31b6-7bcd-ac1e-7cb151c1f762" testName="ShouldBeAbleToCreatePlayersForO" computerName="MANTA" duration="00:00:00.0001334" startTime="2014-02-16T11:41:01.7148496-06:00" endTime="2014-02-16T11:41:01.7178684-06:00" testType="13cdc9d9-ddb5-4fa4-a97d-d965ccfc6d4b" outcome="Passed" testListId="8c84fa94-04c1-424b-9868-57a2d4851a1d" relativeResultsDirectory="637f36c9-9a48-4f60-b70b-7df949889b8a">
    </UnitTestResult>
    <UnitTestResult executionId="2099e4e2-198d-46f7-9054-fdbe2e7691e6" testId="0aff7c26-8441-3caa-a0cf-bf0199fb6a21" testName="MakeMoveShouldMakeACreatedMove" computerName="MANTA" duration="00:00:00.0002647" startTime="2014-02-16T11:41:01.7188520-06:00" endTime="2014-02-16T11:41:01.7208521-06:00" testType="13cdc9d9-ddb5-4fa4-a97d-d965ccfc6d4b" outcome="Passed" testListId="8c84fa94-04c1-424b-9868-57a2d4851a1d" relativeResultsDirectory="2099e4e2-198d-46f7-9054-fdbe2e7691e6">
    </UnitTestResult>
    <UnitTestResult executionId="aa11281b-cf52-40aa-88f7-e7c81da32293" testId="99795f50-df1d-e4ea-c081-b30bb5dcbc32" testName="ShouldNotBeAbleToMakeTwoPlayersWithIdenticalIdentities" computerName="MANTA" duration="00:00:00.0002920" startTime="2014-02-16T11:41:01.7218524-06:00" endTime="2014-02-16T11:41:01.7238538-06:00" testType="13cdc9d9-ddb5-4fa4-a97d-d965ccfc6d4b" outcome="Passed" testListId="8c84fa94-04c1-424b-9868-57a2d4851a1d" relativeResultsDirectory="aa11281b-cf52-40aa-88f7-e7c81da32293">
    </UnitTestResult>
    <UnitTestResult executionId="2032c800-56ca-44ce-a31d-69464d3cc629" testId="cf6ebb22-f29b-1023-83f4-4edde1f01a77" testName="GameShouldBeAbleToLogAIMoves" computerName="MANTA" duration="00:00:00.0010524" startTime="2014-02-16T11:41:01.7248554-06:00" endTime="2014-02-16T11:41:01.7278575-06:00" testType="13cdc9d9-ddb5-4fa4-a97d-d965ccfc6d4b" outcome="Passed" testListId="8c84fa94-04c1-424b-9868-57a2d4851a1d" relativeResultsDirectory="2032c800-56ca-44ce-a31d-69464d3cc629">
    </UnitTestResult>
    <UnitTestResult executionId="ca5ab048-3dc5-4d23-b378-69479738f408" testId="69e346a9-9036-2d44-a858-cf060317d724" testName="GameManagerShouldBeAbleToMakeAGame" computerName="MANTA" duration="00:00:00.0004849" startTime="2014-02-16T11:41:01.7288578-06:00" endTime="2014-02-16T11:41:01.7318599-06:00" testType="13cdc9d9-ddb5-4fa4-a97d-d965ccfc6d4b" outcome="Passed" testListId="8c84fa94-04c1-424b-9868-57a2d4851a1d" relativeResultsDirectory="ca5ab048-3dc5-4d23-b378-69479738f408">
    </UnitTestResult>
    <UnitTestResult executionId="2ce0f458-03d9-494b-b4f0-c586a04ea646" testId="ff28ecd5-0eb2-e304-22ce-a481dbcde59f" testName="GameShouldBeAbleToLogMoves" computerName="MANTA" duration="00:00:00.0002228" startTime="2014-02-16T11:41:01.7318599-06:00" endTime="2014-02-16T11:41:01.7348620-06:00" testType="13cdc9d9-ddb5-4fa4-a97d-d965ccfc6d4b" outcome="Passed" testListId="8c84fa94-04c1-424b-9868-57a2d4851a1d" relativeResultsDirectory="2ce0f458-03d9-494b-b4f0-c586a04ea646">
    </UnitTestResult>
    <UnitTestResult executionId="6bc98499-2293-4c5d-94e0-88071e791b95" testId="dac8381a-2b07-a506-832f-53fe9fd4076a" testName="GameShouldBeAbleToMakeMovesOnBehalfOfItsPlayers" computerName="MANTA" duration="00:00:00.0003014" startTime="2014-02-16T11:41:01.7348620-06:00" endTime="2014-02-16T11:41:01.7378821-06:00" testType="13cdc9d9-ddb5-4fa4-a97d-d965ccfc6d4b" outcome="Passed" testListId="8c84fa94-04c1-424b-9868-57a2d4851a1d" relativeResultsDirectory="6bc98499-2293-4c5d-94e0-88071e791b95">
    </UnitTestResult>
    <UnitTestResult executionId="98210856-af11-4869-bd5a-442c99cad8d6" testId="5e9274aa-9856-4b9d-3df4-a0d60e1aa29a" testName="GameShouldBeAbleToCheckAMovesValidity" computerName="MANTA" duration="00:00:00.0003186" startTime="2014-02-16T11:41:01.7388649-06:00" endTime="2014-02-16T11:41:01.7408791-06:00" testType="13cdc9d9-ddb5-4fa4-a97d-d965ccfc6d4b" outcome="Passed" testListId="8c84fa94-04c1-424b-9868-57a2d4851a1d" relativeResultsDirectory="98210856-af11-4869-bd5a-442c99cad8d6">
    </UnitTestResult>
    <UnitTestResult executionId="2e97bc23-5c46-4b8e-96b8-3a5611b2a547" testId="9a6fa991-0417-a613-f3ed-5f76c5b3a166" testName="GameShouldHaveTwoAIs" computerName="MANTA" duration="00:00:00.0004533" startTime="2014-02-16T11:41:01.7418674-06:00" endTime="2014-02-16T11:41:01.7438813-06:00" testType="13cdc9d9-ddb5-4fa4-a97d-d965ccfc6d4b" outcome="Passed" testListId="8c84fa94-04c1-424b-9868-57a2d4851a1d" relativeResultsDirectory="2e97bc23-5c46-4b8e-96b8-3a5611b2a547">
    </UnitTestResult>
    <UnitTestResult executionId="effc33cc-7011-4fa6-96ae-5273ed69f3f2" testId="db1abdd6-8a26-8208-2578-47bc52c7c661" testName="LogMoveShouldLogACreatedMove" computerName="MANTA" duration="00:00:00.0001556" startTime="2014-02-16T11:41:01.7448704-06:00" endTime="2014-02-16T11:41:01.7468834-06:00" testType="13cdc9d9-ddb5-4fa4-a97d-d965ccfc6d4b" outcome="Passed" testListId="8c84fa94-04c1-424b-9868-57a2d4851a1d" relativeResultsDirectory="effc33cc-7011-4fa6-96ae-5273ed69f3f2">
    </UnitTestResult>
    <UnitTestResult executionId="1cf84fb0-be42-4401-bab3-c7d73297ac7f" testId="c08bc9e4-6f3f-c8c1-4824-e6ff27ed7b61" testName="CreateNewBoardShouldCreateA3x3TTTBoard" computerName="MANTA" duration="00:00:00.0001385" startTime="2014-02-16T11:41:01.7478730-06:00" endTime="2014-02-16T11:41:01.7498855-06:00" testType="13cdc9d9-ddb5-4fa4-a97d-d965ccfc6d4b" outcome="Passed" testListId="8c84fa94-04c1-424b-9868-57a2d4851a1d" relativeResultsDirectory="1cf84fb0-be42-4401-bab3-c7d73297ac7f">
    </UnitTestResult>
    <UnitTestResult executionId="64f93886-e834-476a-ac47-774d676861c8" testId="b69cb284-0369-ad5b-7e94-54bf0d72caea" testName="PresentationManagerShouldBeAbleToPromptUsers" computerName="MANTA" duration="00:00:00.0004096" startTime="2014-02-16T11:41:01.7508734-06:00" endTime="2014-02-16T11:41:01.7528757-06:00" testType="13cdc9d9-ddb5-4fa4-a97d-d965ccfc6d4b" outcome="Passed" testListId="8c84fa94-04c1-424b-9868-57a2d4851a1d" relativeResultsDirectory="64f93886-e834-476a-ac47-774d676861c8">
      <Output>
        <StdOut>Choose a mode:</StdOut>
      </Output>
    </UnitTestResult>
    <UnitTestResult executionId="b2bf4a19-da29-48c9-8d6c-70a724af1e4a" testId="6bab6699-9713-b238-5a17-ef14efca37b0" testName="PresentationManagerShouldBeAbleToPrintTheBoard" computerName="MANTA" duration="00:00:00.0005161" startTime="2014-02-16T11:41:01.7538755-06:00" endTime="2014-02-16T11:41:01.7558898-06:00" testType="13cdc9d9-ddb5-4fa4-a97d-d965ccfc6d4b" outcome="Passed" testListId="8c84fa94-04c1-424b-9868-57a2d4851a1d" relativeResultsDirectory="b2bf4a19-da29-48c9-8d6c-70a724af1e4a">
      <Output>
        <StdOut>[ ][ ][ ]
[ ][ ][ ]
[ ][ ][ ]
[ ][ ][ ]
[ ][X][ ]
[ ][ ][ ]
[O][ ][ ]
[ ][X][ ]
[ ][ ][ ]
[O][ ][X]
[ ][X][ ]
[ ][ ][ ]
[O][ ][X]
[ ][X][ ]
[O][ ][ ]</StdOut>
      </Output>
    </UnitTestResult>
    <UnitTestResult executionId="3b36e1d8-2389-4c75-885f-1a22c8f93dfc" testId="942d27be-4956-2462-c253-fa6c40270118" testName="AddPlayerWontInputMoreThanTwoPlayers" computerName="MANTA" duration="00:00:00.0001984" startTime="2014-02-16T11:41:01.7568776-06:00" endTime="2014-02-16T11:41:01.7588791-06:00" testType="13cdc9d9-ddb5-4fa4-a97d-d965ccfc6d4b" outcome="Passed" testListId="8c84fa94-04c1-424b-9868-57a2d4851a1d" relativeResultsDirectory="3b36e1d8-2389-4c75-885f-1a22c8f93dfc">
    </UnitTestResult>
    <UnitTestResult executionId="0b0aa2c9-a9da-42c9-bd42-8dc95c6b005f" testId="b7a15b1b-9010-af6d-2a52-6df94a79565a" testName="CheckForWinShouldReturnTrueIfThereAreThreeXsInARow" computerName="MANTA" duration="00:00:00.0005790" startTime="2014-02-16T11:41:01.7598811-06:00" endTime="2014-02-16T11:41:01.7628947-06:00" testType="13cdc9d9-ddb5-4fa4-a97d-d965ccfc6d4b" outcome="Passed" testListId="8c84fa94-04c1-424b-9868-57a2d4851a1d" relativeResultsDirectory="0b0aa2c9-a9da-42c9-bd42-8dc95c6b005f">
    </UnitTestResult>
    <UnitTestResult executionId="8e7a375a-60d9-4c3e-bb00-245bac7d1a32" testId="399e80f1-efc0-b120-1517-29eedd7de9cf" testName="GameShouldBeAbleToGetBoardArray" computerName="MANTA" duration="00:00:00.0001753" startTime="2014-02-16T11:41:01.7628947-06:00" endTime="2014-02-16T11:41:01.7648961-06:00" testType="13cdc9d9-ddb5-4fa4-a97d-d965ccfc6d4b" outcome="Passed" testListId="8c84fa94-04c1-424b-9868-57a2d4851a1d" relativeResultsDirectory="8e7a375a-60d9-4c3e-bb00-245bac7d1a32">
    </UnitTestResult>
    <UnitTestResult executionId="a92b35b5-c8e6-42e5-b715-5b236684bb35" testId="2b200da8-cdd4-4a53-f3ea-6c2630cc4f0a" testName="LogMoveShouldReturnAnInvalidCreatedMoveIfMovesAreInvalid" computerName="MANTA" duration="00:00:00.0001625" startTime="2014-02-16T11:41:01.7658857-06:00" endTime="2014-02-16T11:41:01.7679017-06:00" testType="13cdc9d9-ddb5-4fa4-a97d-d965ccfc6d4b" outcome="Passed" testListId="8c84fa94-04c1-424b-9868-57a2d4851a1d" relativeResultsDirectory="a92b35b5-c8e6-42e5-b715-5b236684bb35">
    </UnitTestResult>
    <UnitTestResult executionId="8f1b955a-a8dd-4390-b60e-f81499e5762b" testId="6c8d9547-9cf5-ce30-f528-0d7f7a2b20ed" testName="BoardManagerConstructorTest" computerName="MANTA" duration="00:00:00.0000915" startTime="2014-02-16T11:41:01.7688862-06:00" endTime="2014-02-16T11:41:01.7709008-06:00" testType="13cdc9d9-ddb5-4fa4-a97d-d965ccfc6d4b" outcome="Passed" testListId="8c84fa94-04c1-424b-9868-57a2d4851a1d" relativeResultsDirectory="8f1b955a-a8dd-4390-b60e-f81499e5762b">
    </UnitTestResult>
    <UnitTestResult executionId="85fa4d73-4e82-42b4-90db-44d47308879b" testId="c6a92652-6ab0-4762-625e-de206ba4d88a" testName="ComputerAIConstructorTest" computerName="MANTA" duration="00:00:00.0002608" startTime="2014-02-16T11:41:01.7709008-06:00" endTime="2014-02-16T11:41:01.7739030-06:00" testType="13cdc9d9-ddb5-4fa4-a97d-d965ccfc6d4b" outcome="Passed" testListId="8c84fa94-04c1-424b-9868-57a2d4851a1d" relativeResultsDirectory="85fa4d73-4e82-42b4-90db-44d47308879b">
    </UnitTestResult>
    <UnitTestResult executionId="a4447684-bbbe-4843-a0f8-0e32672673be" testId="f3771781-71c0-bdd1-ec6a-66abebe08aea" testName="BoardManagerShouldKnowIfThereIsATie" computerName="MANTA" duration="00:00:00.0004866" startTime="2014-02-16T11:41:01.7739030-06:00" endTime="2014-02-16T11:41:01.7769047-06:00" testType="13cdc9d9-ddb5-4fa4-a97d-d965ccfc6d4b" outcome="Passed" testListId="8c84fa94-04c1-424b-9868-57a2d4851a1d" relativeResultsDirectory="a4447684-bbbe-4843-a0f8-0e32672673be">
    </UnitTestResult>
    <UnitTestResult executionId="dbcedbf2-111e-4762-8721-5f2695d4e242" testId="3acbb4e3-a054-f565-e60a-1a68c1f94e42" testName="GetRandomMoveShouldReturnARandomMoveFromAvailableSpaces" computerName="MANTA" duration="00:00:00.0002570" startTime="2014-02-16T11:41:01.7778925-06:00" endTime="2014-02-16T11:41:01.7799068-06:00" testType="13cdc9d9-ddb5-4fa4-a97d-d965ccfc6d4b" outcome="Passed" testListId="8c84fa94-04c1-424b-9868-57a2d4851a1d" relativeResultsDirectory="dbcedbf2-111e-4762-8721-5f2695d4e242">
    </UnitTestResult>
    <UnitTestResult executionId="2c50aa89-9111-4c1f-afb8-4cef5c886235" testId="294e4ab6-24bc-09e2-f2c4-e404bcd8ca74" testName="LogMoveShouldNotOverwriteMoves" computerName="MANTA" duration="00:00:00.0001719" startTime="2014-02-16T11:41:01.7799068-06:00" endTime="2014-02-16T11:41:01.7829089-06:00" testType="13cdc9d9-ddb5-4fa4-a97d-d965ccfc6d4b" outcome="Passed" testListId="8c84fa94-04c1-424b-9868-57a2d4851a1d" relativeResultsDirectory="2c50aa89-9111-4c1f-afb8-4cef5c886235">
    </UnitTestResult>
    <UnitTestResult executionId="4314f037-0751-443d-ab0b-65433b74b132" testId="358726f6-a8ae-8a83-e103-c1311aaff0fd" testName="GameManagerConstructorTest" computerName="MANTA" duration="00:00:00.0000928" startTime="2014-02-16T11:41:01.7829089-06:00" endTime="2014-02-16T11:41:01.7859106-06:00" testType="13cdc9d9-ddb5-4fa4-a97d-d965ccfc6d4b" outcome="Passed" testListId="8c84fa94-04c1-424b-9868-57a2d4851a1d" relativeResultsDirectory="4314f037-0751-443d-ab0b-65433b74b132">
    </UnitTestResult>
    <UnitTestResult executionId="e7c071b2-06f2-4979-b670-ef2ff48a0c3f" testId="aae16033-deb4-9bfc-2533-fbfd5587148d" testName="BoardManagerShouldBeAbleToCheckTheValidityOfAMove" computerName="MANTA" duration="00:00:00.0001590" startTime="2014-02-16T11:41:01.7859106-06:00" endTime="2014-02-16T11:41:01.7879013-06:00" testType="13cdc9d9-ddb5-4fa4-a97d-d965ccfc6d4b" outcome="Passed" testListId="8c84fa94-04c1-424b-9868-57a2d4851a1d" relativeResultsDirectory="e7c071b2-06f2-4979-b670-ef2ff48a0c3f">
    </UnitTestResult>
  </Results>
</TestRun>