<?xml version="1.0" encoding="UTF-8"?>
<TestRun id="cd3ba1a4-b374-49ab-b31f-a1fbb10c9b0c" name="Jacob@MANTA 2014-02-14 11:25:29" runUser="MANTA\Jacob" xmlns="http://microsoft.com/schemas/VisualStudio/TeamTest/2010">
  <TestSettings name="Local" id="7c6903b5-04f0-4edb-852a-89e5b22e03f9">
    <Description>These are default test settings for a local test run.</Description>
    <Deployment enabled="false" runDeploymentRoot="Jacob_MANTA 2014-02-14 11_25_29">
      <DeploymentItem filename="C:\Users\Jacob\Documents\Visual Studio 2010\Projects\TTT_ClassLibrary\TTT_ClassLibrary\bin\Debug\TTT_ClassLibrary.dll" />
    </Deployment>
    <Execution>
      <TestTypeSpecific />
      <AgentRule name="Execution Agents">
      </AgentRule>
    </Execution>
  </TestSettings>
  <Times creation="2014-02-14T11:25:29.6071371-06:00" queuing="2014-02-14T11:25:29.6191281-06:00" start="2014-02-14T11:25:29.6251323-06:00" finish="2014-02-14T11:25:29.8592975-06:00" />
  <ResultSummary outcome="Completed">
    <Counters total="30" executed="30" passed="30" error="0" failed="0" timeout="0" aborted="0" inconclusive="0" passedButRunAborted="0" notRunnable="0" notExecuted="0" disconnected="0" warning="0" completed="0" inProgress="0" pending="0" />
  </ResultSummary>
  <TestDefinitions>
    <UnitTest name="AddPlayerShouldNotOverwritePlayers" storage="c:\users\jacob\documents\visual studio 2010\projects\ttt_classlibrary\tictactoetests\bin\debug\tictactoetests.dll" id="509e90fa-e375-3ac4-4f7b-80bf8c25c657">
      <Execution id="c0c2d4c4-d3c2-4a2a-ad98-d56f852a375d" />
      <TestMethod codeBase="C:/Users/Jacob/Documents/Visual Studio 2010/Projects/TTT_ClassLibrary/TicTacToeTests/bin/Debug/TicTacToeTests.DLL" adapterTypeName="Microsoft.VisualStudio.TestTools.TestTypes.Unit.UnitTestAdapter, Microsoft.VisualStudio.QualityTools.Tips.UnitTest.Adapter, Version=10.0.0.0, Culture=neutral, PublicKeyToken=b03f5f7f11d50a3a" className="TicTacToeTests.GameTest, TicTacToeTests, Version=1.0.0.0, Culture=neutral, PublicKeyToken=null" name="AddPlayerShouldNotOverwritePlayers" />
    </UnitTest>
    <UnitTest name="LogMoveShouldLogACreatedMove" storage="c:\users\jacob\documents\visual studio 2010\projects\ttt_classlibrary\tictactoetests\bin\debug\tictactoetests.dll" id="db1abdd6-8a26-8208-2578-47bc52c7c661">
      <Execution id="e1a1dd66-a22f-4caa-92a7-9301f42783b3" />
      <TestMethod codeBase="C:/Users/Jacob/Documents/Visual Studio 2010/Projects/TTT_ClassLibrary/TicTacToeTests/bin/Debug/TicTacToeTests.DLL" adapterTypeName="Microsoft.VisualStudio.TestTools.TestTypes.Unit.UnitTestAdapter, Microsoft.VisualStudio.QualityTools.Tips.UnitTest.Adapter, Version=10.0.0.0, Culture=neutral, PublicKeyToken=b03f5f7f11d50a3a" className="TicTacToeTests.BoardManagerTest, TicTacToeTests, Version=1.0.0.0, Culture=neutral, PublicKeyToken=null" name="LogMoveShouldLogACreatedMove" />
    </UnitTest>
    <UnitTest name="BoardManagerShouldBeAbleToCheckTheValidityOfAMove" storage="c:\users\jacob\documents\visual studio 2010\projects\ttt_classlibrary\tictactoetests\bin\debug\tictactoetests.dll" id="aae16033-deb4-9bfc-2533-fbfd5587148d">
      <Execution id="0796d04e-a2c5-4870-ba9e-f6cbb49ce793" />
      <TestMethod codeBase="C:/Users/Jacob/Documents/Visual Studio 2010/Projects/TTT_ClassLibrary/TicTacToeTests/bin/Debug/TicTacToeTests.DLL" adapterTypeName="Microsoft.VisualStudio.TestTools.TestTypes.Unit.UnitTestAdapter, Microsoft.VisualStudio.QualityTools.Tips.UnitTest.Adapter, Version=10.0.0.0, Culture=neutral, PublicKeyToken=b03f5f7f11d50a3a" className="TicTacToeTests.BoardManagerTest, TicTacToeTests, Version=1.0.0.0, Culture=neutral, PublicKeyToken=null" name="BoardManagerShouldBeAbleToCheckTheValidityOfAMove" />
    </UnitTest>
    <UnitTest name="GameShouldBeAbleToMakeMovesOnBehalfOfItsPlayers" storage="c:\users\jacob\documents\visual studio 2010\projects\ttt_classlibrary\tictactoetests\bin\debug\tictactoetests.dll" id="dac8381a-2b07-a506-832f-53fe9fd4076a">
      <Execution id="17d847a8-2788-4534-bff8-683a21a6cca8" />
      <TestMethod codeBase="C:/Users/Jacob/Documents/Visual Studio 2010/Projects/TTT_ClassLibrary/TicTacToeTests/bin/Debug/TicTacToeTests.DLL" adapterTypeName="Microsoft.VisualStudio.TestTools.TestTypes.Unit.UnitTestAdapter, Microsoft.VisualStudio.QualityTools.Tips.UnitTest.Adapter, Version=10.0.0.0, Culture=neutral, PublicKeyToken=b03f5f7f11d50a3a" className="TicTacToeTests.GameTest, TicTacToeTests, Version=1.0.0.0, Culture=neutral, PublicKeyToken=null" name="GameShouldBeAbleToMakeMovesOnBehalfOfItsPlayers" />
    </UnitTest>
    <UnitTest name="ShouldBeAbleToCreatePlayersForO" storage="c:\users\jacob\documents\visual studio 2010\projects\ttt_classlibrary\tictactoetests\bin\debug\tictactoetests.dll" id="4b28711c-31b6-7bcd-ac1e-7cb151c1f762">
      <Execution id="455fb3ff-bb4b-452e-be41-0f822246d9aa" />
      <TestMethod codeBase="C:/Users/Jacob/Documents/Visual Studio 2010/Projects/TTT_ClassLibrary/TicTacToeTests/bin/Debug/TicTacToeTests.DLL" adapterTypeName="Microsoft.VisualStudio.TestTools.TestTypes.Unit.UnitTestAdapter, Microsoft.VisualStudio.QualityTools.Tips.UnitTest.Adapter, Version=10.0.0.0, Culture=neutral, PublicKeyToken=b03f5f7f11d50a3a" className="TicTacToeTests.HumanPlayerTest, TicTacToeTests, Version=1.0.0.0, Culture=neutral, PublicKeyToken=null" name="ShouldBeAbleToCreatePlayersForO" />
    </UnitTest>
    <UnitTest name="CheckForWinShouldReturnTrueIfThereAreThreeXsInARow" storage="c:\users\jacob\documents\visual studio 2010\projects\ttt_classlibrary\tictactoetests\bin\debug\tictactoetests.dll" id="1b98b33c-61f0-f856-5cfb-9b08461064bb">
      <Execution id="1cf5651e-5acd-4a31-a67f-2b3519b09b5a" />
      <TestMethod codeBase="C:/Users/Jacob/Documents/Visual Studio 2010/Projects/TTT_ClassLibrary/TicTacToeTests/bin/Debug/TicTacToeTests.DLL" adapterTypeName="Microsoft.VisualStudio.TestTools.TestTypes.Unit.UnitTestAdapter, Microsoft.VisualStudio.QualityTools.Tips.UnitTest.Adapter, Version=10.0.0.0, Culture=neutral, PublicKeyToken=b03f5f7f11d50a3a" className="TicTacToeTests.BoardCheckerTest, TicTacToeTests, Version=1.0.0.0, Culture=neutral, PublicKeyToken=null" name="CheckForWinShouldReturnTrueIfThereAreThreeXsInARow" />
    </UnitTest>
    <UnitTest name="ConstructorShouldDefaultToX" storage="c:\users\jacob\documents\visual studio 2010\projects\ttt_classlibrary\tictactoetests\bin\debug\tictactoetests.dll" id="5796ba2d-0a22-8ee9-5ec5-effdc2680ab5">
      <Execution id="3c5b17cd-a2a6-484e-b520-167c9f9641f5" />
      <TestMethod codeBase="C:/Users/Jacob/Documents/Visual Studio 2010/Projects/TTT_ClassLibrary/TicTacToeTests/bin/Debug/TicTacToeTests.DLL" adapterTypeName="Microsoft.VisualStudio.TestTools.TestTypes.Unit.UnitTestAdapter, Microsoft.VisualStudio.QualityTools.Tips.UnitTest.Adapter, Version=10.0.0.0, Culture=neutral, PublicKeyToken=b03f5f7f11d50a3a" className="TicTacToeTests.HumanPlayerTest, TicTacToeTests, Version=1.0.0.0, Culture=neutral, PublicKeyToken=null" name="ConstructorShouldDefaultToX" />
    </UnitTest>
    <UnitTest name="GameShouldBeAbleToGetBoardArray" storage="c:\users\jacob\documents\visual studio 2010\projects\ttt_classlibrary\tictactoetests\bin\debug\tictactoetests.dll" id="399e80f1-efc0-b120-1517-29eedd7de9cf">
      <Execution id="1c81b7ed-09cd-4b8e-aebb-5108a88b0175" />
      <TestMethod codeBase="C:/Users/Jacob/Documents/Visual Studio 2010/Projects/TTT_ClassLibrary/TicTacToeTests/bin/Debug/TicTacToeTests.DLL" adapterTypeName="Microsoft.VisualStudio.TestTools.TestTypes.Unit.UnitTestAdapter, Microsoft.VisualStudio.QualityTools.Tips.UnitTest.Adapter, Version=10.0.0.0, Culture=neutral, PublicKeyToken=b03f5f7f11d50a3a" className="TicTacToeTests.GameTest, TicTacToeTests, Version=1.0.0.0, Culture=neutral, PublicKeyToken=null" name="GameShouldBeAbleToGetBoardArray" />
    </UnitTest>
    <UnitTest name="GameShouldHaveTwoAIs" storage="c:\users\jacob\documents\visual studio 2010\projects\ttt_classlibrary\tictactoetests\bin\debug\tictactoetests.dll" id="9a6fa991-0417-a613-f3ed-5f76c5b3a166">
      <Execution id="4abcf2a3-a33c-408b-9382-72f67ff1f8b5" />
      <TestMethod codeBase="C:/Users/Jacob/Documents/Visual Studio 2010/Projects/TTT_ClassLibrary/TicTacToeTests/bin/Debug/TicTacToeTests.DLL" adapterTypeName="Microsoft.VisualStudio.TestTools.TestTypes.Unit.UnitTestAdapter, Microsoft.VisualStudio.QualityTools.Tips.UnitTest.Adapter, Version=10.0.0.0, Culture=neutral, PublicKeyToken=b03f5f7f11d50a3a" className="TicTacToeTests.GameTest, TicTacToeTests, Version=1.0.0.0, Culture=neutral, PublicKeyToken=null" name="GameShouldHaveTwoAIs" />
    </UnitTest>
    <UnitTest name="BoardManagerShouldKnowIfThereIsATie" storage="c:\users\jacob\documents\visual studio 2010\projects\ttt_classlibrary\tictactoetests\bin\debug\tictactoetests.dll" id="354fc1c2-7826-3d91-15c2-47a7701dfa6c">
      <Execution id="3ed7b1f8-b0b8-48e9-b52e-00639d91bc6f" />
      <TestMethod codeBase="C:/Users/Jacob/Documents/Visual Studio 2010/Projects/TTT_ClassLibrary/TicTacToeTests/bin/Debug/TicTacToeTests.DLL" adapterTypeName="Microsoft.VisualStudio.TestTools.TestTypes.Unit.UnitTestAdapter, Microsoft.VisualStudio.QualityTools.Tips.UnitTest.Adapter, Version=10.0.0.0, Culture=neutral, PublicKeyToken=b03f5f7f11d50a3a" className="TicTacToeTests.BoardCheckerTest, TicTacToeTests, Version=1.0.0.0, Culture=neutral, PublicKeyToken=null" name="BoardManagerShouldKnowIfThereIsATie" />
    </UnitTest>
    <UnitTest name="GameManagerFullConstructorTest" storage="c:\users\jacob\documents\visual studio 2010\projects\ttt_classlibrary\tictactoetests\bin\debug\tictactoetests.dll" id="35867376-516b-bb80-39b8-b5134142b77c">
      <Execution id="3374913a-d5f4-4ffe-8504-c202344502b2" />
      <TestMethod codeBase="C:/Users/Jacob/Documents/Visual Studio 2010/Projects/TTT_ClassLibrary/TicTacToeTests/bin/Debug/TicTacToeTests.DLL" adapterTypeName="Microsoft.VisualStudio.TestTools.TestTypes.Unit.UnitTestAdapter, Microsoft.VisualStudio.QualityTools.Tips.UnitTest.Adapter, Version=10.0.0.0, Culture=neutral, PublicKeyToken=b03f5f7f11d50a3a" className="TicTacToeTests.GameTest, TicTacToeTests, Version=1.0.0.0, Culture=neutral, PublicKeyToken=null" name="GameManagerFullConstructorTest" />
    </UnitTest>
    <UnitTest name="GameManagerEmptyConstructorTest" storage="c:\users\jacob\documents\visual studio 2010\projects\ttt_classlibrary\tictactoetests\bin\debug\tictactoetests.dll" id="a5fc2ae8-ba62-1bf2-439e-77d73b85440f">
      <Execution id="12337d18-9c39-4b82-914f-8974d48812ff" />
      <TestMethod codeBase="C:/Users/Jacob/Documents/Visual Studio 2010/Projects/TTT_ClassLibrary/TicTacToeTests/bin/Debug/TicTacToeTests.DLL" adapterTypeName="Microsoft.VisualStudio.TestTools.TestTypes.Unit.UnitTestAdapter, Microsoft.VisualStudio.QualityTools.Tips.UnitTest.Adapter, Version=10.0.0.0, Culture=neutral, PublicKeyToken=b03f5f7f11d50a3a" className="TicTacToeTests.GameTest, TicTacToeTests, Version=1.0.0.0, Culture=neutral, PublicKeyToken=null" name="GameManagerEmptyConstructorTest" />
    </UnitTest>
    <UnitTest name="CreateNewBoardShouldCreateA3x3TTTBoard" storage="c:\users\jacob\documents\visual studio 2010\projects\ttt_classlibrary\tictactoetests\bin\debug\tictactoetests.dll" id="c08bc9e4-6f3f-c8c1-4824-e6ff27ed7b61">
      <Execution id="f1fc1b55-c0f9-454c-a1ad-14864cdad66d" />
      <TestMethod codeBase="C:/Users/Jacob/Documents/Visual Studio 2010/Projects/TTT_ClassLibrary/TicTacToeTests/bin/Debug/TicTacToeTests.DLL" adapterTypeName="Microsoft.VisualStudio.TestTools.TestTypes.Unit.UnitTestAdapter, Microsoft.VisualStudio.QualityTools.Tips.UnitTest.Adapter, Version=10.0.0.0, Culture=neutral, PublicKeyToken=b03f5f7f11d50a3a" className="TicTacToeTests.BoardManagerTest, TicTacToeTests, Version=1.0.0.0, Culture=neutral, PublicKeyToken=null" name="CreateNewBoardShouldCreateA3x3TTTBoard" />
    </UnitTest>
    <UnitTest name="ShouldNotBeAbleToMakeTwoPlayersWithIdenticalIdentities" storage="c:\users\jacob\documents\visual studio 2010\projects\ttt_classlibrary\tictactoetests\bin\debug\tictactoetests.dll" id="99795f50-df1d-e4ea-c081-b30bb5dcbc32">
      <Execution id="e5e5d1b4-de81-4449-85d2-fd5f4d76c140" />
      <TestMethod codeBase="C:/Users/Jacob/Documents/Visual Studio 2010/Projects/TTT_ClassLibrary/TicTacToeTests/bin/Debug/TicTacToeTests.DLL" adapterTypeName="Microsoft.VisualStudio.TestTools.TestTypes.Unit.UnitTestAdapter, Microsoft.VisualStudio.QualityTools.Tips.UnitTest.Adapter, Version=10.0.0.0, Culture=neutral, PublicKeyToken=b03f5f7f11d50a3a" className="TicTacToeTests.GameTest, TicTacToeTests, Version=1.0.0.0, Culture=neutral, PublicKeyToken=null" name="ShouldNotBeAbleToMakeTwoPlayersWithIdenticalIdentities" />
    </UnitTest>
    <UnitTest name="MakeMoveShouldMakeACreatedMove" storage="c:\users\jacob\documents\visual studio 2010\projects\ttt_classlibrary\tictactoetests\bin\debug\tictactoetests.dll" id="0aff7c26-8441-3caa-a0cf-bf0199fb6a21">
      <Execution id="2d71062d-6f4e-4d43-8a82-45da04ddff9f" />
      <TestMethod codeBase="C:/Users/Jacob/Documents/Visual Studio 2010/Projects/TTT_ClassLibrary/TicTacToeTests/bin/Debug/TicTacToeTests.DLL" adapterTypeName="Microsoft.VisualStudio.TestTools.TestTypes.Unit.UnitTestAdapter, Microsoft.VisualStudio.QualityTools.Tips.UnitTest.Adapter, Version=10.0.0.0, Culture=neutral, PublicKeyToken=b03f5f7f11d50a3a" className="TicTacToeTests.HumanPlayerTest, TicTacToeTests, Version=1.0.0.0, Culture=neutral, PublicKeyToken=null" name="MakeMoveShouldMakeACreatedMove" />
    </UnitTest>
    <UnitTest name="CheckForWinShouldReturnTrueIfThereAreThreeOsInARow" storage="c:\users\jacob\documents\visual studio 2010\projects\ttt_classlibrary\tictactoetests\bin\debug\tictactoetests.dll" id="ce84697a-d830-63f0-40aa-89c3346e8066">
      <Execution id="9562f9ba-de75-436d-8099-187b80695600" />
      <TestMethod codeBase="C:/Users/Jacob/Documents/Visual Studio 2010/Projects/TTT_ClassLibrary/TicTacToeTests/bin/Debug/TicTacToeTests.DLL" adapterTypeName="Microsoft.VisualStudio.TestTools.TestTypes.Unit.UnitTestAdapter, Microsoft.VisualStudio.QualityTools.Tips.UnitTest.Adapter, Version=10.0.0.0, Culture=neutral, PublicKeyToken=b03f5f7f11d50a3a" className="TicTacToeTests.BoardCheckerTest, TicTacToeTests, Version=1.0.0.0, Culture=neutral, PublicKeyToken=null" name="CheckForWinShouldReturnTrueIfThereAreThreeOsInARow" />
    </UnitTest>
    <UnitTest name="ComputerAIConstructorTest" storage="c:\users\jacob\documents\visual studio 2010\projects\ttt_classlibrary\tictactoetests\bin\debug\tictactoetests.dll" id="c6a92652-6ab0-4762-625e-de206ba4d88a">
      <Execution id="c07e8d73-79cb-4d4b-821a-25f2ab376a8c" />
      <TestMethod codeBase="C:/Users/Jacob/Documents/Visual Studio 2010/Projects/TTT_ClassLibrary/TicTacToeTests/bin/Debug/TicTacToeTests.DLL" adapterTypeName="Microsoft.VisualStudio.TestTools.TestTypes.Unit.UnitTestAdapter, Microsoft.VisualStudio.QualityTools.Tips.UnitTest.Adapter, Version=10.0.0.0, Culture=neutral, PublicKeyToken=b03f5f7f11d50a3a" className="TicTacToeTests.ComputerAITest, TicTacToeTests, Version=1.0.0.0, Culture=neutral, PublicKeyToken=null" name="ComputerAIConstructorTest" />
    </UnitTest>
    <UnitTest name="GameShouldBeAbleToLogAIMoves" storage="c:\users\jacob\documents\visual studio 2010\projects\ttt_classlibrary\tictactoetests\bin\debug\tictactoetests.dll" id="cf6ebb22-f29b-1023-83f4-4edde1f01a77">
      <Execution id="db2655f6-387f-480b-a513-d507fb9e8e96" />
      <TestMethod codeBase="C:/Users/Jacob/Documents/Visual Studio 2010/Projects/TTT_ClassLibrary/TicTacToeTests/bin/Debug/TicTacToeTests.DLL" adapterTypeName="Microsoft.VisualStudio.TestTools.TestTypes.Unit.UnitTestAdapter, Microsoft.VisualStudio.QualityTools.Tips.UnitTest.Adapter, Version=10.0.0.0, Culture=neutral, PublicKeyToken=b03f5f7f11d50a3a" className="TicTacToeTests.GameTest, TicTacToeTests, Version=1.0.0.0, Culture=neutral, PublicKeyToken=null" name="GameShouldBeAbleToLogAIMoves" />
    </UnitTest>
    <UnitTest name="GetRandomMoveShouldReturnARandomMoveFromAvailableSpaces" storage="c:\users\jacob\documents\visual studio 2010\projects\ttt_classlibrary\tictactoetests\bin\debug\tictactoetests.dll" id="3acbb4e3-a054-f565-e60a-1a68c1f94e42">
      <Execution id="be3cb2cd-66f0-4fbe-8136-fb08a8752237" />
      <TestMethod codeBase="C:/Users/Jacob/Documents/Visual Studio 2010/Projects/TTT_ClassLibrary/TicTacToeTests/bin/Debug/TicTacToeTests.DLL" adapterTypeName="Microsoft.VisualStudio.TestTools.TestTypes.Unit.UnitTestAdapter, Microsoft.VisualStudio.QualityTools.Tips.UnitTest.Adapter, Version=10.0.0.0, Culture=neutral, PublicKeyToken=b03f5f7f11d50a3a" className="TicTacToeTests.ComputerAITest, TicTacToeTests, Version=1.0.0.0, Culture=neutral, PublicKeyToken=null" name="GetRandomMoveShouldReturnARandomMoveFromAvailableSpaces" />
    </UnitTest>
    <UnitTest name="PresentationManagerShouldBeAbleToPromptUsers" storage="c:\users\jacob\documents\visual studio 2010\projects\ttt_classlibrary\tictactoetests\bin\debug\tictactoetests.dll" id="b69cb284-0369-ad5b-7e94-54bf0d72caea">
      <Execution id="92c421e0-3aa4-4c8b-bdcd-8b07f5eed3bf" />
      <TestMethod codeBase="C:/Users/Jacob/Documents/Visual Studio 2010/Projects/TTT_ClassLibrary/TicTacToeTests/bin/Debug/TicTacToeTests.DLL" adapterTypeName="Microsoft.VisualStudio.TestTools.TestTypes.Unit.UnitTestAdapter, Microsoft.VisualStudio.QualityTools.Tips.UnitTest.Adapter, Version=10.0.0.0, Culture=neutral, PublicKeyToken=b03f5f7f11d50a3a" className="TicTacToeTests.PresentationManagerTest, TicTacToeTests, Version=1.0.0.0, Culture=neutral, PublicKeyToken=null" name="PresentationManagerShouldBeAbleToPromptUsers" />
    </UnitTest>
    <UnitTest name="BoardManagerConstructorTest" storage="c:\users\jacob\documents\visual studio 2010\projects\ttt_classlibrary\tictactoetests\bin\debug\tictactoetests.dll" id="6c8d9547-9cf5-ce30-f528-0d7f7a2b20ed">
      <Execution id="c1bf9f27-a498-4020-a44c-54e6a3642a8b" />
      <TestMethod codeBase="C:/Users/Jacob/Documents/Visual Studio 2010/Projects/TTT_ClassLibrary/TicTacToeTests/bin/Debug/TicTacToeTests.DLL" adapterTypeName="Microsoft.VisualStudio.TestTools.TestTypes.Unit.UnitTestAdapter, Microsoft.VisualStudio.QualityTools.Tips.UnitTest.Adapter, Version=10.0.0.0, Culture=neutral, PublicKeyToken=b03f5f7f11d50a3a" className="TicTacToeTests.BoardManagerTest, TicTacToeTests, Version=1.0.0.0, Culture=neutral, PublicKeyToken=null" name="BoardManagerConstructorTest" />
    </UnitTest>
    <UnitTest name="ShouldBeAbleToAddPlayers" storage="c:\users\jacob\documents\visual studio 2010\projects\ttt_classlibrary\tictactoetests\bin\debug\tictactoetests.dll" id="b4586cda-b738-193f-c577-a6f50aeccc3a">
      <Execution id="56e18e71-fb7a-4ea2-be2a-45d22c2a41f4" />
      <TestMethod codeBase="C:/Users/Jacob/Documents/Visual Studio 2010/Projects/TTT_ClassLibrary/TicTacToeTests/bin/Debug/TicTacToeTests.DLL" adapterTypeName="Microsoft.VisualStudio.TestTools.TestTypes.Unit.UnitTestAdapter, Microsoft.VisualStudio.QualityTools.Tips.UnitTest.Adapter, Version=10.0.0.0, Culture=neutral, PublicKeyToken=b03f5f7f11d50a3a" className="TicTacToeTests.GameTest, TicTacToeTests, Version=1.0.0.0, Culture=neutral, PublicKeyToken=null" name="ShouldBeAbleToAddPlayers" />
    </UnitTest>
    <UnitTest name="GameShouldBeAbleToLogMoves" storage="c:\users\jacob\documents\visual studio 2010\projects\ttt_classlibrary\tictactoetests\bin\debug\tictactoetests.dll" id="ff28ecd5-0eb2-e304-22ce-a481dbcde59f">
      <Execution id="3a22be21-8c83-4403-8e2f-e695a088f948" />
      <TestMethod codeBase="C:/Users/Jacob/Documents/Visual Studio 2010/Projects/TTT_ClassLibrary/TicTacToeTests/bin/Debug/TicTacToeTests.DLL" adapterTypeName="Microsoft.VisualStudio.TestTools.TestTypes.Unit.UnitTestAdapter, Microsoft.VisualStudio.QualityTools.Tips.UnitTest.Adapter, Version=10.0.0.0, Culture=neutral, PublicKeyToken=b03f5f7f11d50a3a" className="TicTacToeTests.GameTest, TicTacToeTests, Version=1.0.0.0, Culture=neutral, PublicKeyToken=null" name="GameShouldBeAbleToLogMoves" />
    </UnitTest>
    <UnitTest name="ResetGameShouldBlankAllValues" storage="c:\users\jacob\documents\visual studio 2010\projects\ttt_classlibrary\tictactoetests\bin\debug\tictactoetests.dll" id="cfec85fe-66e0-7ac6-d646-59d7a9bc5243">
      <Execution id="0e576dad-5300-4926-b7b1-1598dfc3c448" />
      <TestMethod codeBase="C:/Users/Jacob/Documents/Visual Studio 2010/Projects/TTT_ClassLibrary/TicTacToeTests/bin/Debug/TicTacToeTests.DLL" adapterTypeName="Microsoft.VisualStudio.TestTools.TestTypes.Unit.UnitTestAdapter, Microsoft.VisualStudio.QualityTools.Tips.UnitTest.Adapter, Version=10.0.0.0, Culture=neutral, PublicKeyToken=b03f5f7f11d50a3a" className="TicTacToeTests.GameTest, TicTacToeTests, Version=1.0.0.0, Culture=neutral, PublicKeyToken=null" name="ResetGameShouldBlankAllValues" />
    </UnitTest>
    <UnitTest name="LogMoveShouldNotOverwriteMoves" storage="c:\users\jacob\documents\visual studio 2010\projects\ttt_classlibrary\tictactoetests\bin\debug\tictactoetests.dll" id="294e4ab6-24bc-09e2-f2c4-e404bcd8ca74">
      <Execution id="20d0dd5d-1839-413f-acaf-a2e9b6d10616" />
      <TestMethod codeBase="C:/Users/Jacob/Documents/Visual Studio 2010/Projects/TTT_ClassLibrary/TicTacToeTests/bin/Debug/TicTacToeTests.DLL" adapterTypeName="Microsoft.VisualStudio.TestTools.TestTypes.Unit.UnitTestAdapter, Microsoft.VisualStudio.QualityTools.Tips.UnitTest.Adapter, Version=10.0.0.0, Culture=neutral, PublicKeyToken=b03f5f7f11d50a3a" className="TicTacToeTests.BoardManagerTest, TicTacToeTests, Version=1.0.0.0, Culture=neutral, PublicKeyToken=null" name="LogMoveShouldNotOverwriteMoves" />
    </UnitTest>
    <UnitTest name="GameShouldBeAbleToCheckAMovesValidity" storage="c:\users\jacob\documents\visual studio 2010\projects\ttt_classlibrary\tictactoetests\bin\debug\tictactoetests.dll" id="5e9274aa-9856-4b9d-3df4-a0d60e1aa29a">
      <Execution id="807c3115-d118-4c02-b96f-71121a0e66c0" />
      <TestMethod codeBase="C:/Users/Jacob/Documents/Visual Studio 2010/Projects/TTT_ClassLibrary/TicTacToeTests/bin/Debug/TicTacToeTests.DLL" adapterTypeName="Microsoft.VisualStudio.TestTools.TestTypes.Unit.UnitTestAdapter, Microsoft.VisualStudio.QualityTools.Tips.UnitTest.Adapter, Version=10.0.0.0, Culture=neutral, PublicKeyToken=b03f5f7f11d50a3a" className="TicTacToeTests.GameTest, TicTacToeTests, Version=1.0.0.0, Culture=neutral, PublicKeyToken=null" name="GameShouldBeAbleToCheckAMovesValidity" />
    </UnitTest>
    <UnitTest name="GameManagerConstructorTest" storage="c:\users\jacob\documents\visual studio 2010\projects\ttt_classlibrary\tictactoetests\bin\debug\tictactoetests.dll" id="358726f6-a8ae-8a83-e103-c1311aaff0fd">
      <Execution id="b923621a-b284-4730-b4d7-cac36e64450f" />
      <TestMethod codeBase="C:/Users/Jacob/Documents/Visual Studio 2010/Projects/TTT_ClassLibrary/TicTacToeTests/bin/Debug/TicTacToeTests.DLL" adapterTypeName="Microsoft.VisualStudio.TestTools.TestTypes.Unit.UnitTestAdapter, Microsoft.VisualStudio.QualityTools.Tips.UnitTest.Adapter, Version=10.0.0.0, Culture=neutral, PublicKeyToken=b03f5f7f11d50a3a" className="TicTacToeTests.GameManagerTest, TicTacToeTests, Version=1.0.0.0, Culture=neutral, PublicKeyToken=null" name="GameManagerConstructorTest" />
    </UnitTest>
    <UnitTest name="AddPlayerWontInputMoreThanTwoPlayers" storage="c:\users\jacob\documents\visual studio 2010\projects\ttt_classlibrary\tictactoetests\bin\debug\tictactoetests.dll" id="942d27be-4956-2462-c253-fa6c40270118">
      <Execution id="54aebb75-6e54-4b48-963d-298c341c4f5a" />
      <TestMethod codeBase="C:/Users/Jacob/Documents/Visual Studio 2010/Projects/TTT_ClassLibrary/TicTacToeTests/bin/Debug/TicTacToeTests.DLL" adapterTypeName="Microsoft.VisualStudio.TestTools.TestTypes.Unit.UnitTestAdapter, Microsoft.VisualStudio.QualityTools.Tips.UnitTest.Adapter, Version=10.0.0.0, Culture=neutral, PublicKeyToken=b03f5f7f11d50a3a" className="TicTacToeTests.GameTest, TicTacToeTests, Version=1.0.0.0, Culture=neutral, PublicKeyToken=null" name="AddPlayerWontInputMoreThanTwoPlayers" />
    </UnitTest>
    <UnitTest name="RewritePlayerWillRewritePlayers" storage="c:\users\jacob\documents\visual studio 2010\projects\ttt_classlibrary\tictactoetests\bin\debug\tictactoetests.dll" id="4a5d0dc1-d13a-483c-f7b7-2695d82834df">
      <Execution id="cce8fe95-74d8-4420-ad53-727ef932166f" />
      <TestMethod codeBase="C:/Users/Jacob/Documents/Visual Studio 2010/Projects/TTT_ClassLibrary/TicTacToeTests/bin/Debug/TicTacToeTests.DLL" adapterTypeName="Microsoft.VisualStudio.TestTools.TestTypes.Unit.UnitTestAdapter, Microsoft.VisualStudio.QualityTools.Tips.UnitTest.Adapter, Version=10.0.0.0, Culture=neutral, PublicKeyToken=b03f5f7f11d50a3a" className="TicTacToeTests.GameTest, TicTacToeTests, Version=1.0.0.0, Culture=neutral, PublicKeyToken=null" name="RewritePlayerWillRewritePlayers" />
    </UnitTest>
    <UnitTest name="PresentationManagerShouldBeAbleToPrintTheBoard" storage="c:\users\jacob\documents\visual studio 2010\projects\ttt_classlibrary\tictactoetests\bin\debug\tictactoetests.dll" id="6bab6699-9713-b238-5a17-ef14efca37b0">
      <Execution id="fb39d255-4ca5-45bc-87a5-2690b431b3ba" />
      <TestMethod codeBase="C:/Users/Jacob/Documents/Visual Studio 2010/Projects/TTT_ClassLibrary/TicTacToeTests/bin/Debug/TicTacToeTests.DLL" adapterTypeName="Microsoft.VisualStudio.TestTools.TestTypes.Unit.UnitTestAdapter, Microsoft.VisualStudio.QualityTools.Tips.UnitTest.Adapter, Version=10.0.0.0, Culture=neutral, PublicKeyToken=b03f5f7f11d50a3a" className="TicTacToeTests.PresentationManagerTest, TicTacToeTests, Version=1.0.0.0, Culture=neutral, PublicKeyToken=null" name="PresentationManagerShouldBeAbleToPrintTheBoard" />
    </UnitTest>
  </TestDefinitions>
  <TestLists>
    <TestList name="Results Not in a List" id="8c84fa94-04c1-424b-9868-57a2d4851a1d" />
    <TestList name="All Loaded Results" id="19431567-8539-422a-85d7-44ee4e166bda" />
  </TestLists>
  <TestEntries>
    <TestEntry testId="294e4ab6-24bc-09e2-f2c4-e404bcd8ca74" executionId="20d0dd5d-1839-413f-acaf-a2e9b6d10616" testListId="8c84fa94-04c1-424b-9868-57a2d4851a1d" />
    <TestEntry testId="4a5d0dc1-d13a-483c-f7b7-2695d82834df" executionId="cce8fe95-74d8-4420-ad53-727ef932166f" testListId="8c84fa94-04c1-424b-9868-57a2d4851a1d" />
    <TestEntry testId="aae16033-deb4-9bfc-2533-fbfd5587148d" executionId="0796d04e-a2c5-4870-ba9e-f6cbb49ce793" testListId="8c84fa94-04c1-424b-9868-57a2d4851a1d" />
    <TestEntry testId="9a6fa991-0417-a613-f3ed-5f76c5b3a166" executionId="4abcf2a3-a33c-408b-9382-72f67ff1f8b5" testListId="8c84fa94-04c1-424b-9868-57a2d4851a1d" />
    <TestEntry testId="942d27be-4956-2462-c253-fa6c40270118" executionId="54aebb75-6e54-4b48-963d-298c341c4f5a" testListId="8c84fa94-04c1-424b-9868-57a2d4851a1d" />
    <TestEntry testId="3acbb4e3-a054-f565-e60a-1a68c1f94e42" executionId="be3cb2cd-66f0-4fbe-8136-fb08a8752237" testListId="8c84fa94-04c1-424b-9868-57a2d4851a1d" />
    <TestEntry testId="c08bc9e4-6f3f-c8c1-4824-e6ff27ed7b61" executionId="f1fc1b55-c0f9-454c-a1ad-14864cdad66d" testListId="8c84fa94-04c1-424b-9868-57a2d4851a1d" />
    <TestEntry testId="358726f6-a8ae-8a83-e103-c1311aaff0fd" executionId="b923621a-b284-4730-b4d7-cac36e64450f" testListId="8c84fa94-04c1-424b-9868-57a2d4851a1d" />
    <TestEntry testId="99795f50-df1d-e4ea-c081-b30bb5dcbc32" executionId="e5e5d1b4-de81-4449-85d2-fd5f4d76c140" testListId="8c84fa94-04c1-424b-9868-57a2d4851a1d" />
    <TestEntry testId="509e90fa-e375-3ac4-4f7b-80bf8c25c657" executionId="c0c2d4c4-d3c2-4a2a-ad98-d56f852a375d" testListId="8c84fa94-04c1-424b-9868-57a2d4851a1d" />
    <TestEntry testId="35867376-516b-bb80-39b8-b5134142b77c" executionId="3374913a-d5f4-4ffe-8504-c202344502b2" testListId="8c84fa94-04c1-424b-9868-57a2d4851a1d" />
    <TestEntry testId="ce84697a-d830-63f0-40aa-89c3346e8066" executionId="9562f9ba-de75-436d-8099-187b80695600" testListId="8c84fa94-04c1-424b-9868-57a2d4851a1d" />
    <TestEntry testId="5e9274aa-9856-4b9d-3df4-a0d60e1aa29a" executionId="807c3115-d118-4c02-b96f-71121a0e66c0" testListId="8c84fa94-04c1-424b-9868-57a2d4851a1d" />
    <TestEntry testId="0aff7c26-8441-3caa-a0cf-bf0199fb6a21" executionId="2d71062d-6f4e-4d43-8a82-45da04ddff9f" testListId="8c84fa94-04c1-424b-9868-57a2d4851a1d" />
    <TestEntry testId="ff28ecd5-0eb2-e304-22ce-a481dbcde59f" executionId="3a22be21-8c83-4403-8e2f-e695a088f948" testListId="8c84fa94-04c1-424b-9868-57a2d4851a1d" />
    <TestEntry testId="5796ba2d-0a22-8ee9-5ec5-effdc2680ab5" executionId="3c5b17cd-a2a6-484e-b520-167c9f9641f5" testListId="8c84fa94-04c1-424b-9868-57a2d4851a1d" />
    <TestEntry testId="1b98b33c-61f0-f856-5cfb-9b08461064bb" executionId="1cf5651e-5acd-4a31-a67f-2b3519b09b5a" testListId="8c84fa94-04c1-424b-9868-57a2d4851a1d" />
    <TestEntry testId="6bab6699-9713-b238-5a17-ef14efca37b0" executionId="fb39d255-4ca5-45bc-87a5-2690b431b3ba" testListId="8c84fa94-04c1-424b-9868-57a2d4851a1d" />
    <TestEntry testId="4b28711c-31b6-7bcd-ac1e-7cb151c1f762" executionId="455fb3ff-bb4b-452e-be41-0f822246d9aa" testListId="8c84fa94-04c1-424b-9868-57a2d4851a1d" />
    <TestEntry testId="a5fc2ae8-ba62-1bf2-439e-77d73b85440f" executionId="12337d18-9c39-4b82-914f-8974d48812ff" testListId="8c84fa94-04c1-424b-9868-57a2d4851a1d" />
    <TestEntry testId="b69cb284-0369-ad5b-7e94-54bf0d72caea" executionId="92c421e0-3aa4-4c8b-bdcd-8b07f5eed3bf" testListId="8c84fa94-04c1-424b-9868-57a2d4851a1d" />
    <TestEntry testId="cf6ebb22-f29b-1023-83f4-4edde1f01a77" executionId="db2655f6-387f-480b-a513-d507fb9e8e96" testListId="8c84fa94-04c1-424b-9868-57a2d4851a1d" />
    <TestEntry testId="dac8381a-2b07-a506-832f-53fe9fd4076a" executionId="17d847a8-2788-4534-bff8-683a21a6cca8" testListId="8c84fa94-04c1-424b-9868-57a2d4851a1d" />
    <TestEntry testId="c6a92652-6ab0-4762-625e-de206ba4d88a" executionId="c07e8d73-79cb-4d4b-821a-25f2ab376a8c" testListId="8c84fa94-04c1-424b-9868-57a2d4851a1d" />
    <TestEntry testId="6c8d9547-9cf5-ce30-f528-0d7f7a2b20ed" executionId="c1bf9f27-a498-4020-a44c-54e6a3642a8b" testListId="8c84fa94-04c1-424b-9868-57a2d4851a1d" />
    <TestEntry testId="cfec85fe-66e0-7ac6-d646-59d7a9bc5243" executionId="0e576dad-5300-4926-b7b1-1598dfc3c448" testListId="8c84fa94-04c1-424b-9868-57a2d4851a1d" />
    <TestEntry testId="399e80f1-efc0-b120-1517-29eedd7de9cf" executionId="1c81b7ed-09cd-4b8e-aebb-5108a88b0175" testListId="8c84fa94-04c1-424b-9868-57a2d4851a1d" />
    <TestEntry testId="b4586cda-b738-193f-c577-a6f50aeccc3a" executionId="56e18e71-fb7a-4ea2-be2a-45d22c2a41f4" testListId="8c84fa94-04c1-424b-9868-57a2d4851a1d" />
    <TestEntry testId="db1abdd6-8a26-8208-2578-47bc52c7c661" executionId="e1a1dd66-a22f-4caa-92a7-9301f42783b3" testListId="8c84fa94-04c1-424b-9868-57a2d4851a1d" />
    <TestEntry testId="354fc1c2-7826-3d91-15c2-47a7701dfa6c" executionId="3ed7b1f8-b0b8-48e9-b52e-00639d91bc6f" testListId="8c84fa94-04c1-424b-9868-57a2d4851a1d" />
  </TestEntries>
  <Results>
    <UnitTestResult executionId="20d0dd5d-1839-413f-acaf-a2e9b6d10616" testId="294e4ab6-24bc-09e2-f2c4-e404bcd8ca74" testName="LogMoveShouldNotOverwriteMoves" computerName="MANTA" duration="00:00:00.0101939" startTime="2014-02-14T11:25:29.6261335-06:00" endTime="2014-02-14T11:25:29.7482196-06:00" testType="13cdc9d9-ddb5-4fa4-a97d-d965ccfc6d4b" outcome="Passed" testListId="8c84fa94-04c1-424b-9868-57a2d4851a1d" relativeResultsDirectory="20d0dd5d-1839-413f-acaf-a2e9b6d10616">
    </UnitTestResult>
    <UnitTestResult executionId="cce8fe95-74d8-4420-ad53-727ef932166f" testId="4a5d0dc1-d13a-483c-f7b7-2695d82834df" testName="RewritePlayerWillRewritePlayers" computerName="MANTA" duration="00:00:00.0010220" startTime="2014-02-14T11:25:29.7492203-06:00" endTime="2014-02-14T11:25:29.7522233-06:00" testType="13cdc9d9-ddb5-4fa4-a97d-d965ccfc6d4b" outcome="Passed" testListId="8c84fa94-04c1-424b-9868-57a2d4851a1d" relativeResultsDirectory="cce8fe95-74d8-4420-ad53-727ef932166f">
    </UnitTestResult>
    <UnitTestResult executionId="0796d04e-a2c5-4870-ba9e-f6cbb49ce793" testId="aae16033-deb4-9bfc-2533-fbfd5587148d" testName="BoardManagerShouldBeAbleToCheckTheValidityOfAMove" computerName="MANTA" duration="00:00:00.0002672" startTime="2014-02-14T11:25:29.7532283-06:00" endTime="2014-02-14T11:25:29.7562274-06:00" testType="13cdc9d9-ddb5-4fa4-a97d-d965ccfc6d4b" outcome="Passed" testListId="8c84fa94-04c1-424b-9868-57a2d4851a1d" relativeResultsDirectory="0796d04e-a2c5-4870-ba9e-f6cbb49ce793">
    </UnitTestResult>
    <UnitTestResult executionId="4abcf2a3-a33c-408b-9382-72f67ff1f8b5" testId="9a6fa991-0417-a613-f3ed-5f76c5b3a166" testName="GameShouldHaveTwoAIs" computerName="MANTA" duration="00:00:00.0011281" startTime="2014-02-14T11:25:29.7562274-06:00" endTime="2014-02-14T11:25:29.7602289-06:00" testType="13cdc9d9-ddb5-4fa4-a97d-d965ccfc6d4b" outcome="Passed" testListId="8c84fa94-04c1-424b-9868-57a2d4851a1d" relativeResultsDirectory="4abcf2a3-a33c-408b-9382-72f67ff1f8b5">
    </UnitTestResult>
    <UnitTestResult executionId="54aebb75-6e54-4b48-963d-298c341c4f5a" testId="942d27be-4956-2462-c253-fa6c40270118" testName="AddPlayerWontInputMoreThanTwoPlayers" computerName="MANTA" duration="00:00:00.0002574" startTime="2014-02-14T11:25:29.7612292-06:00" endTime="2014-02-14T11:25:29.7642322-06:00" testType="13cdc9d9-ddb5-4fa4-a97d-d965ccfc6d4b" outcome="Passed" testListId="8c84fa94-04c1-424b-9868-57a2d4851a1d" relativeResultsDirectory="54aebb75-6e54-4b48-963d-298c341c4f5a">
    </UnitTestResult>
    <UnitTestResult executionId="be3cb2cd-66f0-4fbe-8136-fb08a8752237" testId="3acbb4e3-a054-f565-e60a-1a68c1f94e42" testName="GetRandomMoveShouldReturnARandomMoveFromAvailableSpaces" computerName="MANTA" duration="00:00:00.0009917" startTime="2014-02-14T11:25:29.7642322-06:00" endTime="2014-02-14T11:25:29.7682354-06:00" testType="13cdc9d9-ddb5-4fa4-a97d-d965ccfc6d4b" outcome="Passed" testListId="8c84fa94-04c1-424b-9868-57a2d4851a1d" relativeResultsDirectory="be3cb2cd-66f0-4fbe-8136-fb08a8752237">
    </UnitTestResult>
    <UnitTestResult executionId="f1fc1b55-c0f9-454c-a1ad-14864cdad66d" testId="c08bc9e4-6f3f-c8c1-4824-e6ff27ed7b61" testName="CreateNewBoardShouldCreateA3x3TTTBoard" computerName="MANTA" duration="00:00:00.0002215" startTime="2014-02-14T11:25:29.7692344-06:00" endTime="2014-02-14T11:25:29.7712354-06:00" testType="13cdc9d9-ddb5-4fa4-a97d-d965ccfc6d4b" outcome="Passed" testListId="8c84fa94-04c1-424b-9868-57a2d4851a1d" relativeResultsDirectory="f1fc1b55-c0f9-454c-a1ad-14864cdad66d">
    </UnitTestResult>
    <UnitTestResult executionId="b923621a-b284-4730-b4d7-cac36e64450f" testId="358726f6-a8ae-8a83-e103-c1311aaff0fd" testName="GameManagerConstructorTest" computerName="MANTA" duration="00:00:00.0003442" startTime="2014-02-14T11:25:29.7722365-06:00" endTime="2014-02-14T11:25:29.7752387-06:00" testType="13cdc9d9-ddb5-4fa4-a97d-d965ccfc6d4b" outcome="Passed" testListId="8c84fa94-04c1-424b-9868-57a2d4851a1d" relativeResultsDirectory="b923621a-b284-4730-b4d7-cac36e64450f">
    </UnitTestResult>
    <UnitTestResult executionId="e5e5d1b4-de81-4449-85d2-fd5f4d76c140" testId="99795f50-df1d-e4ea-c081-b30bb5dcbc32" testName="ShouldNotBeAbleToMakeTwoPlayersWithIdenticalIdentities" computerName="MANTA" duration="00:00:00.0003446" startTime="2014-02-14T11:25:29.7762406-06:00" endTime="2014-02-14T11:25:29.7792411-06:00" testType="13cdc9d9-ddb5-4fa4-a97d-d965ccfc6d4b" outcome="Passed" testListId="8c84fa94-04c1-424b-9868-57a2d4851a1d" relativeResultsDirectory="e5e5d1b4-de81-4449-85d2-fd5f4d76c140">
    </UnitTestResult>
    <UnitTestResult executionId="c0c2d4c4-d3c2-4a2a-ad98-d56f852a375d" testId="509e90fa-e375-3ac4-4f7b-80bf8c25c657" testName="AddPlayerShouldNotOverwritePlayers" computerName="MANTA" duration="00:00:00.0001710" startTime="2014-02-14T11:25:29.7792411-06:00" endTime="2014-02-14T11:25:29.7822500-06:00" testType="13cdc9d9-ddb5-4fa4-a97d-d965ccfc6d4b" outcome="Passed" testListId="8c84fa94-04c1-424b-9868-57a2d4851a1d" relativeResultsDirectory="c0c2d4c4-d3c2-4a2a-ad98-d56f852a375d">
    </UnitTestResult>
    <UnitTestResult executionId="3374913a-d5f4-4ffe-8504-c202344502b2" testId="35867376-516b-bb80-39b8-b5134142b77c" testName="GameManagerFullConstructorTest" computerName="MANTA" duration="00:00:00.0001441" startTime="2014-02-14T11:25:29.7832443-06:00" endTime="2014-02-14T11:25:29.7852461-06:00" testType="13cdc9d9-ddb5-4fa4-a97d-d965ccfc6d4b" outcome="Passed" testListId="8c84fa94-04c1-424b-9868-57a2d4851a1d" relativeResultsDirectory="3374913a-d5f4-4ffe-8504-c202344502b2">
    </UnitTestResult>
    <UnitTestResult executionId="9562f9ba-de75-436d-8099-187b80695600" testId="ce84697a-d830-63f0-40aa-89c3346e8066" testName="CheckForWinShouldReturnTrueIfThereAreThreeOsInARow" computerName="MANTA" duration="00:00:00.0012188" startTime="2014-02-14T11:25:29.7862473-06:00" endTime="2014-02-14T11:25:29.7892481-06:00" testType="13cdc9d9-ddb5-4fa4-a97d-d965ccfc6d4b" outcome="Passed" testListId="8c84fa94-04c1-424b-9868-57a2d4851a1d" relativeResultsDirectory="9562f9ba-de75-436d-8099-187b80695600">
    </UnitTestResult>
    <UnitTestResult executionId="807c3115-d118-4c02-b96f-71121a0e66c0" testId="5e9274aa-9856-4b9d-3df4-a0d60e1aa29a" testName="GameShouldBeAbleToCheckAMovesValidity" computerName="MANTA" duration="00:00:00.0004161" startTime="2014-02-14T11:25:29.7902492-06:00" endTime="2014-02-14T11:25:29.7922511-06:00" testType="13cdc9d9-ddb5-4fa4-a97d-d965ccfc6d4b" outcome="Passed" testListId="8c84fa94-04c1-424b-9868-57a2d4851a1d" relativeResultsDirectory="807c3115-d118-4c02-b96f-71121a0e66c0">
    </UnitTestResult>
    <UnitTestResult executionId="2d71062d-6f4e-4d43-8a82-45da04ddff9f" testId="0aff7c26-8441-3caa-a0cf-bf0199fb6a21" testName="MakeMoveShouldMakeACreatedMove" computerName="MANTA" duration="00:00:00.0002531" startTime="2014-02-14T11:25:29.7932518-06:00" endTime="2014-02-14T11:25:29.7952536-06:00" testType="13cdc9d9-ddb5-4fa4-a97d-d965ccfc6d4b" outcome="Passed" testListId="8c84fa94-04c1-424b-9868-57a2d4851a1d" relativeResultsDirectory="2d71062d-6f4e-4d43-8a82-45da04ddff9f">
    </UnitTestResult>
    <UnitTestResult executionId="3a22be21-8c83-4403-8e2f-e695a088f948" testId="ff28ecd5-0eb2-e304-22ce-a481dbcde59f" testName="GameShouldBeAbleToLogMoves" computerName="MANTA" duration="00:00:00.0001565" startTime="2014-02-14T11:25:29.7962531-06:00" endTime="2014-02-14T11:25:29.7982553-06:00" testType="13cdc9d9-ddb5-4fa4-a97d-d965ccfc6d4b" outcome="Passed" testListId="8c84fa94-04c1-424b-9868-57a2d4851a1d" relativeResultsDirectory="3a22be21-8c83-4403-8e2f-e695a088f948">
    </UnitTestResult>
    <UnitTestResult executionId="3c5b17cd-a2a6-484e-b520-167c9f9641f5" testId="5796ba2d-0a22-8ee9-5ec5-effdc2680ab5" testName="ConstructorShouldDefaultToX" computerName="MANTA" duration="00:00:00.0001325" startTime="2014-02-14T11:25:29.7992556-06:00" endTime="2014-02-14T11:25:29.8012579-06:00" testType="13cdc9d9-ddb5-4fa4-a97d-d965ccfc6d4b" outcome="Passed" testListId="8c84fa94-04c1-424b-9868-57a2d4851a1d" relativeResultsDirectory="3c5b17cd-a2a6-484e-b520-167c9f9641f5">
    </UnitTestResult>
    <UnitTestResult executionId="1cf5651e-5acd-4a31-a67f-2b3519b09b5a" testId="1b98b33c-61f0-f856-5cfb-9b08461064bb" testName="CheckForWinShouldReturnTrueIfThereAreThreeXsInARow" computerName="MANTA" duration="00:00:00.0006833" startTime="2014-02-14T11:25:29.8022573-06:00" endTime="2014-02-14T11:25:29.8052615-06:00" testType="13cdc9d9-ddb5-4fa4-a97d-d965ccfc6d4b" outcome="Passed" testListId="8c84fa94-04c1-424b-9868-57a2d4851a1d" relativeResultsDirectory="1cf5651e-5acd-4a31-a67f-2b3519b09b5a">
    </UnitTestResult>
    <UnitTestResult executionId="fb39d255-4ca5-45bc-87a5-2690b431b3ba" testId="6bab6699-9713-b238-5a17-ef14efca37b0" testName="PresentationManagerShouldBeAbleToPrintTheBoard" computerName="MANTA" duration="00:00:00.0008180" startTime="2014-02-14T11:25:29.8062605-06:00" endTime="2014-02-14T11:25:29.8122665-06:00" testType="13cdc9d9-ddb5-4fa4-a97d-d965ccfc6d4b" outcome="Passed" testListId="8c84fa94-04c1-424b-9868-57a2d4851a1d" relativeResultsDirectory="fb39d255-4ca5-45bc-87a5-2690b431b3ba">
      <Output>
        <StdOut>[ ][ ][ ]
[ ][ ][ ]
[ ][ ][ ]
[ ][ ][ ]
[ ][X][ ]
[ ][ ][ ]
[O][ ][ ]
[ ][X][ ]
[ ][ ][ ]
[O][ ][X]
[ ][X][ ]
[ ][ ][ ]
[O][ ][X]
[ ][X][ ]
[O][ ][ ]</StdOut>
      </Output>
    </UnitTestResult>
    <UnitTestResult executionId="455fb3ff-bb4b-452e-be41-0f822246d9aa" testId="4b28711c-31b6-7bcd-ac1e-7cb151c1f762" testName="ShouldBeAbleToCreatePlayersForO" computerName="MANTA" duration="00:00:00.0001321" startTime="2014-02-14T11:25:29.8132663-06:00" endTime="2014-02-14T11:25:29.8152673-06:00" testType="13cdc9d9-ddb5-4fa4-a97d-d965ccfc6d4b" outcome="Passed" testListId="8c84fa94-04c1-424b-9868-57a2d4851a1d" relativeResultsDirectory="455fb3ff-bb4b-452e-be41-0f822246d9aa">
    </UnitTestResult>
    <UnitTestResult executionId="12337d18-9c39-4b82-914f-8974d48812ff" testId="a5fc2ae8-ba62-1bf2-439e-77d73b85440f" testName="GameManagerEmptyConstructorTest" computerName="MANTA" duration="00:00:00.0001052" startTime="2014-02-14T11:25:29.8162689-06:00" endTime="2014-02-14T11:25:29.8182686-06:00" testType="13cdc9d9-ddb5-4fa4-a97d-d965ccfc6d4b" outcome="Passed" testListId="8c84fa94-04c1-424b-9868-57a2d4851a1d" relativeResultsDirectory="12337d18-9c39-4b82-914f-8974d48812ff">
    </UnitTestResult>
    <UnitTestResult executionId="92c421e0-3aa4-4c8b-bdcd-8b07f5eed3bf" testId="b69cb284-0369-ad5b-7e94-54bf0d72caea" testName="PresentationManagerShouldBeAbleToPromptUsers" computerName="MANTA" duration="00:00:00.0001582" startTime="2014-02-14T11:25:29.8192697-06:00" endTime="2014-02-14T11:25:29.8215778-06:00" testType="13cdc9d9-ddb5-4fa4-a97d-d965ccfc6d4b" outcome="Passed" testListId="8c84fa94-04c1-424b-9868-57a2d4851a1d" relativeResultsDirectory="92c421e0-3aa4-4c8b-bdcd-8b07f5eed3bf">
      <Output>
        <StdOut>Choose a mode:</StdOut>
      </Output>
    </UnitTestResult>
    <UnitTestResult executionId="db2655f6-387f-480b-a513-d507fb9e8e96" testId="cf6ebb22-f29b-1023-83f4-4edde1f01a77" testName="GameShouldBeAbleToLogAIMoves" computerName="MANTA" duration="00:00:00.0004729" startTime="2014-02-14T11:25:29.8222731-06:00" endTime="2014-02-14T11:25:29.8252748-06:00" testType="13cdc9d9-ddb5-4fa4-a97d-d965ccfc6d4b" outcome="Passed" testListId="8c84fa94-04c1-424b-9868-57a2d4851a1d" relativeResultsDirectory="db2655f6-387f-480b-a513-d507fb9e8e96">
    </UnitTestResult>
    <UnitTestResult executionId="17d847a8-2788-4534-bff8-683a21a6cca8" testId="dac8381a-2b07-a506-832f-53fe9fd4076a" testName="GameShouldBeAbleToMakeMovesOnBehalfOfItsPlayers" computerName="MANTA" duration="00:00:00.0002228" startTime="2014-02-14T11:25:29.8252748-06:00" endTime="2014-02-14T11:25:29.8282756-06:00" testType="13cdc9d9-ddb5-4fa4-a97d-d965ccfc6d4b" outcome="Passed" testListId="8c84fa94-04c1-424b-9868-57a2d4851a1d" relativeResultsDirectory="17d847a8-2788-4534-bff8-683a21a6cca8">
    </UnitTestResult>
    <UnitTestResult executionId="c07e8d73-79cb-4d4b-821a-25f2ab376a8c" testId="c6a92652-6ab0-4762-625e-de206ba4d88a" testName="ComputerAIConstructorTest" computerName="MANTA" duration="00:00:00.0001894" startTime="2014-02-14T11:25:29.8282756-06:00" endTime="2014-02-14T11:25:29.8312786-06:00" testType="13cdc9d9-ddb5-4fa4-a97d-d965ccfc6d4b" outcome="Passed" testListId="8c84fa94-04c1-424b-9868-57a2d4851a1d" relativeResultsDirectory="c07e8d73-79cb-4d4b-821a-25f2ab376a8c">
    </UnitTestResult>
    <UnitTestResult executionId="c1bf9f27-a498-4020-a44c-54e6a3642a8b" testId="6c8d9547-9cf5-ce30-f528-0d7f7a2b20ed" testName="BoardManagerConstructorTest" computerName="MANTA" duration="00:00:00.0001129" startTime="2014-02-14T11:25:29.8312786-06:00" endTime="2014-02-14T11:25:29.8342807-06:00" testType="13cdc9d9-ddb5-4fa4-a97d-d965ccfc6d4b" outcome="Passed" testListId="8c84fa94-04c1-424b-9868-57a2d4851a1d" relativeResultsDirectory="c1bf9f27-a498-4020-a44c-54e6a3642a8b">
    </UnitTestResult>
    <UnitTestResult executionId="0e576dad-5300-4926-b7b1-1598dfc3c448" testId="cfec85fe-66e0-7ac6-d646-59d7a9bc5243" testName="ResetGameShouldBlankAllValues" computerName="MANTA" duration="00:00:00.0002416" startTime="2014-02-14T11:25:29.8352806-06:00" endTime="2014-02-14T11:25:29.8392860-06:00" testType="13cdc9d9-ddb5-4fa4-a97d-d965ccfc6d4b" outcome="Passed" testListId="8c84fa94-04c1-424b-9868-57a2d4851a1d" relativeResultsDirectory="0e576dad-5300-4926-b7b1-1598dfc3c448">
    </UnitTestResult>
    <UnitTestResult executionId="1c81b7ed-09cd-4b8e-aebb-5108a88b0175" testId="399e80f1-efc0-b120-1517-29eedd7de9cf" testName="GameShouldBeAbleToGetBoardArray" computerName="MANTA" duration="00:00:00.0001937" startTime="2014-02-14T11:25:29.8392860-06:00" endTime="2014-02-14T11:25:29.8422864-06:00" testType="13cdc9d9-ddb5-4fa4-a97d-d965ccfc6d4b" outcome="Passed" testListId="8c84fa94-04c1-424b-9868-57a2d4851a1d" relativeResultsDirectory="1c81b7ed-09cd-4b8e-aebb-5108a88b0175">
    </UnitTestResult>
    <UnitTestResult executionId="56e18e71-fb7a-4ea2-be2a-45d22c2a41f4" testId="b4586cda-b738-193f-c577-a6f50aeccc3a" testName="ShouldBeAbleToAddPlayers" computerName="MANTA" duration="00:00:00.0001646" startTime="2014-02-14T11:25:29.8422864-06:00" endTime="2014-02-14T11:25:29.8452894-06:00" testType="13cdc9d9-ddb5-4fa4-a97d-d965ccfc6d4b" outcome="Passed" testListId="8c84fa94-04c1-424b-9868-57a2d4851a1d" relativeResultsDirectory="56e18e71-fb7a-4ea2-be2a-45d22c2a41f4">
    </UnitTestResult>
    <UnitTestResult executionId="e1a1dd66-a22f-4caa-92a7-9301f42783b3" testId="db1abdd6-8a26-8208-2578-47bc52c7c661" testName="LogMoveShouldLogACreatedMove" computerName="MANTA" duration="00:00:00.0001920" startTime="2014-02-14T11:25:29.8452894-06:00" endTime="2014-02-14T11:25:29.8482911-06:00" testType="13cdc9d9-ddb5-4fa4-a97d-d965ccfc6d4b" outcome="Passed" testListId="8c84fa94-04c1-424b-9868-57a2d4851a1d" relativeResultsDirectory="e1a1dd66-a22f-4caa-92a7-9301f42783b3">
    </UnitTestResult>
    <UnitTestResult executionId="3ed7b1f8-b0b8-48e9-b52e-00639d91bc6f" testId="354fc1c2-7826-3d91-15c2-47a7701dfa6c" testName="BoardManagerShouldKnowIfThereIsATie" computerName="MANTA" duration="00:00:00.0005093" startTime="2014-02-14T11:25:29.8492909-06:00" endTime="2014-02-14T11:25:29.8512919-06:00" testType="13cdc9d9-ddb5-4fa4-a97d-d965ccfc6d4b" outcome="Passed" testListId="8c84fa94-04c1-424b-9868-57a2d4851a1d" relativeResultsDirectory="3ed7b1f8-b0b8-48e9-b52e-00639d91bc6f">
    </UnitTestResult>
  </Results>
</TestRun>