<?xml version="1.0" encoding="UTF-8"?>
<TestRun id="35763d45-dc2d-44b0-a41e-351963e572e5" name="Jacob@MANTA 2014-02-07 09:24:51" runUser="MANTA\Jacob" xmlns="http://microsoft.com/schemas/VisualStudio/TeamTest/2010">
  <TestSettings name="Local" id="7c6903b5-04f0-4edb-852a-89e5b22e03f9">
    <Description>These are default test settings for a local test run.</Description>
    <Deployment enabled="false" runDeploymentRoot="Jacob_MANTA 2014-02-07 09_24_51">
      <DeploymentItem filename="C:\Users\Jacob\Documents\Visual Studio 2010\Projects\TTT_ClassLibrary\TTT_ClassLibrary\bin\Debug\TTT_ClassLibrary.dll" />
    </Deployment>
    <Execution>
      <TestTypeSpecific />
      <AgentRule name="Execution Agents">
      </AgentRule>
    </Execution>
  </TestSettings>
  <Times creation="2014-02-07T09:24:51.0372817-06:00" queuing="2014-02-07T09:24:51.5330549-06:00" start="2014-02-07T09:24:51.6021034-06:00" finish="2014-02-07T09:25:35.0482920-06:00" />
  <ResultSummary outcome="Completed">
    <Counters total="1" executed="1" passed="1" error="0" failed="0" timeout="0" aborted="0" inconclusive="0" passedButRunAborted="0" notRunnable="0" notExecuted="0" disconnected="0" warning="0" completed="0" inProgress="0" pending="0" />
  </ResultSummary>
  <TestDefinitions>
    <UnitTest name="LogMoveShouldNotOverwriteMoves" storage="c:\users\jacob\documents\visual studio 2010\projects\ttt_classlibrary\tictactoetests\bin\debug\tictactoetests.dll" id="294e4ab6-24bc-09e2-f2c4-e404bcd8ca74">
      <Execution id="a75644e8-b6fa-457b-afaa-415c043e30b6" />
      <TestMethod codeBase="C:/Users/Jacob/Documents/Visual Studio 2010/Projects/TTT_ClassLibrary/TicTacToeTests/bin/Debug/TicTacToeTests.DLL" adapterTypeName="Microsoft.VisualStudio.TestTools.TestTypes.Unit.UnitTestAdapter, Microsoft.VisualStudio.QualityTools.Tips.UnitTest.Adapter, Version=10.0.0.0, Culture=neutral, PublicKeyToken=b03f5f7f11d50a3a" className="TicTacToeTests.BoardManagerTest, TicTacToeTests, Version=1.0.0.0, Culture=neutral, PublicKeyToken=null" name="LogMoveShouldNotOverwriteMoves" />
    </UnitTest>
  </TestDefinitions>
  <TestLists>
    <TestList name="Results Not in a List" id="8c84fa94-04c1-424b-9868-57a2d4851a1d" />
    <TestList name="All Loaded Results" id="19431567-8539-422a-85d7-44ee4e166bda" />
  </TestLists>
  <TestEntries>
    <TestEntry testId="294e4ab6-24bc-09e2-f2c4-e404bcd8ca74" executionId="a75644e8-b6fa-457b-afaa-415c043e30b6" testListId="8c84fa94-04c1-424b-9868-57a2d4851a1d" />
  </TestEntries>
  <Results>
    <UnitTestResult executionId="a75644e8-b6fa-457b-afaa-415c043e30b6" testId="294e4ab6-24bc-09e2-f2c4-e404bcd8ca74" testName="LogMoveShouldNotOverwriteMoves" computerName="MANTA" duration="00:00:42.7701399" startTime="2014-02-07T09:24:51.6621475-06:00" endTime="2014-02-07T09:25:34.9709056-06:00" testType="13cdc9d9-ddb5-4fa4-a97d-d965ccfc6d4b" outcome="Passed" testListId="8c84fa94-04c1-424b-9868-57a2d4851a1d" relativeResultsDirectory="a75644e8-b6fa-457b-afaa-415c043e30b6">
    </UnitTestResult>
  </Results>
</TestRun>