<?xml version="1.0" encoding="UTF-8"?>
<TestRun id="cd7331d5-372c-4b77-8e52-039ba1b6ad29" name="Jacob@MANTA 2014-01-31 10:13:29" runUser="MANTA\Jacob" xmlns="http://microsoft.com/schemas/VisualStudio/TeamTest/2010">
  <TestSettings name="Local" id="7c6903b5-04f0-4edb-852a-89e5b22e03f9">
    <Description>These are default test settings for a local test run.</Description>
    <Deployment enabled="false" runDeploymentRoot="Jacob_MANTA 2014-01-31 10_13_29">
      <DeploymentItem filename="C:\Users\Jacob\Documents\Visual Studio 2010\Projects\TTT_ClassLibrary\TTT_ClassLibrary\bin\Debug\TTT_ClassLibrary.dll" />
    </Deployment>
    <Execution>
      <TestTypeSpecific />
      <AgentRule name="Execution Agents">
      </AgentRule>
    </Execution>
  </TestSettings>
  <Times creation="2014-01-31T10:13:29.9459862-06:00" queuing="2014-01-31T10:13:29.9559877-06:00" start="2014-01-31T10:13:29.9589800-06:00" finish="2014-01-31T10:13:30.1290995-06:00" />
  <ResultSummary outcome="Completed">
    <Counters total="11" executed="11" passed="11" error="0" failed="0" timeout="0" aborted="0" inconclusive="0" passedButRunAborted="0" notRunnable="0" notExecuted="0" disconnected="0" warning="0" completed="0" inProgress="0" pending="0" />
  </ResultSummary>
  <TestDefinitions>
    <UnitTest name="CreateNewBoardShouldCreateA3x3TTTBoard" storage="c:\users\jacob\documents\visual studio 2010\projects\ttt_classlibrary\tictactoetests\bin\debug\tictactoetests.dll" id="c08bc9e4-6f3f-c8c1-4824-e6ff27ed7b61">
      <Execution id="b9406bba-bde1-41d1-9a65-48062e2f51b0" />
      <TestMethod codeBase="C:/Users/Jacob/Documents/Visual Studio 2010/Projects/TTT_ClassLibrary/TicTacToeTests/bin/Debug/TicTacToeTests.DLL" adapterTypeName="Microsoft.VisualStudio.TestTools.TestTypes.Unit.UnitTestAdapter, Microsoft.VisualStudio.QualityTools.Tips.UnitTest.Adapter, Version=10.0.0.0, Culture=neutral, PublicKeyToken=b03f5f7f11d50a3a" className="TicTacToeTests.BoardManagerTest, TicTacToeTests, Version=1.0.0.0, Culture=neutral, PublicKeyToken=null" name="CreateNewBoardShouldCreateA3x3TTTBoard" />
    </UnitTest>
    <UnitTest name="AnnounceHMNWinnerTest" storage="c:\users\jacob\documents\visual studio 2010\projects\ttt_classlibrary\tictactoetests\bin\debug\tictactoetests.dll" id="e20f7559-c36c-21c3-ecc5-fa57a1b6e3c8">
      <Execution id="f793f790-e874-4964-91cb-7421a5701332" />
      <TestMethod codeBase="C:/Users/Jacob/Documents/Visual Studio 2010/Projects/TTT_ClassLibrary/TicTacToeTests/bin/Debug/TicTacToeTests.DLL" adapterTypeName="Microsoft.VisualStudio.TestTools.TestTypes.Unit.UnitTestAdapter, Microsoft.VisualStudio.QualityTools.Tips.UnitTest.Adapter, Version=10.0.0.0, Culture=neutral, PublicKeyToken=b03f5f7f11d50a3a" className="TicTacToeTests.HumanPlayerTest, TicTacToeTests, Version=1.0.0.0, Culture=neutral, PublicKeyToken=null" name="AnnounceHMNWinnerTest" />
    </UnitTest>
    <UnitTest name="BoardManagerConstructorTest" storage="c:\users\jacob\documents\visual studio 2010\projects\ttt_classlibrary\tictactoetests\bin\debug\tictactoetests.dll" id="6c8d9547-9cf5-ce30-f528-0d7f7a2b20ed">
      <Execution id="dbb3e9dc-627f-46a0-af3b-61580daf44ed" />
      <TestMethod codeBase="C:/Users/Jacob/Documents/Visual Studio 2010/Projects/TTT_ClassLibrary/TicTacToeTests/bin/Debug/TicTacToeTests.DLL" adapterTypeName="Microsoft.VisualStudio.TestTools.TestTypes.Unit.UnitTestAdapter, Microsoft.VisualStudio.QualityTools.Tips.UnitTest.Adapter, Version=10.0.0.0, Culture=neutral, PublicKeyToken=b03f5f7f11d50a3a" className="TicTacToeTests.BoardManagerTest, TicTacToeTests, Version=1.0.0.0, Culture=neutral, PublicKeyToken=null" name="BoardManagerConstructorTest" />
    </UnitTest>
    <UnitTest name="LogMoveShouldLogACreatedMove" storage="c:\users\jacob\documents\visual studio 2010\projects\ttt_classlibrary\tictactoetests\bin\debug\tictactoetests.dll" id="db1abdd6-8a26-8208-2578-47bc52c7c661">
      <Execution id="dabae5f1-7177-47d7-82df-3dac2944b5be" />
      <TestMethod codeBase="C:/Users/Jacob/Documents/Visual Studio 2010/Projects/TTT_ClassLibrary/TicTacToeTests/bin/Debug/TicTacToeTests.DLL" adapterTypeName="Microsoft.VisualStudio.TestTools.TestTypes.Unit.UnitTestAdapter, Microsoft.VisualStudio.QualityTools.Tips.UnitTest.Adapter, Version=10.0.0.0, Culture=neutral, PublicKeyToken=b03f5f7f11d50a3a" className="TicTacToeTests.BoardManagerTest, TicTacToeTests, Version=1.0.0.0, Culture=neutral, PublicKeyToken=null" name="LogMoveShouldLogACreatedMove" />
    </UnitTest>
    <UnitTest name="ShouldBeAbleToCreatePlayersForO" storage="c:\users\jacob\documents\visual studio 2010\projects\ttt_classlibrary\tictactoetests\bin\debug\tictactoetests.dll" id="4b28711c-31b6-7bcd-ac1e-7cb151c1f762">
      <Execution id="24003870-44e9-431f-9307-da337b991d03" />
      <TestMethod codeBase="C:/Users/Jacob/Documents/Visual Studio 2010/Projects/TTT_ClassLibrary/TicTacToeTests/bin/Debug/TicTacToeTests.DLL" adapterTypeName="Microsoft.VisualStudio.TestTools.TestTypes.Unit.UnitTestAdapter, Microsoft.VisualStudio.QualityTools.Tips.UnitTest.Adapter, Version=10.0.0.0, Culture=neutral, PublicKeyToken=b03f5f7f11d50a3a" className="TicTacToeTests.HumanPlayerTest, TicTacToeTests, Version=1.0.0.0, Culture=neutral, PublicKeyToken=null" name="ShouldBeAbleToCreatePlayersForO" />
    </UnitTest>
    <UnitTest name="BoardManagerShouldKnowIfThereIsATie" storage="c:\users\jacob\documents\visual studio 2010\projects\ttt_classlibrary\tictactoetests\bin\debug\tictactoetests.dll" id="f3771781-71c0-bdd1-ec6a-66abebe08aea">
      <Execution id="b0762ed4-711b-4348-9b79-f876dfa6ecda" />
      <TestMethod codeBase="C:/Users/Jacob/Documents/Visual Studio 2010/Projects/TTT_ClassLibrary/TicTacToeTests/bin/Debug/TicTacToeTests.DLL" adapterTypeName="Microsoft.VisualStudio.TestTools.TestTypes.Unit.UnitTestAdapter, Microsoft.VisualStudio.QualityTools.Tips.UnitTest.Adapter, Version=10.0.0.0, Culture=neutral, PublicKeyToken=b03f5f7f11d50a3a" className="TicTacToeTests.BoardManagerTest, TicTacToeTests, Version=1.0.0.0, Culture=neutral, PublicKeyToken=null" name="BoardManagerShouldKnowIfThereIsATie" />
    </UnitTest>
    <UnitTest name="CheckForWinShouldReturnTrueIfThereAreThreeXsInARow" storage="c:\users\jacob\documents\visual studio 2010\projects\ttt_classlibrary\tictactoetests\bin\debug\tictactoetests.dll" id="b7a15b1b-9010-af6d-2a52-6df94a79565a">
      <Execution id="8f37ff7a-6e43-4f57-8515-621eab0c3f38" />
      <TestMethod codeBase="C:/Users/Jacob/Documents/Visual Studio 2010/Projects/TTT_ClassLibrary/TicTacToeTests/bin/Debug/TicTacToeTests.DLL" adapterTypeName="Microsoft.VisualStudio.TestTools.TestTypes.Unit.UnitTestAdapter, Microsoft.VisualStudio.QualityTools.Tips.UnitTest.Adapter, Version=10.0.0.0, Culture=neutral, PublicKeyToken=b03f5f7f11d50a3a" className="TicTacToeTests.BoardManagerTest, TicTacToeTests, Version=1.0.0.0, Culture=neutral, PublicKeyToken=null" name="CheckForWinShouldReturnTrueIfThereAreThreeXsInARow" />
    </UnitTest>
    <UnitTest name="CheckForWinShouldReturnTrueIfThereAreThreeOsInARow" storage="c:\users\jacob\documents\visual studio 2010\projects\ttt_classlibrary\tictactoetests\bin\debug\tictactoetests.dll" id="8c672f45-4e22-0fc1-118e-66f312d74edf">
      <Execution id="4adc4eab-3b1b-4d1d-b5b7-19e4274d03e3" />
      <TestMethod codeBase="C:/Users/Jacob/Documents/Visual Studio 2010/Projects/TTT_ClassLibrary/TicTacToeTests/bin/Debug/TicTacToeTests.DLL" adapterTypeName="Microsoft.VisualStudio.TestTools.TestTypes.Unit.UnitTestAdapter, Microsoft.VisualStudio.QualityTools.Tips.UnitTest.Adapter, Version=10.0.0.0, Culture=neutral, PublicKeyToken=b03f5f7f11d50a3a" className="TicTacToeTests.BoardManagerTest, TicTacToeTests, Version=1.0.0.0, Culture=neutral, PublicKeyToken=null" name="CheckForWinShouldReturnTrueIfThereAreThreeOsInARow" />
    </UnitTest>
    <UnitTest name="ConstructorShouldDefaultToX" storage="c:\users\jacob\documents\visual studio 2010\projects\ttt_classlibrary\tictactoetests\bin\debug\tictactoetests.dll" id="5796ba2d-0a22-8ee9-5ec5-effdc2680ab5">
      <Execution id="a75d729e-13ad-48f9-8780-879c177ad03a" />
      <TestMethod codeBase="C:/Users/Jacob/Documents/Visual Studio 2010/Projects/TTT_ClassLibrary/TicTacToeTests/bin/Debug/TicTacToeTests.DLL" adapterTypeName="Microsoft.VisualStudio.TestTools.TestTypes.Unit.UnitTestAdapter, Microsoft.VisualStudio.QualityTools.Tips.UnitTest.Adapter, Version=10.0.0.0, Culture=neutral, PublicKeyToken=b03f5f7f11d50a3a" className="TicTacToeTests.HumanPlayerTest, TicTacToeTests, Version=1.0.0.0, Culture=neutral, PublicKeyToken=null" name="ConstructorShouldDefaultToX" />
    </UnitTest>
    <UnitTest name="AnnounceCPUWinnerTest" storage="c:\users\jacob\documents\visual studio 2010\projects\ttt_classlibrary\tictactoetests\bin\debug\tictactoetests.dll" id="2551480f-4119-30d8-7800-74078922867e">
      <Execution id="7749c6b5-6e24-42d3-9407-8f34df2594d1" />
      <TestMethod codeBase="C:/Users/Jacob/Documents/Visual Studio 2010/Projects/TTT_ClassLibrary/TicTacToeTests/bin/Debug/TicTacToeTests.DLL" adapterTypeName="Microsoft.VisualStudio.TestTools.TestTypes.Unit.UnitTestAdapter, Microsoft.VisualStudio.QualityTools.Tips.UnitTest.Adapter, Version=10.0.0.0, Culture=neutral, PublicKeyToken=b03f5f7f11d50a3a" className="TicTacToeTests.ComputerPlayerTest, TicTacToeTests, Version=1.0.0.0, Culture=neutral, PublicKeyToken=null" name="AnnounceCPUWinnerTest" />
    </UnitTest>
    <UnitTest name="MakeMoveShouldMakeACreatedMove" storage="c:\users\jacob\documents\visual studio 2010\projects\ttt_classlibrary\tictactoetests\bin\debug\tictactoetests.dll" id="0aff7c26-8441-3caa-a0cf-bf0199fb6a21">
      <Execution id="3f265781-5338-412e-bfa6-1e8d8556ba43" />
      <TestMethod codeBase="C:/Users/Jacob/Documents/Visual Studio 2010/Projects/TTT_ClassLibrary/TicTacToeTests/bin/Debug/TicTacToeTests.DLL" adapterTypeName="Microsoft.VisualStudio.TestTools.TestTypes.Unit.UnitTestAdapter, Microsoft.VisualStudio.QualityTools.Tips.UnitTest.Adapter, Version=10.0.0.0, Culture=neutral, PublicKeyToken=b03f5f7f11d50a3a" className="TicTacToeTests.HumanPlayerTest, TicTacToeTests, Version=1.0.0.0, Culture=neutral, PublicKeyToken=null" name="MakeMoveShouldMakeACreatedMove" />
    </UnitTest>
  </TestDefinitions>
  <TestLists>
    <TestList name="Results Not in a List" id="8c84fa94-04c1-424b-9868-57a2d4851a1d" />
    <TestList name="All Loaded Results" id="19431567-8539-422a-85d7-44ee4e166bda" />
  </TestLists>
  <TestEntries>
    <TestEntry testId="6c8d9547-9cf5-ce30-f528-0d7f7a2b20ed" executionId="dbb3e9dc-627f-46a0-af3b-61580daf44ed" testListId="8c84fa94-04c1-424b-9868-57a2d4851a1d" />
    <TestEntry testId="2551480f-4119-30d8-7800-74078922867e" executionId="7749c6b5-6e24-42d3-9407-8f34df2594d1" testListId="8c84fa94-04c1-424b-9868-57a2d4851a1d" />
    <TestEntry testId="db1abdd6-8a26-8208-2578-47bc52c7c661" executionId="dabae5f1-7177-47d7-82df-3dac2944b5be" testListId="8c84fa94-04c1-424b-9868-57a2d4851a1d" />
    <TestEntry testId="8c672f45-4e22-0fc1-118e-66f312d74edf" executionId="4adc4eab-3b1b-4d1d-b5b7-19e4274d03e3" testListId="8c84fa94-04c1-424b-9868-57a2d4851a1d" />
    <TestEntry testId="f3771781-71c0-bdd1-ec6a-66abebe08aea" executionId="b0762ed4-711b-4348-9b79-f876dfa6ecda" testListId="8c84fa94-04c1-424b-9868-57a2d4851a1d" />
    <TestEntry testId="5796ba2d-0a22-8ee9-5ec5-effdc2680ab5" executionId="a75d729e-13ad-48f9-8780-879c177ad03a" testListId="8c84fa94-04c1-424b-9868-57a2d4851a1d" />
    <TestEntry testId="4b28711c-31b6-7bcd-ac1e-7cb151c1f762" executionId="24003870-44e9-431f-9307-da337b991d03" testListId="8c84fa94-04c1-424b-9868-57a2d4851a1d" />
    <TestEntry testId="0aff7c26-8441-3caa-a0cf-bf0199fb6a21" executionId="3f265781-5338-412e-bfa6-1e8d8556ba43" testListId="8c84fa94-04c1-424b-9868-57a2d4851a1d" />
    <TestEntry testId="b7a15b1b-9010-af6d-2a52-6df94a79565a" executionId="8f37ff7a-6e43-4f57-8515-621eab0c3f38" testListId="8c84fa94-04c1-424b-9868-57a2d4851a1d" />
    <TestEntry testId="c08bc9e4-6f3f-c8c1-4824-e6ff27ed7b61" executionId="b9406bba-bde1-41d1-9a65-48062e2f51b0" testListId="8c84fa94-04c1-424b-9868-57a2d4851a1d" />
    <TestEntry testId="e20f7559-c36c-21c3-ecc5-fa57a1b6e3c8" executionId="f793f790-e874-4964-91cb-7421a5701332" testListId="8c84fa94-04c1-424b-9868-57a2d4851a1d" />
  </TestEntries>
  <Results>
    <UnitTestResult executionId="dbb3e9dc-627f-46a0-af3b-61580daf44ed" testId="6c8d9547-9cf5-ce30-f528-0d7f7a2b20ed" testName="BoardManagerConstructorTest" computerName="MANTA" duration="00:00:00.0105420" startTime="2014-01-31T10:13:29.9609815-06:00" endTime="2014-01-31T10:13:30.0850675-06:00" testType="13cdc9d9-ddb5-4fa4-a97d-d965ccfc6d4b" outcome="Passed" testListId="8c84fa94-04c1-424b-9868-57a2d4851a1d" relativeResultsDirectory="dbb3e9dc-627f-46a0-af3b-61580daf44ed">
    </UnitTestResult>
    <UnitTestResult executionId="7749c6b5-6e24-42d3-9407-8f34df2594d1" testId="2551480f-4119-30d8-7800-74078922867e" testName="AnnounceCPUWinnerTest" computerName="MANTA" duration="00:00:00.0004285" startTime="2014-01-31T10:13:30.0850675-06:00" endTime="2014-01-31T10:13:30.0880825-06:00" testType="13cdc9d9-ddb5-4fa4-a97d-d965ccfc6d4b" outcome="Passed" testListId="8c84fa94-04c1-424b-9868-57a2d4851a1d" relativeResultsDirectory="7749c6b5-6e24-42d3-9407-8f34df2594d1">
    </UnitTestResult>
    <UnitTestResult executionId="dabae5f1-7177-47d7-82df-3dac2944b5be" testId="db1abdd6-8a26-8208-2578-47bc52c7c661" testName="LogMoveShouldLogACreatedMove" computerName="MANTA" duration="00:00:00.0003292" startTime="2014-01-31T10:13:30.0890720-06:00" endTime="2014-01-31T10:13:30.0920746-06:00" testType="13cdc9d9-ddb5-4fa4-a97d-d965ccfc6d4b" outcome="Passed" testListId="8c84fa94-04c1-424b-9868-57a2d4851a1d" relativeResultsDirectory="dabae5f1-7177-47d7-82df-3dac2944b5be">
    </UnitTestResult>
    <UnitTestResult executionId="4adc4eab-3b1b-4d1d-b5b7-19e4274d03e3" testId="8c672f45-4e22-0fc1-118e-66f312d74edf" testName="CheckForWinShouldReturnTrueIfThereAreThreeOsInARow" computerName="MANTA" duration="00:00:00.0013907" startTime="2014-01-31T10:13:30.0930736-06:00" endTime="2014-01-31T10:13:30.0970888-06:00" testType="13cdc9d9-ddb5-4fa4-a97d-d965ccfc6d4b" outcome="Passed" testListId="8c84fa94-04c1-424b-9868-57a2d4851a1d" relativeResultsDirectory="4adc4eab-3b1b-4d1d-b5b7-19e4274d03e3">
    </UnitTestResult>
    <UnitTestResult executionId="b0762ed4-711b-4348-9b79-f876dfa6ecda" testId="f3771781-71c0-bdd1-ec6a-66abebe08aea" testName="BoardManagerShouldKnowIfThereIsATie" computerName="MANTA" duration="00:00:00.0005717" startTime="2014-01-31T10:13:30.0980788-06:00" endTime="2014-01-31T10:13:30.1010793-06:00" testType="13cdc9d9-ddb5-4fa4-a97d-d965ccfc6d4b" outcome="Passed" testListId="8c84fa94-04c1-424b-9868-57a2d4851a1d" relativeResultsDirectory="b0762ed4-711b-4348-9b79-f876dfa6ecda">
    </UnitTestResult>
    <UnitTestResult executionId="a75d729e-13ad-48f9-8780-879c177ad03a" testId="5796ba2d-0a22-8ee9-5ec5-effdc2680ab5" testName="ConstructorShouldDefaultToX" computerName="MANTA" duration="00:00:00.0002488" startTime="2014-01-31T10:13:30.1020800-06:00" endTime="2014-01-31T10:13:30.1040809-06:00" testType="13cdc9d9-ddb5-4fa4-a97d-d965ccfc6d4b" outcome="Passed" testListId="8c84fa94-04c1-424b-9868-57a2d4851a1d" relativeResultsDirectory="a75d729e-13ad-48f9-8780-879c177ad03a">
    </UnitTestResult>
    <UnitTestResult executionId="24003870-44e9-431f-9307-da337b991d03" testId="4b28711c-31b6-7bcd-ac1e-7cb151c1f762" testName="ShouldBeAbleToCreatePlayersForO" computerName="MANTA" duration="00:00:00.0001244" startTime="2014-01-31T10:13:30.1050829-06:00" endTime="2014-01-31T10:13:30.1080838-06:00" testType="13cdc9d9-ddb5-4fa4-a97d-d965ccfc6d4b" outcome="Passed" testListId="8c84fa94-04c1-424b-9868-57a2d4851a1d" relativeResultsDirectory="24003870-44e9-431f-9307-da337b991d03">
    </UnitTestResult>
    <UnitTestResult executionId="3f265781-5338-412e-bfa6-1e8d8556ba43" testId="0aff7c26-8441-3caa-a0cf-bf0199fb6a21" testName="MakeMoveShouldMakeACreatedMove" computerName="MANTA" duration="00:00:00.0002570" startTime="2014-01-31T10:13:30.1080838-06:00" endTime="2014-01-31T10:13:30.1110863-06:00" testType="13cdc9d9-ddb5-4fa4-a97d-d965ccfc6d4b" outcome="Passed" testListId="8c84fa94-04c1-424b-9868-57a2d4851a1d" relativeResultsDirectory="3f265781-5338-412e-bfa6-1e8d8556ba43">
    </UnitTestResult>
    <UnitTestResult executionId="8f37ff7a-6e43-4f57-8515-621eab0c3f38" testId="b7a15b1b-9010-af6d-2a52-6df94a79565a" testName="CheckForWinShouldReturnTrueIfThereAreThreeXsInARow" computerName="MANTA" duration="00:00:00.0005893" startTime="2014-01-31T10:13:30.1120875-06:00" endTime="2014-01-31T10:13:30.1150887-06:00" testType="13cdc9d9-ddb5-4fa4-a97d-d965ccfc6d4b" outcome="Passed" testListId="8c84fa94-04c1-424b-9868-57a2d4851a1d" relativeResultsDirectory="8f37ff7a-6e43-4f57-8515-621eab0c3f38">
    </UnitTestResult>
    <UnitTestResult executionId="b9406bba-bde1-41d1-9a65-48062e2f51b0" testId="c08bc9e4-6f3f-c8c1-4824-e6ff27ed7b61" testName="CreateNewBoardShouldCreateA3x3TTTBoard" computerName="MANTA" duration="00:00:00.0002741" startTime="2014-01-31T10:13:30.1160894-06:00" endTime="2014-01-31T10:13:30.1180913-06:00" testType="13cdc9d9-ddb5-4fa4-a97d-d965ccfc6d4b" outcome="Passed" testListId="8c84fa94-04c1-424b-9868-57a2d4851a1d" relativeResultsDirectory="b9406bba-bde1-41d1-9a65-48062e2f51b0">
    </UnitTestResult>
    <UnitTestResult executionId="f793f790-e874-4964-91cb-7421a5701332" testId="e20f7559-c36c-21c3-ecc5-fa57a1b6e3c8" testName="AnnounceHMNWinnerTest" computerName="MANTA" duration="00:00:00.0002484" startTime="2014-01-31T10:13:30.1190924-06:00" endTime="2014-01-31T10:13:30.1220941-06:00" testType="13cdc9d9-ddb5-4fa4-a97d-d965ccfc6d4b" outcome="Passed" testListId="8c84fa94-04c1-424b-9868-57a2d4851a1d" relativeResultsDirectory="f793f790-e874-4964-91cb-7421a5701332">
    </UnitTestResult>
  </Results>
</TestRun>