<?xml version="1.0" encoding="UTF-8"?>
<TestRun id="f31c73d0-74a9-409d-b7ba-86e4fa24feb8" name="Jacob@MANTA 2014-02-14 17:03:57" runUser="MANTA\Jacob" xmlns="http://microsoft.com/schemas/VisualStudio/TeamTest/2010">
  <TestSettings name="Local" id="7c6903b5-04f0-4edb-852a-89e5b22e03f9">
    <Description>These are default test settings for a local test run.</Description>
    <Deployment userDeploymentRoot="C:\Users\Jacob\Documents\Visual Studio 2010\Projects\TTT_ClassLibrary\TestResults" useDefaultDeploymentRoot="false" enabled="false" runDeploymentRoot="Jacob_MANTA 2014-02-14 17_03_57">
      <DeploymentItem filename="C:\Users\Jacob\Documents\Visual Studio 2010\Projects\TTT_ClassLibrary\TTT_ClassLibrary\bin\Debug\TTT_ClassLibrary.dll" />
    </Deployment>
    <Execution>
      <TestTypeSpecific />
      <AgentRule name="Execution Agents">
      </AgentRule>
    </Execution>
  </TestSettings>
  <Times creation="2014-02-14T17:03:57.9706034-06:00" queuing="2014-02-14T17:03:57.9756078-06:00" start="2014-02-14T17:03:57.9786091-06:00" finish="2014-02-14T17:03:58.1087008-06:00" />
  <ResultSummary outcome="Completed">
    <Counters total="1" executed="1" passed="1" error="0" failed="0" timeout="0" aborted="0" inconclusive="0" passedButRunAborted="0" notRunnable="0" notExecuted="0" disconnected="0" warning="0" completed="0" inProgress="0" pending="0" />
  </ResultSummary>
  <TestDefinitions>
    <UnitTest name="GameManagerShouldBeAbleToMakeAGame" storage="c:\users\jacob\documents\visual studio 2010\projects\ttt_classlibrary\tictactoetests\bin\debug\tictactoetests.dll" id="69e346a9-9036-2d44-a858-cf060317d724">
      <Execution id="12cecdba-0a88-4ff5-9a56-a984b8efb8be" />
      <TestMethod codeBase="C:/Users/Jacob/Documents/Visual Studio 2010/Projects/TTT_ClassLibrary/TicTacToeTests/bin/Debug/TicTacToeTests.DLL" adapterTypeName="Microsoft.VisualStudio.TestTools.TestTypes.Unit.UnitTestAdapter, Microsoft.VisualStudio.QualityTools.Tips.UnitTest.Adapter, Version=10.0.0.0, Culture=neutral, PublicKeyToken=b03f5f7f11d50a3a" className="TicTacToeTests.GameManagerTest, TicTacToeTests, Version=1.0.0.0, Culture=neutral, PublicKeyToken=null" name="GameManagerShouldBeAbleToMakeAGame" />
    </UnitTest>
  </TestDefinitions>
  <TestLists>
    <TestList name="Results Not in a List" id="8c84fa94-04c1-424b-9868-57a2d4851a1d" />
    <TestList name="All Loaded Results" id="19431567-8539-422a-85d7-44ee4e166bda" />
  </TestLists>
  <TestEntries>
    <TestEntry testId="69e346a9-9036-2d44-a858-cf060317d724" executionId="12cecdba-0a88-4ff5-9a56-a984b8efb8be" testListId="8c84fa94-04c1-424b-9868-57a2d4851a1d" />
  </TestEntries>
  <Results>
    <UnitTestResult executionId="12cecdba-0a88-4ff5-9a56-a984b8efb8be" testId="69e346a9-9036-2d44-a858-cf060317d724" testName="GameManagerShouldBeAbleToMakeAGame" computerName="MANTA" duration="00:00:00.0093035" startTime="2014-02-14T17:03:57.9796098-06:00" endTime="2014-02-14T17:03:58.1016955-06:00" testType="13cdc9d9-ddb5-4fa4-a97d-d965ccfc6d4b" outcome="Passed" testListId="8c84fa94-04c1-424b-9868-57a2d4851a1d" relativeResultsDirectory="12cecdba-0a88-4ff5-9a56-a984b8efb8be">
    </UnitTestResult>
  </Results>
</TestRun>