<?xml version="1.0" encoding="UTF-8"?>
<TestRun id="5bfe3c81-b32b-4b6b-9536-9faad2356888" name="Jacob@MANTA 2014-02-05 10:55:26" runUser="MANTA\Jacob" xmlns="http://microsoft.com/schemas/VisualStudio/TeamTest/2010">
  <TestSettings name="Local" id="7c6903b5-04f0-4edb-852a-89e5b22e03f9">
    <Description>These are default test settings for a local test run.</Description>
    <Deployment enabled="false" runDeploymentRoot="Jacob_MANTA 2014-02-05 10_55_26">
      <DeploymentItem filename="C:\Users\Jacob\Documents\Visual Studio 2010\Projects\TTT_ClassLibrary\TTT_ClassLibrary\bin\Debug\TTT_ClassLibrary.dll" />
    </Deployment>
    <Execution>
      <TestTypeSpecific />
      <AgentRule name="Execution Agents">
      </AgentRule>
    </Execution>
  </TestSettings>
  <Times creation="2014-02-05T10:55:26.5487258-06:00" queuing="2014-02-05T10:55:26.5677375-06:00" start="2014-02-05T10:55:26.5727406-06:00" finish="2014-02-05T10:55:26.8219156-06:00" />
  <ResultSummary outcome="Failed">
    <Counters total="21" executed="21" passed="20" error="0" failed="1" timeout="0" aborted="0" inconclusive="0" passedButRunAborted="0" notRunnable="0" notExecuted="0" disconnected="0" warning="0" completed="0" inProgress="0" pending="0" />
  </ResultSummary>
  <TestDefinitions>
    <UnitTest name="CheckForWinShouldReturnTrueIfThereAreThreeOsInARow" storage="c:\users\jacob\documents\visual studio 2010\projects\ttt_classlibrary\tictactoetests\bin\debug\tictactoetests.dll" id="ce84697a-d830-63f0-40aa-89c3346e8066">
      <Execution id="6791401b-5f94-4e56-8885-b722621a9069" />
      <TestMethod codeBase="C:/Users/Jacob/Documents/Visual Studio 2010/Projects/TTT_ClassLibrary/TicTacToeTests/bin/Debug/TicTacToeTests.DLL" adapterTypeName="Microsoft.VisualStudio.TestTools.TestTypes.Unit.UnitTestAdapter, Microsoft.VisualStudio.QualityTools.Tips.UnitTest.Adapter, Version=10.0.0.0, Culture=neutral, PublicKeyToken=b03f5f7f11d50a3a" className="TicTacToeTests.BoardCheckerTest, TicTacToeTests, Version=1.0.0.0, Culture=neutral, PublicKeyToken=null" name="CheckForWinShouldReturnTrueIfThereAreThreeOsInARow" />
    </UnitTest>
    <UnitTest name="MakeMoveShouldMakeACreatedMove" storage="c:\users\jacob\documents\visual studio 2010\projects\ttt_classlibrary\tictactoetests\bin\debug\tictactoetests.dll" id="0aff7c26-8441-3caa-a0cf-bf0199fb6a21">
      <Execution id="51dba847-69cf-418a-8cc4-7162039d89ac" />
      <TestMethod codeBase="C:/Users/Jacob/Documents/Visual Studio 2010/Projects/TTT_ClassLibrary/TicTacToeTests/bin/Debug/TicTacToeTests.DLL" adapterTypeName="Microsoft.VisualStudio.TestTools.TestTypes.Unit.UnitTestAdapter, Microsoft.VisualStudio.QualityTools.Tips.UnitTest.Adapter, Version=10.0.0.0, Culture=neutral, PublicKeyToken=b03f5f7f11d50a3a" className="TicTacToeTests.HumanPlayerTest, TicTacToeTests, Version=1.0.0.0, Culture=neutral, PublicKeyToken=null" name="MakeMoveShouldMakeACreatedMove" />
    </UnitTest>
    <UnitTest name="GameManagerFullConstructorTest" storage="c:\users\jacob\documents\visual studio 2010\projects\ttt_classlibrary\tictactoetests\bin\debug\tictactoetests.dll" id="ea9109d1-cfd5-b393-d92e-68a1e9993c21">
      <Execution id="ba2a835f-8e97-411c-8806-5d0fb7f4a1ad" />
      <TestMethod codeBase="C:/Users/Jacob/Documents/Visual Studio 2010/Projects/TTT_ClassLibrary/TicTacToeTests/bin/Debug/TicTacToeTests.DLL" adapterTypeName="Microsoft.VisualStudio.TestTools.TestTypes.Unit.UnitTestAdapter, Microsoft.VisualStudio.QualityTools.Tips.UnitTest.Adapter, Version=10.0.0.0, Culture=neutral, PublicKeyToken=b03f5f7f11d50a3a" className="TicTacToeTests.GameManagerTest, TicTacToeTests, Version=1.0.0.0, Culture=neutral, PublicKeyToken=null" name="GameManagerFullConstructorTest" />
    </UnitTest>
    <UnitTest name="GameManagerEmptyConstructorTest" storage="c:\users\jacob\documents\visual studio 2010\projects\ttt_classlibrary\tictactoetests\bin\debug\tictactoetests.dll" id="c2210559-7aa9-6b77-1dbd-3c95dc8dcdd8">
      <Execution id="3d0d89a0-f976-47e7-894c-32dfe6839498" />
      <TestMethod codeBase="C:/Users/Jacob/Documents/Visual Studio 2010/Projects/TTT_ClassLibrary/TicTacToeTests/bin/Debug/TicTacToeTests.DLL" adapterTypeName="Microsoft.VisualStudio.TestTools.TestTypes.Unit.UnitTestAdapter, Microsoft.VisualStudio.QualityTools.Tips.UnitTest.Adapter, Version=10.0.0.0, Culture=neutral, PublicKeyToken=b03f5f7f11d50a3a" className="TicTacToeTests.GameManagerTest, TicTacToeTests, Version=1.0.0.0, Culture=neutral, PublicKeyToken=null" name="GameManagerEmptyConstructorTest" />
    </UnitTest>
    <UnitTest name="ShouldNotBeAbleToMakeTwoPlayersWithIdenticalIdentities" storage="c:\users\jacob\documents\visual studio 2010\projects\ttt_classlibrary\tictactoetests\bin\debug\tictactoetests.dll" id="b08a02be-4559-72f5-e8c7-6494703ef624">
      <Execution id="9873682e-2dd8-4866-b933-c48d2b0b5c2b" />
      <TestMethod codeBase="C:/Users/Jacob/Documents/Visual Studio 2010/Projects/TTT_ClassLibrary/TicTacToeTests/bin/Debug/TicTacToeTests.DLL" adapterTypeName="Microsoft.VisualStudio.TestTools.TestTypes.Unit.UnitTestAdapter, Microsoft.VisualStudio.QualityTools.Tips.UnitTest.Adapter, Version=10.0.0.0, Culture=neutral, PublicKeyToken=b03f5f7f11d50a3a" className="TicTacToeTests.GameManagerTest, TicTacToeTests, Version=1.0.0.0, Culture=neutral, PublicKeyToken=null" name="ShouldNotBeAbleToMakeTwoPlayersWithIdenticalIdentities" />
    </UnitTest>
    <UnitTest name="BoardManagerConstructorTest" storage="c:\users\jacob\documents\visual studio 2010\projects\ttt_classlibrary\tictactoetests\bin\debug\tictactoetests.dll" id="6c8d9547-9cf5-ce30-f528-0d7f7a2b20ed">
      <Execution id="3e27a389-0f41-408a-b9ca-d50a05a7b325" />
      <TestMethod codeBase="C:/Users/Jacob/Documents/Visual Studio 2010/Projects/TTT_ClassLibrary/TicTacToeTests/bin/Debug/TicTacToeTests.DLL" adapterTypeName="Microsoft.VisualStudio.TestTools.TestTypes.Unit.UnitTestAdapter, Microsoft.VisualStudio.QualityTools.Tips.UnitTest.Adapter, Version=10.0.0.0, Culture=neutral, PublicKeyToken=b03f5f7f11d50a3a" className="TicTacToeTests.BoardManagerTest, TicTacToeTests, Version=1.0.0.0, Culture=neutral, PublicKeyToken=null" name="BoardManagerConstructorTest" />
    </UnitTest>
    <UnitTest name="PresentationManagerShouldBeAbleToPromptUsers" storage="c:\users\jacob\documents\visual studio 2010\projects\ttt_classlibrary\tictactoetests\bin\debug\tictactoetests.dll" id="b69cb284-0369-ad5b-7e94-54bf0d72caea">
      <Execution id="63425d3f-a683-4cf4-a593-78cfe48ae267" />
      <TestMethod codeBase="C:/Users/Jacob/Documents/Visual Studio 2010/Projects/TTT_ClassLibrary/TicTacToeTests/bin/Debug/TicTacToeTests.DLL" adapterTypeName="Microsoft.VisualStudio.TestTools.TestTypes.Unit.UnitTestAdapter, Microsoft.VisualStudio.QualityTools.Tips.UnitTest.Adapter, Version=10.0.0.0, Culture=neutral, PublicKeyToken=b03f5f7f11d50a3a" className="TicTacToeTests.PresentationManagerTest, TicTacToeTests, Version=1.0.0.0, Culture=neutral, PublicKeyToken=null" name="PresentationManagerShouldBeAbleToPromptUsers" />
    </UnitTest>
    <UnitTest name="RewritePlayerWillRewritePlayers" storage="c:\users\jacob\documents\visual studio 2010\projects\ttt_classlibrary\tictactoetests\bin\debug\tictactoetests.dll" id="bb04a1e1-0ed0-512f-c761-9212b1c7c1c9">
      <Execution id="e548d018-c0f3-4e90-8aea-801300e32f9f" />
      <TestMethod codeBase="C:/Users/Jacob/Documents/Visual Studio 2010/Projects/TTT_ClassLibrary/TicTacToeTests/bin/Debug/TicTacToeTests.DLL" adapterTypeName="Microsoft.VisualStudio.TestTools.TestTypes.Unit.UnitTestAdapter, Microsoft.VisualStudio.QualityTools.Tips.UnitTest.Adapter, Version=10.0.0.0, Culture=neutral, PublicKeyToken=b03f5f7f11d50a3a" className="TicTacToeTests.GameManagerTest, TicTacToeTests, Version=1.0.0.0, Culture=neutral, PublicKeyToken=null" name="RewritePlayerWillRewritePlayers" />
    </UnitTest>
    <UnitTest name="AddPlayerShouldNotOverwritePlayers" storage="c:\users\jacob\documents\visual studio 2010\projects\ttt_classlibrary\tictactoetests\bin\debug\tictactoetests.dll" id="f2aa4681-e8a2-3559-dcea-89eeaa6228b3">
      <Execution id="f68f8bcd-2b92-4a07-87d4-2d4a46bbb0fd" />
      <TestMethod codeBase="C:/Users/Jacob/Documents/Visual Studio 2010/Projects/TTT_ClassLibrary/TicTacToeTests/bin/Debug/TicTacToeTests.DLL" adapterTypeName="Microsoft.VisualStudio.TestTools.TestTypes.Unit.UnitTestAdapter, Microsoft.VisualStudio.QualityTools.Tips.UnitTest.Adapter, Version=10.0.0.0, Culture=neutral, PublicKeyToken=b03f5f7f11d50a3a" className="TicTacToeTests.GameManagerTest, TicTacToeTests, Version=1.0.0.0, Culture=neutral, PublicKeyToken=null" name="AddPlayerShouldNotOverwritePlayers" />
    </UnitTest>
    <UnitTest name="LogMoveShouldLogACreatedMove" storage="c:\users\jacob\documents\visual studio 2010\projects\ttt_classlibrary\tictactoetests\bin\debug\tictactoetests.dll" id="db1abdd6-8a26-8208-2578-47bc52c7c661">
      <Execution id="e9ddaa86-d364-4f37-b75e-7062c8b35405" />
      <TestMethod codeBase="C:/Users/Jacob/Documents/Visual Studio 2010/Projects/TTT_ClassLibrary/TicTacToeTests/bin/Debug/TicTacToeTests.DLL" adapterTypeName="Microsoft.VisualStudio.TestTools.TestTypes.Unit.UnitTestAdapter, Microsoft.VisualStudio.QualityTools.Tips.UnitTest.Adapter, Version=10.0.0.0, Culture=neutral, PublicKeyToken=b03f5f7f11d50a3a" className="TicTacToeTests.BoardManagerTest, TicTacToeTests, Version=1.0.0.0, Culture=neutral, PublicKeyToken=null" name="LogMoveShouldLogACreatedMove" />
    </UnitTest>
    <UnitTest name="BoardManagerShouldKnowIfThereIsATie" storage="c:\users\jacob\documents\visual studio 2010\projects\ttt_classlibrary\tictactoetests\bin\debug\tictactoetests.dll" id="354fc1c2-7826-3d91-15c2-47a7701dfa6c">
      <Execution id="3f2373ce-14ed-45cd-bcda-8dacd63c7188" />
      <TestMethod codeBase="C:/Users/Jacob/Documents/Visual Studio 2010/Projects/TTT_ClassLibrary/TicTacToeTests/bin/Debug/TicTacToeTests.DLL" adapterTypeName="Microsoft.VisualStudio.TestTools.TestTypes.Unit.UnitTestAdapter, Microsoft.VisualStudio.QualityTools.Tips.UnitTest.Adapter, Version=10.0.0.0, Culture=neutral, PublicKeyToken=b03f5f7f11d50a3a" className="TicTacToeTests.BoardCheckerTest, TicTacToeTests, Version=1.0.0.0, Culture=neutral, PublicKeyToken=null" name="BoardManagerShouldKnowIfThereIsATie" />
    </UnitTest>
    <UnitTest name="GetRandomMoveShouldReturnARandomMoveFromAvailableSpaces" storage="c:\users\jacob\documents\visual studio 2010\projects\ttt_classlibrary\tictactoetests\bin\debug\tictactoetests.dll" id="3acbb4e3-a054-f565-e60a-1a68c1f94e42">
      <Execution id="20583348-cb4f-4368-9d97-6796ed9a23e9" />
      <TestMethod codeBase="C:/Users/Jacob/Documents/Visual Studio 2010/Projects/TTT_ClassLibrary/TicTacToeTests/bin/Debug/TicTacToeTests.DLL" adapterTypeName="Microsoft.VisualStudio.TestTools.TestTypes.Unit.UnitTestAdapter, Microsoft.VisualStudio.QualityTools.Tips.UnitTest.Adapter, Version=10.0.0.0, Culture=neutral, PublicKeyToken=b03f5f7f11d50a3a" className="TicTacToeTests.ComputerAITest, TicTacToeTests, Version=1.0.0.0, Culture=neutral, PublicKeyToken=null" name="GetRandomMoveShouldReturnARandomMoveFromAvailableSpaces" />
    </UnitTest>
    <UnitTest name="AddPlayerWontInputMoreThanTwoPlayers" storage="c:\users\jacob\documents\visual studio 2010\projects\ttt_classlibrary\tictactoetests\bin\debug\tictactoetests.dll" id="db7399d8-b7da-da9e-e818-08fb895767ed">
      <Execution id="af892e20-4f98-4107-b0e2-8b90a5973547" />
      <TestMethod codeBase="C:/Users/Jacob/Documents/Visual Studio 2010/Projects/TTT_ClassLibrary/TicTacToeTests/bin/Debug/TicTacToeTests.DLL" adapterTypeName="Microsoft.VisualStudio.TestTools.TestTypes.Unit.UnitTestAdapter, Microsoft.VisualStudio.QualityTools.Tips.UnitTest.Adapter, Version=10.0.0.0, Culture=neutral, PublicKeyToken=b03f5f7f11d50a3a" className="TicTacToeTests.GameManagerTest, TicTacToeTests, Version=1.0.0.0, Culture=neutral, PublicKeyToken=null" name="AddPlayerWontInputMoreThanTwoPlayers" />
    </UnitTest>
    <UnitTest name="CreateNewBoardShouldCreateA3x3TTTBoard" storage="c:\users\jacob\documents\visual studio 2010\projects\ttt_classlibrary\tictactoetests\bin\debug\tictactoetests.dll" id="c08bc9e4-6f3f-c8c1-4824-e6ff27ed7b61">
      <Execution id="d59a89c3-4ea3-460d-9c9c-3ab97e99b1b7" />
      <TestMethod codeBase="C:/Users/Jacob/Documents/Visual Studio 2010/Projects/TTT_ClassLibrary/TicTacToeTests/bin/Debug/TicTacToeTests.DLL" adapterTypeName="Microsoft.VisualStudio.TestTools.TestTypes.Unit.UnitTestAdapter, Microsoft.VisualStudio.QualityTools.Tips.UnitTest.Adapter, Version=10.0.0.0, Culture=neutral, PublicKeyToken=b03f5f7f11d50a3a" className="TicTacToeTests.BoardManagerTest, TicTacToeTests, Version=1.0.0.0, Culture=neutral, PublicKeyToken=null" name="CreateNewBoardShouldCreateA3x3TTTBoard" />
    </UnitTest>
    <UnitTest name="PresentationManagerShouldBeAbleToPrintTheBoard" storage="c:\users\jacob\documents\visual studio 2010\projects\ttt_classlibrary\tictactoetests\bin\debug\tictactoetests.dll" id="6bab6699-9713-b238-5a17-ef14efca37b0">
      <Execution id="1f2be1eb-9bb3-41ac-8dfa-17502e314d02" />
      <TestMethod codeBase="C:/Users/Jacob/Documents/Visual Studio 2010/Projects/TTT_ClassLibrary/TicTacToeTests/bin/Debug/TicTacToeTests.DLL" adapterTypeName="Microsoft.VisualStudio.TestTools.TestTypes.Unit.UnitTestAdapter, Microsoft.VisualStudio.QualityTools.Tips.UnitTest.Adapter, Version=10.0.0.0, Culture=neutral, PublicKeyToken=b03f5f7f11d50a3a" className="TicTacToeTests.PresentationManagerTest, TicTacToeTests, Version=1.0.0.0, Culture=neutral, PublicKeyToken=null" name="PresentationManagerShouldBeAbleToPrintTheBoard" />
    </UnitTest>
    <UnitTest name="ConstructorShouldDefaultToX" storage="c:\users\jacob\documents\visual studio 2010\projects\ttt_classlibrary\tictactoetests\bin\debug\tictactoetests.dll" id="5796ba2d-0a22-8ee9-5ec5-effdc2680ab5">
      <Execution id="a3675b71-d511-48f9-a4bc-6357dea2bb07" />
      <TestMethod codeBase="C:/Users/Jacob/Documents/Visual Studio 2010/Projects/TTT_ClassLibrary/TicTacToeTests/bin/Debug/TicTacToeTests.DLL" adapterTypeName="Microsoft.VisualStudio.TestTools.TestTypes.Unit.UnitTestAdapter, Microsoft.VisualStudio.QualityTools.Tips.UnitTest.Adapter, Version=10.0.0.0, Culture=neutral, PublicKeyToken=b03f5f7f11d50a3a" className="TicTacToeTests.HumanPlayerTest, TicTacToeTests, Version=1.0.0.0, Culture=neutral, PublicKeyToken=null" name="ConstructorShouldDefaultToX" />
    </UnitTest>
    <UnitTest name="ResetGameShouldBlankAllValues" storage="c:\users\jacob\documents\visual studio 2010\projects\ttt_classlibrary\tictactoetests\bin\debug\tictactoetests.dll" id="68d6228a-c903-a814-d151-c827e904e5ee">
      <Execution id="f1479c8e-81e4-4eac-b8c6-54fdfcd7d5ca" />
      <TestMethod codeBase="C:/Users/Jacob/Documents/Visual Studio 2010/Projects/TTT_ClassLibrary/TicTacToeTests/bin/Debug/TicTacToeTests.DLL" adapterTypeName="Microsoft.VisualStudio.TestTools.TestTypes.Unit.UnitTestAdapter, Microsoft.VisualStudio.QualityTools.Tips.UnitTest.Adapter, Version=10.0.0.0, Culture=neutral, PublicKeyToken=b03f5f7f11d50a3a" className="TicTacToeTests.GameManagerTest, TicTacToeTests, Version=1.0.0.0, Culture=neutral, PublicKeyToken=null" name="ResetGameShouldBlankAllValues" />
    </UnitTest>
    <UnitTest name="CheckForWinShouldReturnTrueIfThereAreThreeXsInARow" storage="c:\users\jacob\documents\visual studio 2010\projects\ttt_classlibrary\tictactoetests\bin\debug\tictactoetests.dll" id="1b98b33c-61f0-f856-5cfb-9b08461064bb">
      <Execution id="fa34b739-2cf8-4486-a48b-ee4b6f1e88a1" />
      <TestMethod codeBase="C:/Users/Jacob/Documents/Visual Studio 2010/Projects/TTT_ClassLibrary/TicTacToeTests/bin/Debug/TicTacToeTests.DLL" adapterTypeName="Microsoft.VisualStudio.TestTools.TestTypes.Unit.UnitTestAdapter, Microsoft.VisualStudio.QualityTools.Tips.UnitTest.Adapter, Version=10.0.0.0, Culture=neutral, PublicKeyToken=b03f5f7f11d50a3a" className="TicTacToeTests.BoardCheckerTest, TicTacToeTests, Version=1.0.0.0, Culture=neutral, PublicKeyToken=null" name="CheckForWinShouldReturnTrueIfThereAreThreeXsInARow" />
    </UnitTest>
    <UnitTest name="ShouldBeAbleToCreatePlayersForO" storage="c:\users\jacob\documents\visual studio 2010\projects\ttt_classlibrary\tictactoetests\bin\debug\tictactoetests.dll" id="4b28711c-31b6-7bcd-ac1e-7cb151c1f762">
      <Execution id="a42067eb-184a-4421-9b33-1d11619b5911" />
      <TestMethod codeBase="C:/Users/Jacob/Documents/Visual Studio 2010/Projects/TTT_ClassLibrary/TicTacToeTests/bin/Debug/TicTacToeTests.DLL" adapterTypeName="Microsoft.VisualStudio.TestTools.TestTypes.Unit.UnitTestAdapter, Microsoft.VisualStudio.QualityTools.Tips.UnitTest.Adapter, Version=10.0.0.0, Culture=neutral, PublicKeyToken=b03f5f7f11d50a3a" className="TicTacToeTests.HumanPlayerTest, TicTacToeTests, Version=1.0.0.0, Culture=neutral, PublicKeyToken=null" name="ShouldBeAbleToCreatePlayersForO" />
    </UnitTest>
    <UnitTest name="ShouldBeAbleToAddPlayers" storage="c:\users\jacob\documents\visual studio 2010\projects\ttt_classlibrary\tictactoetests\bin\debug\tictactoetests.dll" id="2fb179ef-4504-2dd9-3066-c0813b2763f9">
      <Execution id="68976ce9-b69c-4e54-abd8-43e23e66a810" />
      <TestMethod codeBase="C:/Users/Jacob/Documents/Visual Studio 2010/Projects/TTT_ClassLibrary/TicTacToeTests/bin/Debug/TicTacToeTests.DLL" adapterTypeName="Microsoft.VisualStudio.TestTools.TestTypes.Unit.UnitTestAdapter, Microsoft.VisualStudio.QualityTools.Tips.UnitTest.Adapter, Version=10.0.0.0, Culture=neutral, PublicKeyToken=b03f5f7f11d50a3a" className="TicTacToeTests.GameManagerTest, TicTacToeTests, Version=1.0.0.0, Culture=neutral, PublicKeyToken=null" name="ShouldBeAbleToAddPlayers" />
    </UnitTest>
    <UnitTest name="ComputerAIConstructorTest" storage="c:\users\jacob\documents\visual studio 2010\projects\ttt_classlibrary\tictactoetests\bin\debug\tictactoetests.dll" id="c6a92652-6ab0-4762-625e-de206ba4d88a">
      <Execution id="c4ad64a7-cabc-49e0-92ce-5d743763e02e" />
      <TestMethod codeBase="C:/Users/Jacob/Documents/Visual Studio 2010/Projects/TTT_ClassLibrary/TicTacToeTests/bin/Debug/TicTacToeTests.DLL" adapterTypeName="Microsoft.VisualStudio.TestTools.TestTypes.Unit.UnitTestAdapter, Microsoft.VisualStudio.QualityTools.Tips.UnitTest.Adapter, Version=10.0.0.0, Culture=neutral, PublicKeyToken=b03f5f7f11d50a3a" className="TicTacToeTests.ComputerAITest, TicTacToeTests, Version=1.0.0.0, Culture=neutral, PublicKeyToken=null" name="ComputerAIConstructorTest" />
    </UnitTest>
  </TestDefinitions>
  <TestLists>
    <TestList name="Results Not in a List" id="8c84fa94-04c1-424b-9868-57a2d4851a1d" />
    <TestList name="All Loaded Results" id="19431567-8539-422a-85d7-44ee4e166bda" />
  </TestLists>
  <TestEntries>
    <TestEntry testId="db7399d8-b7da-da9e-e818-08fb895767ed" executionId="af892e20-4f98-4107-b0e2-8b90a5973547" testListId="8c84fa94-04c1-424b-9868-57a2d4851a1d" />
    <TestEntry testId="5796ba2d-0a22-8ee9-5ec5-effdc2680ab5" executionId="a3675b71-d511-48f9-a4bc-6357dea2bb07" testListId="8c84fa94-04c1-424b-9868-57a2d4851a1d" />
    <TestEntry testId="4b28711c-31b6-7bcd-ac1e-7cb151c1f762" executionId="a42067eb-184a-4421-9b33-1d11619b5911" testListId="8c84fa94-04c1-424b-9868-57a2d4851a1d" />
    <TestEntry testId="ea9109d1-cfd5-b393-d92e-68a1e9993c21" executionId="ba2a835f-8e97-411c-8806-5d0fb7f4a1ad" testListId="8c84fa94-04c1-424b-9868-57a2d4851a1d" />
    <TestEntry testId="0aff7c26-8441-3caa-a0cf-bf0199fb6a21" executionId="51dba847-69cf-418a-8cc4-7162039d89ac" testListId="8c84fa94-04c1-424b-9868-57a2d4851a1d" />
    <TestEntry testId="1b98b33c-61f0-f856-5cfb-9b08461064bb" executionId="fa34b739-2cf8-4486-a48b-ee4b6f1e88a1" testListId="8c84fa94-04c1-424b-9868-57a2d4851a1d" />
    <TestEntry testId="b08a02be-4559-72f5-e8c7-6494703ef624" executionId="9873682e-2dd8-4866-b933-c48d2b0b5c2b" testListId="8c84fa94-04c1-424b-9868-57a2d4851a1d" />
    <TestEntry testId="ce84697a-d830-63f0-40aa-89c3346e8066" executionId="6791401b-5f94-4e56-8885-b722621a9069" testListId="8c84fa94-04c1-424b-9868-57a2d4851a1d" />
    <TestEntry testId="db1abdd6-8a26-8208-2578-47bc52c7c661" executionId="e9ddaa86-d364-4f37-b75e-7062c8b35405" testListId="8c84fa94-04c1-424b-9868-57a2d4851a1d" />
    <TestEntry testId="c08bc9e4-6f3f-c8c1-4824-e6ff27ed7b61" executionId="d59a89c3-4ea3-460d-9c9c-3ab97e99b1b7" testListId="8c84fa94-04c1-424b-9868-57a2d4851a1d" />
    <TestEntry testId="b69cb284-0369-ad5b-7e94-54bf0d72caea" executionId="63425d3f-a683-4cf4-a593-78cfe48ae267" testListId="8c84fa94-04c1-424b-9868-57a2d4851a1d" />
    <TestEntry testId="6bab6699-9713-b238-5a17-ef14efca37b0" executionId="1f2be1eb-9bb3-41ac-8dfa-17502e314d02" testListId="8c84fa94-04c1-424b-9868-57a2d4851a1d" />
    <TestEntry testId="2fb179ef-4504-2dd9-3066-c0813b2763f9" executionId="68976ce9-b69c-4e54-abd8-43e23e66a810" testListId="8c84fa94-04c1-424b-9868-57a2d4851a1d" />
    <TestEntry testId="68d6228a-c903-a814-d151-c827e904e5ee" executionId="f1479c8e-81e4-4eac-b8c6-54fdfcd7d5ca" testListId="8c84fa94-04c1-424b-9868-57a2d4851a1d" />
    <TestEntry testId="bb04a1e1-0ed0-512f-c761-9212b1c7c1c9" executionId="e548d018-c0f3-4e90-8aea-801300e32f9f" testListId="8c84fa94-04c1-424b-9868-57a2d4851a1d" />
    <TestEntry testId="c2210559-7aa9-6b77-1dbd-3c95dc8dcdd8" executionId="3d0d89a0-f976-47e7-894c-32dfe6839498" testListId="8c84fa94-04c1-424b-9868-57a2d4851a1d" />
    <TestEntry testId="f2aa4681-e8a2-3559-dcea-89eeaa6228b3" executionId="f68f8bcd-2b92-4a07-87d4-2d4a46bbb0fd" testListId="8c84fa94-04c1-424b-9868-57a2d4851a1d" />
    <TestEntry testId="6c8d9547-9cf5-ce30-f528-0d7f7a2b20ed" executionId="3e27a389-0f41-408a-b9ca-d50a05a7b325" testListId="8c84fa94-04c1-424b-9868-57a2d4851a1d" />
    <TestEntry testId="c6a92652-6ab0-4762-625e-de206ba4d88a" executionId="c4ad64a7-cabc-49e0-92ce-5d743763e02e" testListId="8c84fa94-04c1-424b-9868-57a2d4851a1d" />
    <TestEntry testId="3acbb4e3-a054-f565-e60a-1a68c1f94e42" executionId="20583348-cb4f-4368-9d97-6796ed9a23e9" testListId="8c84fa94-04c1-424b-9868-57a2d4851a1d" />
    <TestEntry testId="354fc1c2-7826-3d91-15c2-47a7701dfa6c" executionId="3f2373ce-14ed-45cd-bcda-8dacd63c7188" testListId="8c84fa94-04c1-424b-9868-57a2d4851a1d" />
  </TestEntries>
  <Results>
    <UnitTestResult executionId="af892e20-4f98-4107-b0e2-8b90a5973547" testId="db7399d8-b7da-da9e-e818-08fb895767ed" testName="AddPlayerWontInputMoreThanTwoPlayers" computerName="MANTA" duration="00:00:00.0114773" startTime="2014-02-05T10:55:26.5747408-06:00" endTime="2014-02-05T10:55:26.7078345-06:00" testType="13cdc9d9-ddb5-4fa4-a97d-d965ccfc6d4b" outcome="Passed" testListId="8c84fa94-04c1-424b-9868-57a2d4851a1d" relativeResultsDirectory="af892e20-4f98-4107-b0e2-8b90a5973547">
    </UnitTestResult>
    <UnitTestResult executionId="a3675b71-d511-48f9-a4bc-6357dea2bb07" testId="5796ba2d-0a22-8ee9-5ec5-effdc2680ab5" testName="ConstructorShouldDefaultToX" computerName="MANTA" duration="00:00:00.0002647" startTime="2014-02-05T10:55:26.7088360-06:00" endTime="2014-02-05T10:55:26.7108383-06:00" testType="13cdc9d9-ddb5-4fa4-a97d-d965ccfc6d4b" outcome="Passed" testListId="8c84fa94-04c1-424b-9868-57a2d4851a1d" relativeResultsDirectory="a3675b71-d511-48f9-a4bc-6357dea2bb07">
    </UnitTestResult>
    <UnitTestResult executionId="a42067eb-184a-4421-9b33-1d11619b5911" testId="4b28711c-31b6-7bcd-ac1e-7cb151c1f762" testName="ShouldBeAbleToCreatePlayersForO" computerName="MANTA" duration="00:00:00.0001308" startTime="2014-02-05T10:55:26.7118382-06:00" endTime="2014-02-05T10:55:26.7148403-06:00" testType="13cdc9d9-ddb5-4fa4-a97d-d965ccfc6d4b" outcome="Passed" testListId="8c84fa94-04c1-424b-9868-57a2d4851a1d" relativeResultsDirectory="a42067eb-184a-4421-9b33-1d11619b5911">
    </UnitTestResult>
    <UnitTestResult executionId="ba2a835f-8e97-411c-8806-5d0fb7f4a1ad" testId="ea9109d1-cfd5-b393-d92e-68a1e9993c21" testName="GameManagerFullConstructorTest" computerName="MANTA" duration="00:00:00.0002908" startTime="2014-02-05T10:55:26.7158406-06:00" endTime="2014-02-05T10:55:26.7178424-06:00" testType="13cdc9d9-ddb5-4fa4-a97d-d965ccfc6d4b" outcome="Passed" testListId="8c84fa94-04c1-424b-9868-57a2d4851a1d" relativeResultsDirectory="ba2a835f-8e97-411c-8806-5d0fb7f4a1ad">
    </UnitTestResult>
    <UnitTestResult executionId="51dba847-69cf-418a-8cc4-7162039d89ac" testId="0aff7c26-8441-3caa-a0cf-bf0199fb6a21" testName="MakeMoveShouldMakeACreatedMove" computerName="MANTA" duration="00:00:00.0004229" startTime="2014-02-05T10:55:26.7188427-06:00" endTime="2014-02-05T10:55:26.7218457-06:00" testType="13cdc9d9-ddb5-4fa4-a97d-d965ccfc6d4b" outcome="Passed" testListId="8c84fa94-04c1-424b-9868-57a2d4851a1d" relativeResultsDirectory="51dba847-69cf-418a-8cc4-7162039d89ac">
    </UnitTestResult>
    <UnitTestResult executionId="fa34b739-2cf8-4486-a48b-ee4b6f1e88a1" testId="1b98b33c-61f0-f856-5cfb-9b08461064bb" testName="CheckForWinShouldReturnTrueIfThereAreThreeXsInARow" computerName="MANTA" duration="00:00:00.0012718" startTime="2014-02-05T10:55:26.7228464-06:00" endTime="2014-02-05T10:55:26.7268488-06:00" testType="13cdc9d9-ddb5-4fa4-a97d-d965ccfc6d4b" outcome="Passed" testListId="8c84fa94-04c1-424b-9868-57a2d4851a1d" relativeResultsDirectory="fa34b739-2cf8-4486-a48b-ee4b6f1e88a1">
    </UnitTestResult>
    <UnitTestResult executionId="9873682e-2dd8-4866-b933-c48d2b0b5c2b" testId="b08a02be-4559-72f5-e8c7-6494703ef624" testName="ShouldNotBeAbleToMakeTwoPlayersWithIdenticalIdentities" computerName="MANTA" duration="00:00:00.0003793" startTime="2014-02-05T10:55:26.7268488-06:00" endTime="2014-02-05T10:55:26.7298501-06:00" testType="13cdc9d9-ddb5-4fa4-a97d-d965ccfc6d4b" outcome="Passed" testListId="8c84fa94-04c1-424b-9868-57a2d4851a1d" relativeResultsDirectory="9873682e-2dd8-4866-b933-c48d2b0b5c2b">
    </UnitTestResult>
    <UnitTestResult executionId="6791401b-5f94-4e56-8885-b722621a9069" testId="ce84697a-d830-63f0-40aa-89c3346e8066" testName="CheckForWinShouldReturnTrueIfThereAreThreeOsInARow" computerName="MANTA" duration="00:00:00.0007364" startTime="2014-02-05T10:55:26.7308516-06:00" endTime="2014-02-05T10:55:26.7338537-06:00" testType="13cdc9d9-ddb5-4fa4-a97d-d965ccfc6d4b" outcome="Passed" testListId="8c84fa94-04c1-424b-9868-57a2d4851a1d" relativeResultsDirectory="6791401b-5f94-4e56-8885-b722621a9069">
    </UnitTestResult>
    <UnitTestResult executionId="e9ddaa86-d364-4f37-b75e-7062c8b35405" testId="db1abdd6-8a26-8208-2578-47bc52c7c661" testName="LogMoveShouldLogACreatedMove" computerName="MANTA" duration="00:00:00.0002497" startTime="2014-02-05T10:55:26.7348540-06:00" endTime="2014-02-05T10:55:26.7378561-06:00" testType="13cdc9d9-ddb5-4fa4-a97d-d965ccfc6d4b" outcome="Passed" testListId="8c84fa94-04c1-424b-9868-57a2d4851a1d" relativeResultsDirectory="e9ddaa86-d364-4f37-b75e-7062c8b35405">
    </UnitTestResult>
    <UnitTestResult executionId="d59a89c3-4ea3-460d-9c9c-3ab97e99b1b7" testId="c08bc9e4-6f3f-c8c1-4824-e6ff27ed7b61" testName="CreateNewBoardShouldCreateA3x3TTTBoard" computerName="MANTA" duration="00:00:00.0002206" startTime="2014-02-05T10:55:26.7388569-06:00" endTime="2014-02-05T10:55:26.7408583-06:00" testType="13cdc9d9-ddb5-4fa4-a97d-d965ccfc6d4b" outcome="Passed" testListId="8c84fa94-04c1-424b-9868-57a2d4851a1d" relativeResultsDirectory="d59a89c3-4ea3-460d-9c9c-3ab97e99b1b7">
    </UnitTestResult>
    <UnitTestResult executionId="63425d3f-a683-4cf4-a593-78cfe48ae267" testId="b69cb284-0369-ad5b-7e94-54bf0d72caea" testName="PresentationManagerShouldBeAbleToPromptUsers" computerName="MANTA" duration="00:00:00.0004430" startTime="2014-02-05T10:55:26.7418590-06:00" endTime="2014-02-05T10:55:26.7448615-06:00" testType="13cdc9d9-ddb5-4fa4-a97d-d965ccfc6d4b" outcome="Passed" testListId="8c84fa94-04c1-424b-9868-57a2d4851a1d" relativeResultsDirectory="63425d3f-a683-4cf4-a593-78cfe48ae267">
      <Output>
        <StdOut>Choose a mode:</StdOut>
      </Output>
    </UnitTestResult>
    <UnitTestResult executionId="1f2be1eb-9bb3-41ac-8dfa-17502e314d02" testId="6bab6699-9713-b238-5a17-ef14efca37b0" testName="PresentationManagerShouldBeAbleToPrintTheBoard" computerName="MANTA" duration="00:00:00.0005756" startTime="2014-02-05T10:55:26.7458618-06:00" endTime="2014-02-05T10:55:26.7488635-06:00" testType="13cdc9d9-ddb5-4fa4-a97d-d965ccfc6d4b" outcome="Passed" testListId="8c84fa94-04c1-424b-9868-57a2d4851a1d" relativeResultsDirectory="1f2be1eb-9bb3-41ac-8dfa-17502e314d02">
      <Output>
        <StdOut>[ ][ ][ ]
[ ][ ][ ]
[ ][ ][ ]
[ ][ ][ ]
[ ][X][ ]
[ ][ ][ ]
[O][ ][ ]
[ ][X][ ]
[ ][ ][ ]
[O][ ][X]
[ ][X][ ]
[ ][ ][ ]
[O][ ][X]
[ ][X][ ]
[O][ ][ ]</StdOut>
      </Output>
    </UnitTestResult>
    <UnitTestResult executionId="68976ce9-b69c-4e54-abd8-43e23e66a810" testId="2fb179ef-4504-2dd9-3066-c0813b2763f9" testName="ShouldBeAbleToAddPlayers" computerName="MANTA" duration="00:00:00.0001680" startTime="2014-02-05T10:55:26.7498655-06:00" endTime="2014-02-05T10:55:26.7518661-06:00" testType="13cdc9d9-ddb5-4fa4-a97d-d965ccfc6d4b" outcome="Passed" testListId="8c84fa94-04c1-424b-9868-57a2d4851a1d" relativeResultsDirectory="68976ce9-b69c-4e54-abd8-43e23e66a810">
    </UnitTestResult>
    <UnitTestResult executionId="f1479c8e-81e4-4eac-b8c6-54fdfcd7d5ca" testId="68d6228a-c903-a814-d151-c827e904e5ee" testName="ResetGameShouldBlankAllValues" computerName="MANTA" duration="00:00:00.0003117" startTime="2014-02-05T10:55:26.7528663-06:00" endTime="2014-02-05T10:55:26.7568700-06:00" testType="13cdc9d9-ddb5-4fa4-a97d-d965ccfc6d4b" outcome="Passed" testListId="8c84fa94-04c1-424b-9868-57a2d4851a1d" relativeResultsDirectory="f1479c8e-81e4-4eac-b8c6-54fdfcd7d5ca">
    </UnitTestResult>
    <UnitTestResult executionId="e548d018-c0f3-4e90-8aea-801300e32f9f" testId="bb04a1e1-0ed0-512f-c761-9212b1c7c1c9" testName="RewritePlayerWillRewritePlayers" computerName="MANTA" duration="00:00:00.0002027" startTime="2014-02-05T10:55:26.7568700-06:00" endTime="2014-02-05T10:55:26.7598717-06:00" testType="13cdc9d9-ddb5-4fa4-a97d-d965ccfc6d4b" outcome="Passed" testListId="8c84fa94-04c1-424b-9868-57a2d4851a1d" relativeResultsDirectory="e548d018-c0f3-4e90-8aea-801300e32f9f">
    </UnitTestResult>
    <UnitTestResult executionId="3d0d89a0-f976-47e7-894c-32dfe6839498" testId="c2210559-7aa9-6b77-1dbd-3c95dc8dcdd8" testName="GameManagerEmptyConstructorTest" computerName="MANTA" duration="00:00:00.0000949" startTime="2014-02-05T10:55:26.7598717-06:00" endTime="2014-02-05T10:55:26.7628738-06:00" testType="13cdc9d9-ddb5-4fa4-a97d-d965ccfc6d4b" outcome="Passed" testListId="8c84fa94-04c1-424b-9868-57a2d4851a1d" relativeResultsDirectory="3d0d89a0-f976-47e7-894c-32dfe6839498">
    </UnitTestResult>
    <UnitTestResult executionId="f68f8bcd-2b92-4a07-87d4-2d4a46bbb0fd" testId="f2aa4681-e8a2-3559-dcea-89eeaa6228b3" testName="AddPlayerShouldNotOverwritePlayers" computerName="MANTA" duration="00:00:00.0001586" startTime="2014-02-05T10:55:26.7638745-06:00" endTime="2014-02-05T10:55:26.7658760-06:00" testType="13cdc9d9-ddb5-4fa4-a97d-d965ccfc6d4b" outcome="Passed" testListId="8c84fa94-04c1-424b-9868-57a2d4851a1d" relativeResultsDirectory="f68f8bcd-2b92-4a07-87d4-2d4a46bbb0fd">
    </UnitTestResult>
    <UnitTestResult executionId="3e27a389-0f41-408a-b9ca-d50a05a7b325" testId="6c8d9547-9cf5-ce30-f528-0d7f7a2b20ed" testName="BoardManagerConstructorTest" computerName="MANTA" duration="00:00:00.0000945" startTime="2014-02-05T10:55:26.7668767-06:00" endTime="2014-02-05T10:55:26.7688789-06:00" testType="13cdc9d9-ddb5-4fa4-a97d-d965ccfc6d4b" outcome="Passed" testListId="8c84fa94-04c1-424b-9868-57a2d4851a1d" relativeResultsDirectory="3e27a389-0f41-408a-b9ca-d50a05a7b325">
    </UnitTestResult>
    <UnitTestResult executionId="c4ad64a7-cabc-49e0-92ce-5d743763e02e" testId="c6a92652-6ab0-4762-625e-de206ba4d88a" testName="ComputerAIConstructorTest" computerName="MANTA" duration="00:00:00.0180341" startTime="2014-02-05T10:55:26.7698792-06:00" endTime="2014-02-05T10:55:26.7908954-06:00" testType="13cdc9d9-ddb5-4fa4-a97d-d965ccfc6d4b" outcome="Failed" testListId="8c84fa94-04c1-424b-9868-57a2d4851a1d" relativeResultsDirectory="c4ad64a7-cabc-49e0-92ce-5d743763e02e">
      <Output>
        <ErrorInfo>
          <Message>CollectionAssert.AreEqual failed. ()</Message>
          <StackTrace>   at TicTacToeTests.ComputerAITest.ComputerAIConstructorTest() in C:\Users\Jacob\Documents\Visual Studio 2010\Projects\TTT_ClassLibrary\TicTacToeTests\ComputerAITest.cs:line 71
</StackTrace>
        </ErrorInfo>
      </Output>
    </UnitTestResult>
    <UnitTestResult executionId="20583348-cb4f-4368-9d97-6796ed9a23e9" testId="3acbb4e3-a054-f565-e60a-1a68c1f94e42" testName="GetRandomMoveShouldReturnARandomMoveFromAvailableSpaces" computerName="MANTA" duration="00:00:00.0006256" startTime="2014-02-05T10:55:26.7908954-06:00" endTime="2014-02-05T10:55:26.7938958-06:00" testType="13cdc9d9-ddb5-4fa4-a97d-d965ccfc6d4b" outcome="Passed" testListId="8c84fa94-04c1-424b-9868-57a2d4851a1d" relativeResultsDirectory="20583348-cb4f-4368-9d97-6796ed9a23e9">
    </UnitTestResult>
    <UnitTestResult executionId="3f2373ce-14ed-45cd-bcda-8dacd63c7188" testId="354fc1c2-7826-3d91-15c2-47a7701dfa6c" testName="BoardManagerShouldKnowIfThereIsATie" computerName="MANTA" duration="00:00:00.0004994" startTime="2014-02-05T10:55:26.7948965-06:00" endTime="2014-02-05T10:55:26.7978995-06:00" testType="13cdc9d9-ddb5-4fa4-a97d-d965ccfc6d4b" outcome="Passed" testListId="8c84fa94-04c1-424b-9868-57a2d4851a1d" relativeResultsDirectory="3f2373ce-14ed-45cd-bcda-8dacd63c7188">
    </UnitTestResult>
  </Results>
</TestRun>